SF:/home/rogerio/Projetos/rust/deboa/deboa-macros/src/actions/delete.rs
FN:13,_RNvXNtNtCs5HGOEHBYbis_12deboa_macros7actions6deleteNtB2_10DeleteArgsNtNtCsfrZgI1k1e9D_3syn5parse5Parse5parse
FNDA:0,_RNvXNtNtCs5HGOEHBYbis_12deboa_macros7actions6deleteNtB2_10DeleteArgsNtNtCsfrZgI1k1e9D_3syn5parse5Parse5parse
FNF:1
FNH:0
DA:13,0
DA:14,0
DA:15,0
DA:16,0
DA:19,0
DA:20,0
DA:21,0
DA:24,0
DA:25,0
DA:26,0
DA:28,0
DA:29,0
DA:30,0
DA:31,0
DA:32,0
DA:34,0
DA:35,0
DA:36,0
DA:37,0
DA:38,0
DA:40,0
DA:41,0
DA:42,0
DA:43,0
DA:44,0
DA:47,0
DA:48,0
DA:49,0
DA:50,0
DA:55,0
DA:56,0
DA:57,0
DA:60,0
DA:61,0
BRF:0
BRH:0
LF:34
LH:0
end_of_record
SF:/home/rogerio/Projetos/rust/deboa/deboa-macros/src/actions/get.rs
FN:15,_RNvXNtNtCs5HGOEHBYbis_12deboa_macros7actions3getNtB2_7GetArgsNtNtCsfrZgI1k1e9D_3syn5parse5Parse5parse
FNDA:0,_RNvXNtNtCs5HGOEHBYbis_12deboa_macros7actions3getNtB2_7GetArgsNtNtCsfrZgI1k1e9D_3syn5parse5Parse5parse
FNF:1
FNH:0
DA:15,0
DA:16,0
DA:17,0
DA:18,0
DA:19,0
DA:20,0
DA:23,0
DA:24,0
DA:25,0
DA:28,0
DA:29,0
DA:30,0
DA:32,0
DA:33,0
DA:34,0
DA:35,0
DA:36,0
DA:37,0
DA:39,0
DA:40,0
DA:41,0
DA:42,0
DA:43,0
DA:44,0
DA:46,0
DA:47,0
DA:48,0
DA:49,0
DA:50,0
DA:51,0
DA:53,0
DA:54,0
DA:55,0
DA:56,0
DA:57,0
DA:58,0
DA:60,0
DA:61,0
DA:62,0
DA:63,0
DA:64,0
DA:65,0
DA:68,0
DA:72,0
DA:73,0
DA:74,0
DA:77,0
DA:78,0
BRF:0
BRH:0
LF:48
LH:0
end_of_record
SF:/home/rogerio/Projetos/rust/deboa/deboa-macros/src/actions/patch.rs
FN:17,_RNvXNtNtCs5HGOEHBYbis_12deboa_macros7actions5patchNtB2_9PatchArgsNtNtCsfrZgI1k1e9D_3syn5parse5Parse5parse
FNDA:0,_RNvXNtNtCs5HGOEHBYbis_12deboa_macros7actions5patchNtB2_9PatchArgsNtNtCsfrZgI1k1e9D_3syn5parse5Parse5parse
FNF:1
FNH:0
DA:17,0
DA:18,0
DA:19,0
DA:20,0
DA:21,0
DA:22,0
DA:23,0
DA:24,0
DA:27,0
DA:28,0
DA:29,0
DA:32,0
DA:33,0
DA:34,0
DA:36,0
DA:37,0
DA:38,0
DA:39,0
DA:40,0
DA:42,0
DA:43,0
DA:44,0
DA:45,0
DA:46,0
DA:48,0
DA:49,0
DA:50,0
DA:51,0
DA:52,0
DA:53,0
DA:54,0
DA:55,0
DA:57,0
DA:58,0
DA:59,0
DA:60,0
DA:61,0
DA:63,0
DA:64,0
DA:65,0
DA:66,0
DA:67,0
DA:69,0
DA:70,0
DA:71,0
DA:72,0
DA:73,0
DA:74,0
DA:75,0
DA:76,0
DA:78,0
DA:79,0
DA:80,0
DA:81,0
DA:82,0
DA:85,0
DA:86,0
DA:87,0
DA:88,0
DA:93,0
DA:94,0
DA:95,0
DA:98,0
DA:99,0
BRF:0
BRH:0
LF:64
LH:0
end_of_record
SF:/home/rogerio/Projetos/rust/deboa/deboa-macros/src/actions/post.rs
FN:17,_RNvXNtNtCs5HGOEHBYbis_12deboa_macros7actions4postNtB2_8PostArgsNtNtCsfrZgI1k1e9D_3syn5parse5Parse5parse
FNDA:0,_RNvXNtNtCs5HGOEHBYbis_12deboa_macros7actions4postNtB2_8PostArgsNtNtCsfrZgI1k1e9D_3syn5parse5Parse5parse
FNF:1
FNH:0
DA:17,0
DA:18,0
DA:19,0
DA:20,0
DA:21,0
DA:22,0
DA:23,0
DA:24,0
DA:27,0
DA:28,0
DA:29,0
DA:32,0
DA:33,0
DA:34,0
DA:36,0
DA:37,0
DA:38,0
DA:39,0
DA:40,0
DA:41,0
DA:43,0
DA:44,0
DA:45,0
DA:46,0
DA:47,0
DA:48,0
DA:50,0
DA:51,0
DA:52,0
DA:53,0
DA:54,0
DA:55,0
DA:57,0
DA:58,0
DA:59,0
DA:60,0
DA:61,0
DA:62,0
DA:64,0
DA:65,0
DA:66,0
DA:67,0
DA:68,0
DA:69,0
DA:71,0
DA:72,0
DA:73,0
DA:74,0
DA:75,0
DA:76,0
DA:78,0
DA:79,0
DA:80,0
DA:81,0
DA:82,0
DA:83,0
DA:86,0
DA:91,0
DA:92,0
DA:93,0
DA:96,0
DA:97,0
BRF:0
BRH:0
LF:62
LH:0
end_of_record
SF:/home/rogerio/Projetos/rust/deboa/deboa-macros/src/actions/put.rs
FN:17,_RNvXNtNtCs5HGOEHBYbis_12deboa_macros7actions3putNtB2_7PutArgsNtNtCsfrZgI1k1e9D_3syn5parse5Parse5parse
FNDA:0,_RNvXNtNtCs5HGOEHBYbis_12deboa_macros7actions3putNtB2_7PutArgsNtNtCsfrZgI1k1e9D_3syn5parse5Parse5parse
FNF:1
FNH:0
DA:17,0
DA:18,0
DA:19,0
DA:20,0
DA:21,0
DA:22,0
DA:23,0
DA:24,0
DA:27,0
DA:28,0
DA:29,0
DA:32,0
DA:33,0
DA:34,0
DA:36,0
DA:37,0
DA:38,0
DA:39,0
DA:40,0
DA:42,0
DA:43,0
DA:44,0
DA:45,0
DA:46,0
DA:48,0
DA:49,0
DA:50,0
DA:51,0
DA:52,0
DA:54,0
DA:55,0
DA:56,0
DA:57,0
DA:58,0
DA:59,0
DA:60,0
DA:61,0
DA:63,0
DA:64,0
DA:65,0
DA:66,0
DA:67,0
DA:69,0
DA:70,0
DA:71,0
DA:72,0
DA:73,0
DA:74,0
DA:75,0
DA:76,0
DA:78,0
DA:79,0
DA:80,0
DA:81,0
DA:82,0
DA:85,0
DA:86,0
DA:87,0
DA:88,0
DA:93,0
DA:94,0
DA:95,0
DA:98,0
DA:99,0
BRF:0
BRH:0
LF:64
LH:0
end_of_record
SF:/home/rogerio/Projetos/rust/deboa/deboa-macros/src/actions/submit.rs
FN:15,_RNvXNtNtCs5HGOEHBYbis_12deboa_macros7actions6submitNtB2_10SubmitArgsNtNtCsfrZgI1k1e9D_3syn5parse5Parse5parse
FNDA:0,_RNvXNtNtCs5HGOEHBYbis_12deboa_macros7actions6submitNtB2_10SubmitArgsNtNtCsfrZgI1k1e9D_3syn5parse5Parse5parse
FNF:1
FNH:0
DA:15,0
DA:16,0
DA:17,0
DA:18,0
DA:19,0
DA:20,0
DA:23,0
DA:24,0
DA:25,0
DA:28,0
DA:29,0
DA:30,0
DA:32,0
DA:33,0
DA:34,0
DA:35,0
DA:36,0
DA:38,0
DA:39,0
DA:40,0
DA:41,0
DA:42,0
DA:44,0
DA:45,0
DA:46,0
DA:47,0
DA:48,0
DA:50,0
DA:51,0
DA:52,0
DA:53,0
DA:54,0
DA:56,0
DA:57,0
DA:58,0
DA:59,0
DA:60,0
DA:63,0
DA:64,0
DA:65,0
DA:66,0
DA:71,0
DA:72,0
DA:73,0
DA:76,0
DA:77,0
BRF:0
BRH:0
LF:46
LH:0
end_of_record
SF:/home/rogerio/Projetos/rust/deboa/deboa-macros/src/lib.rs
FN:85,_RNvCs5HGOEHBYbis_12deboa_macros3get
FN:347,_RNvCs5HGOEHBYbis_12deboa_macros3put
FN:243,_RNvCs5HGOEHBYbis_12deboa_macros4post
FN:624,_RNvCs5HGOEHBYbis_12deboa_macros5fetch
FN:451,_RNvCs5HGOEHBYbis_12deboa_macros5patch
FN:540,_RNvCs5HGOEHBYbis_12deboa_macros6delete
FN:796,_RNvCs5HGOEHBYbis_12deboa_macros6stream
FN:711,_RNvCs5HGOEHBYbis_12deboa_macros6submit
FNDA:0,_RNvCs5HGOEHBYbis_12deboa_macros3get
FNDA:0,_RNvCs5HGOEHBYbis_12deboa_macros3put
FNDA:0,_RNvCs5HGOEHBYbis_12deboa_macros4post
FNDA:0,_RNvCs5HGOEHBYbis_12deboa_macros5fetch
FNDA:0,_RNvCs5HGOEHBYbis_12deboa_macros5patch
FNDA:0,_RNvCs5HGOEHBYbis_12deboa_macros6delete
FNDA:0,_RNvCs5HGOEHBYbis_12deboa_macros6stream
FNDA:0,_RNvCs5HGOEHBYbis_12deboa_macros6submit
FNF:8
FNH:0
DA:85,0
DA:86,0
DA:88,0
DA:89,0
DA:91,0
DA:92,0
DA:93,0
DA:96,0
DA:97,0
DA:99,0
DA:100,0
DA:101,0
DA:105,0
DA:106,0
DA:107,0
DA:110,0
DA:111,0
DA:112,0
DA:114,0
DA:117,0
DA:128,0
DA:129,0
DA:243,0
DA:244,0
DA:246,0
DA:247,0
DA:249,0
DA:250,0
DA:251,0
DA:254,0
DA:255,0
DA:257,0
DA:258,0
DA:259,0
DA:263,0
DA:264,0
DA:265,0
DA:268,0
DA:269,0
DA:270,0
DA:273,0
DA:274,0
DA:275,0
DA:277,0
DA:281,0
DA:293,0
DA:294,0
DA:347,0
DA:348,0
DA:350,0
DA:351,0
DA:353,0
DA:354,0
DA:355,0
DA:358,0
DA:359,0
DA:361,0
DA:362,0
DA:363,0
DA:367,0
DA:368,0
DA:369,0
DA:372,0
DA:373,0
DA:374,0
DA:377,0
DA:378,0
DA:379,0
DA:381,0
DA:385,0
DA:397,0
DA:398,0
DA:451,0
DA:452,0
DA:454,0
DA:455,0
DA:457,0
DA:458,0
DA:459,0
DA:462,0
DA:463,0
DA:465,0
DA:466,0
DA:467,0
DA:471,0
DA:472,0
DA:473,0
DA:476,0
DA:477,0
DA:478,0
DA:481,0
DA:482,0
DA:483,0
DA:485,0
DA:489,0
DA:501,0
DA:502,0
DA:540,0
DA:541,0
DA:544,0
DA:545,0
DA:547,0
DA:548,0
DA:549,0
DA:552,0
DA:553,0
DA:555,0
DA:556,0
DA:557,0
DA:561,0
DA:562,0
DA:563,0
DA:567,0
DA:577,0
DA:578,0
DA:624,0
DA:625,0
DA:628,0
DA:629,0
DA:631,0
DA:632,0
DA:633,0
DA:636,0
DA:637,0
DA:639,0
DA:640,0
DA:641,0
DA:645,0
DA:646,0
DA:647,0
DA:650,0
DA:651,0
DA:652,0
DA:654,0
DA:658,0
DA:669,0
DA:670,0
DA:711,0
DA:712,0
DA:715,0
DA:716,0
DA:718,0
DA:719,0
DA:720,0
DA:723,0
DA:724,0
DA:726,0
DA:727,0
DA:728,0
DA:731,0
DA:732,0
DA:734,0
DA:735,0
DA:736,0
DA:740,0
DA:741,0
DA:742,0
DA:745,0
DA:746,0
DA:747,0
DA:751,0
DA:762,0
DA:763,0
DA:796,0
DA:797,0
DA:800,0
DA:801,0
DA:803,0
DA:804,0
DA:805,0
DA:808,0
DA:809,0
DA:811,0
DA:812,0
DA:813,0
DA:817,0
DA:818,0
DA:819,0
DA:823,0
DA:834,0
DA:835,0
BRF:0
BRH:0
LF:181
LH:0
end_of_record
SF:/home/rogerio/Projetos/rust/deboa/deboa/src/conn.rs
FN:90,_RNvMNtCslLO7Er4BOAK_5deboa4connINtB2_23ConnectionConfigBuilderppE11certificateB4_
FN:108,_RNvMNtCslLO7Er4BOAK_5deboa4connINtB2_23ConnectionConfigBuilderppE15prior_knowledgeB4_
FN:102,_RNvMNtCslLO7Er4BOAK_5deboa4connINtB2_23ConnectionConfigBuilderppE16client_bind_addrB4_
FN:72,_RNvMNtCslLO7Er4BOAK_5deboa4connINtB2_23ConnectionConfigBuilderppE16protocol_versionB4_
FN:78,_RNvMNtCslLO7Er4BOAK_5deboa4connINtB2_23ConnectionConfigBuilderppE18connection_timeoutB4_
FN:96,_RNvMNtCslLO7Er4BOAK_5deboa4connINtB2_23ConnectionConfigBuilderppE22skip_cert_verificationB4_
FN:36,_RNvMNtCslLO7Er4BOAK_5deboa4connINtB2_23ConnectionConfigBuilderppE3newB4_
FN:60,_RNvMNtCslLO7Er4BOAK_5deboa4connINtB2_23ConnectionConfigBuilderppE4hostB4_
FN:66,_RNvMNtCslLO7Er4BOAK_5deboa4connINtB2_23ConnectionConfigBuilderppE4portB4_
FN:114,_RNvMNtCslLO7Er4BOAK_5deboa4connINtB2_23ConnectionConfigBuilderppE5buildB4_
FN:54,_RNvMNtCslLO7Er4BOAK_5deboa4connINtB2_23ConnectionConfigBuilderppE6schemeB4_
FN:84,_RNvMNtCslLO7Er4BOAK_5deboa4connINtB2_23ConnectionConfigBuilderppE8identityB4_
FN:185,_RNvMs_NtCslLO7Er4BOAK_5deboa4connINtB4_16ConnectionConfigppE11certificateB6_
FN:200,_RNvMs_NtCslLO7Er4BOAK_5deboa4connINtB4_16ConnectionConfigppE15prior_knowledgeB6_
FN:195,_RNvMs_NtCslLO7Er4BOAK_5deboa4connINtB4_16ConnectionConfigppE16client_bind_addrB6_
FN:170,_RNvMs_NtCslLO7Er4BOAK_5deboa4connINtB4_16ConnectionConfigppE16protocol_versionB6_
FN:175,_RNvMs_NtCslLO7Er4BOAK_5deboa4connINtB4_16ConnectionConfigppE18connection_timeoutB6_
FN:190,_RNvMs_NtCslLO7Er4BOAK_5deboa4connINtB4_16ConnectionConfigppE22skip_cert_verificationB6_
FN:160,_RNvMs_NtCslLO7Er4BOAK_5deboa4connINtB4_16ConnectionConfigppE4hostB6_
FN:165,_RNvMs_NtCslLO7Er4BOAK_5deboa4connINtB4_16ConnectionConfigppE4portB6_
FN:155,_RNvMs_NtCslLO7Er4BOAK_5deboa4connINtB4_16ConnectionConfigppE6schemeB6_
FN:150,_RNvMs_NtCslLO7Er4BOAK_5deboa4connINtB4_16ConnectionConfigppE7builderB6_
FN:180,_RNvMs_NtCslLO7Er4BOAK_5deboa4connINtB4_16ConnectionConfigppE8identityB6_
FNDA:0,_RNvMNtCslLO7Er4BOAK_5deboa4connINtB2_23ConnectionConfigBuilderppE11certificateB4_
FNDA:0,_RNvMNtCslLO7Er4BOAK_5deboa4connINtB2_23ConnectionConfigBuilderppE15prior_knowledgeB4_
FNDA:0,_RNvMNtCslLO7Er4BOAK_5deboa4connINtB2_23ConnectionConfigBuilderppE16client_bind_addrB4_
FNDA:0,_RNvMNtCslLO7Er4BOAK_5deboa4connINtB2_23ConnectionConfigBuilderppE16protocol_versionB4_
FNDA:0,_RNvMNtCslLO7Er4BOAK_5deboa4connINtB2_23ConnectionConfigBuilderppE18connection_timeoutB4_
FNDA:0,_RNvMNtCslLO7Er4BOAK_5deboa4connINtB2_23ConnectionConfigBuilderppE22skip_cert_verificationB4_
FNDA:0,_RNvMNtCslLO7Er4BOAK_5deboa4connINtB2_23ConnectionConfigBuilderppE3newB4_
FNDA:0,_RNvMNtCslLO7Er4BOAK_5deboa4connINtB2_23ConnectionConfigBuilderppE4hostB4_
FNDA:0,_RNvMNtCslLO7Er4BOAK_5deboa4connINtB2_23ConnectionConfigBuilderppE4portB4_
FNDA:0,_RNvMNtCslLO7Er4BOAK_5deboa4connINtB2_23ConnectionConfigBuilderppE5buildB4_
FNDA:0,_RNvMNtCslLO7Er4BOAK_5deboa4connINtB2_23ConnectionConfigBuilderppE6schemeB4_
FNDA:0,_RNvMNtCslLO7Er4BOAK_5deboa4connINtB2_23ConnectionConfigBuilderppE8identityB4_
FNDA:0,_RNvMs_NtCslLO7Er4BOAK_5deboa4connINtB4_16ConnectionConfigppE11certificateB6_
FNDA:0,_RNvMs_NtCslLO7Er4BOAK_5deboa4connINtB4_16ConnectionConfigppE15prior_knowledgeB6_
FNDA:0,_RNvMs_NtCslLO7Er4BOAK_5deboa4connINtB4_16ConnectionConfigppE16client_bind_addrB6_
FNDA:0,_RNvMs_NtCslLO7Er4BOAK_5deboa4connINtB4_16ConnectionConfigppE16protocol_versionB6_
FNDA:0,_RNvMs_NtCslLO7Er4BOAK_5deboa4connINtB4_16ConnectionConfigppE18connection_timeoutB6_
FNDA:0,_RNvMs_NtCslLO7Er4BOAK_5deboa4connINtB4_16ConnectionConfigppE22skip_cert_verificationB6_
FNDA:0,_RNvMs_NtCslLO7Er4BOAK_5deboa4connINtB4_16ConnectionConfigppE4hostB6_
FNDA:0,_RNvMs_NtCslLO7Er4BOAK_5deboa4connINtB4_16ConnectionConfigppE4portB6_
FNDA:0,_RNvMs_NtCslLO7Er4BOAK_5deboa4connINtB4_16ConnectionConfigppE6schemeB6_
FNDA:0,_RNvMs_NtCslLO7Er4BOAK_5deboa4connINtB4_16ConnectionConfigppE7builderB6_
FNDA:0,_RNvMs_NtCslLO7Er4BOAK_5deboa4connINtB4_16ConnectionConfigppE8identityB6_
FNF:23
FNH:0
DA:36,0
DA:37,0
DA:38,0
DA:39,0
DA:40,0
DA:41,0
DA:42,0
DA:43,0
DA:44,0
DA:45,0
DA:46,0
DA:47,0
DA:48,0
DA:49,0
DA:50,0
DA:51,0
DA:54,0
DA:55,0
DA:56,0
DA:57,0
DA:60,0
DA:61,0
DA:62,0
DA:63,0
DA:66,0
DA:67,0
DA:68,0
DA:69,0
DA:72,0
DA:73,0
DA:74,0
DA:75,0
DA:78,0
DA:79,0
DA:80,0
DA:81,0
DA:84,0
DA:85,0
DA:86,0
DA:87,0
DA:90,0
DA:91,0
DA:92,0
DA:93,0
DA:96,0
DA:97,0
DA:98,0
DA:99,0
DA:102,0
DA:103,0
DA:104,0
DA:105,0
DA:108,0
DA:109,0
DA:110,0
DA:111,0
DA:114,0
DA:115,0
DA:116,0
DA:117,0
DA:118,0
DA:119,0
DA:120,0
DA:121,0
DA:122,0
DA:123,0
DA:124,0
DA:125,0
DA:126,0
DA:127,0
DA:150,0
DA:151,0
DA:152,0
DA:155,0
DA:156,0
DA:157,0
DA:160,0
DA:161,0
DA:162,0
DA:165,0
DA:166,0
DA:167,0
DA:170,0
DA:171,0
DA:172,0
DA:175,0
DA:176,0
DA:177,0
DA:180,0
DA:181,0
DA:182,0
DA:185,0
DA:186,0
DA:187,0
DA:190,0
DA:191,0
DA:192,0
DA:195,0
DA:196,0
DA:197,0
DA:200,0
DA:201,0
DA:202,0
BRF:0
BRH:0
LF:103
LH:0
end_of_record
SF:/home/rogerio/Projetos/rust/deboa/deboa/src/cookie.rs
FN:201,_RNvMNtCslLO7Er4BOAK_5deboa6cookieNtB2_11DeboaCookie10set_domainB4_
FN:228,_RNvMNtCslLO7Er4BOAK_5deboa6cookieNtB2_11DeboaCookie10set_secureB4_
FN:147,_RNvMNtCslLO7Er4BOAK_5deboa6cookieNtB2_11DeboaCookie11set_expiresB4_
FN:255,_RNvMNtCslLO7Er4BOAK_5deboa6cookieNtB2_11DeboaCookie13set_http_onlyB4_
FN:271,_RNvMNtCslLO7Er4BOAK_5deboa6cookieNtB2_11DeboaCookie17parse_from_headerB4_
FN:91,_RNvMNtCslLO7Er4BOAK_5deboa6cookieNtB2_11DeboaCookie3new
FN:110,_RNvMNtCslLO7Er4BOAK_5deboa6cookieNtB2_11DeboaCookie4nameB4_
FN:159,_RNvMNtCslLO7Er4BOAK_5deboa6cookieNtB2_11DeboaCookie4pathB4_
FN:121,_RNvMNtCslLO7Er4BOAK_5deboa6cookieNtB2_11DeboaCookie5valueB4_
FN:186,_RNvMNtCslLO7Er4BOAK_5deboa6cookieNtB2_11DeboaCookie6domainB4_
FN:213,_RNvMNtCslLO7Er4BOAK_5deboa6cookieNtB2_11DeboaCookie6secureB4_
FN:132,_RNvMNtCslLO7Er4BOAK_5deboa6cookieNtB2_11DeboaCookie7expiresB4_
FN:174,_RNvMNtCslLO7Er4BOAK_5deboa6cookieNtB2_11DeboaCookie8set_pathB4_
FN:240,_RNvMNtCslLO7Er4BOAK_5deboa6cookieNtB2_11DeboaCookie9http_onlyB4_
FN:288,_RNvXs0_NtCslLO7Er4BOAK_5deboa6cookieNtB5_11DeboaCookieNtNtCsgEmfK2I1SDS_4core3fmt5Debug3fmt
FN:302,_RNvXs1_NtCslLO7Er4BOAK_5deboa6cookieNtB5_11DeboaCookieINtNtCsgEmfK2I1SDS_4core7convert4FromNtCsiS743dOP7ri_6cookie6CookieE4from
FN:330,_RNvXs2_NtCslLO7Er4BOAK_5deboa6cookieNtCsiS743dOP7ri_6cookie6CookieINtNtCsgEmfK2I1SDS_4core7convert4FromNtB5_11DeboaCookieE4from
FN:282,_RNvXs_NtCslLO7Er4BOAK_5deboa6cookieNtB4_11DeboaCookieNtNtCsgEmfK2I1SDS_4core3fmt7Display3fmt
FNDA:1,_RNvMNtCslLO7Er4BOAK_5deboa6cookieNtB2_11DeboaCookie10set_domainB4_
FNDA:1,_RNvMNtCslLO7Er4BOAK_5deboa6cookieNtB2_11DeboaCookie10set_secureB4_
FNDA:1,_RNvMNtCslLO7Er4BOAK_5deboa6cookieNtB2_11DeboaCookie11set_expiresB4_
FNDA:1,_RNvMNtCslLO7Er4BOAK_5deboa6cookieNtB2_11DeboaCookie13set_http_onlyB4_
FNDA:2,_RNvMNtCslLO7Er4BOAK_5deboa6cookieNtB2_11DeboaCookie17parse_from_headerB4_
FNDA:7,_RNvMNtCslLO7Er4BOAK_5deboa6cookieNtB2_11DeboaCookie3new
FNDA:2,_RNvMNtCslLO7Er4BOAK_5deboa6cookieNtB2_11DeboaCookie4nameB4_
FNDA:1,_RNvMNtCslLO7Er4BOAK_5deboa6cookieNtB2_11DeboaCookie4pathB4_
FNDA:2,_RNvMNtCslLO7Er4BOAK_5deboa6cookieNtB2_11DeboaCookie5valueB4_
FNDA:1,_RNvMNtCslLO7Er4BOAK_5deboa6cookieNtB2_11DeboaCookie6domainB4_
FNDA:1,_RNvMNtCslLO7Er4BOAK_5deboa6cookieNtB2_11DeboaCookie6secureB4_
FNDA:1,_RNvMNtCslLO7Er4BOAK_5deboa6cookieNtB2_11DeboaCookie7expiresB4_
FNDA:1,_RNvMNtCslLO7Er4BOAK_5deboa6cookieNtB2_11DeboaCookie8set_pathB4_
FNDA:1,_RNvMNtCslLO7Er4BOAK_5deboa6cookieNtB2_11DeboaCookie9http_onlyB4_
FNDA:0,_RNvXs0_NtCslLO7Er4BOAK_5deboa6cookieNtB5_11DeboaCookieNtNtCsgEmfK2I1SDS_4core3fmt5Debug3fmt
FNDA:2,_RNvXs1_NtCslLO7Er4BOAK_5deboa6cookieNtB5_11DeboaCookieINtNtCsgEmfK2I1SDS_4core7convert4FromNtCsiS743dOP7ri_6cookie6CookieE4from
FNDA:0,_RNvXs2_NtCslLO7Er4BOAK_5deboa6cookieNtCsiS743dOP7ri_6cookie6CookieINtNtCsgEmfK2I1SDS_4core7convert4FromNtB5_11DeboaCookieE4from
FNDA:0,_RNvXs_NtCslLO7Er4BOAK_5deboa6cookieNtB4_11DeboaCookieNtNtCsgEmfK2I1SDS_4core3fmt7Display3fmt
FNF:18
FNH:15
DA:91,7
DA:92,7
DA:93,7
DA:94,7
DA:95,7
DA:96,7
DA:97,7
DA:98,7
DA:99,7
DA:100,7
DA:101,7
DA:110,2
DA:111,2
DA:112,2
DA:121,2
DA:122,2
DA:123,2
DA:132,1
DA:133,1
DA:134,1
DA:147,1
DA:148,1
DA:149,1
DA:150,1
DA:159,1
DA:160,1
DA:161,1
DA:174,1
DA:175,1
DA:176,1
DA:177,1
DA:186,1
DA:187,1
DA:188,1
DA:201,1
DA:202,1
DA:203,1
DA:204,1
DA:213,1
DA:214,1
DA:215,1
DA:228,1
DA:229,1
DA:230,1
DA:231,1
DA:240,1
DA:241,1
DA:242,1
DA:255,1
DA:256,1
DA:257,1
DA:258,1
DA:271,2
DA:272,2
DA:273,2
DA:274,2
DA:276,0
DA:278,2
DA:282,0
DA:283,0
DA:284,0
DA:288,0
DA:289,0
DA:290,0
DA:291,0
DA:292,0
DA:293,0
DA:294,0
DA:295,0
DA:296,0
DA:297,0
DA:298,0
DA:302,2
DA:303,2
DA:304,2
DA:305,0
DA:306,2
DA:308,2
DA:309,2
DA:310,0
DA:311,2
DA:313,2
DA:314,2
DA:315,2
DA:316,2
DA:317,2
DA:318,2
DA:319,2
DA:320,2
DA:321,2
DA:322,2
DA:323,2
DA:324,2
DA:325,2
DA:326,2
DA:330,0
DA:331,0
DA:332,0
DA:333,0
DA:334,0
DA:335,0
DA:336,0
DA:337,0
DA:338,0
DA:339,0
DA:340,0
DA:341,0
DA:342,0
DA:343,0
DA:344,0
DA:345,0
DA:346,0
DA:347,0
DA:348,0
BRF:0
BRH:0
LF:114
LH:78
end_of_record
SF:/home/rogerio/Projetos/rust/deboa/deboa/src/form.rs
FN:291,_RINvMs2_NtCslLO7Er4BOAK_5deboa4formNtB6_13MultiPartForm4fileRRNtNtCsjrHSEGnQ3l9_3std4path4PathEB8_
FN:229,_RNCNvXs1_NtCslLO7Er4BOAK_5deboa4formNtB7_11EncodedFormNtB7_9DeboaForm5build0B9_
FN:207,_RNvMs0_NtCslLO7Er4BOAK_5deboa4formNtB5_11EncodedForm7builder
FN:274,_RNvMs2_NtCslLO7Er4BOAK_5deboa4formNtB5_13MultiPartForm7builderB7_
FN:313,_RNvMs2_NtCslLO7Er4BOAK_5deboa4formNtB5_13MultiPartForm8boundaryB7_
FN:214,_RNvXs1_NtCslLO7Er4BOAK_5deboa4formNtB5_11EncodedFormNtB5_9DeboaForm12content_typeB7_
FN:226,_RNvXs1_NtCslLO7Er4BOAK_5deboa4formNtB5_11EncodedFormNtB5_9DeboaForm5buildB7_
FN:219,_RNvXs1_NtCslLO7Er4BOAK_5deboa4formNtB5_11EncodedFormNtB5_9DeboaForm5fieldB7_
FN:321,_RNvXs3_NtCslLO7Er4BOAK_5deboa4formNtB5_13MultiPartFormNtB5_9DeboaForm12content_typeB7_
FN:332,_RNvXs3_NtCslLO7Er4BOAK_5deboa4formNtB5_13MultiPartFormNtB5_9DeboaForm5build
FN:326,_RNvXs3_NtCslLO7Er4BOAK_5deboa4formNtB5_13MultiPartFormNtB5_9DeboaForm5fieldB7_
FN:160,_RNvXNtCslLO7Er4BOAK_5deboa4formNtB2_4FormINtNtCsgEmfK2I1SDS_4core7convert4FromNtB2_11EncodedFormE4fromB4_
FN:167,_RNvXs_NtCslLO7Er4BOAK_5deboa4formNtB4_4FormINtNtCsgEmfK2I1SDS_4core7convert4FromNtB4_13MultiPartFormE4fromB6_
FNDA:1,_RINvMs2_NtCslLO7Er4BOAK_5deboa4formNtB6_13MultiPartForm4fileRRNtNtCsjrHSEGnQ3l9_3std4path4PathEB8_
FNDA:2,_RNCNvXs1_NtCslLO7Er4BOAK_5deboa4formNtB7_11EncodedFormNtB7_9DeboaForm5build0B9_
FNDA:2,_RNvMs0_NtCslLO7Er4BOAK_5deboa4formNtB5_11EncodedForm7builder
FNDA:3,_RNvMs2_NtCslLO7Er4BOAK_5deboa4formNtB5_13MultiPartForm7builderB7_
FNDA:3,_RNvMs2_NtCslLO7Er4BOAK_5deboa4formNtB5_13MultiPartForm8boundaryB7_
FNDA:1,_RNvXs1_NtCslLO7Er4BOAK_5deboa4formNtB5_11EncodedFormNtB5_9DeboaForm12content_typeB7_
FNDA:1,_RNvXs1_NtCslLO7Er4BOAK_5deboa4formNtB5_11EncodedFormNtB5_9DeboaForm5buildB7_
FNDA:4,_RNvXs1_NtCslLO7Er4BOAK_5deboa4formNtB5_11EncodedFormNtB5_9DeboaForm5fieldB7_
FNDA:1,_RNvXs3_NtCslLO7Er4BOAK_5deboa4formNtB5_13MultiPartFormNtB5_9DeboaForm12content_typeB7_
FNDA:2,_RNvXs3_NtCslLO7Er4BOAK_5deboa4formNtB5_13MultiPartFormNtB5_9DeboaForm5build
FNDA:6,_RNvXs3_NtCslLO7Er4BOAK_5deboa4formNtB5_13MultiPartFormNtB5_9DeboaForm5fieldB7_
FNDA:0,_RNvXNtCslLO7Er4BOAK_5deboa4formNtB2_4FormINtNtCsgEmfK2I1SDS_4core7convert4FromNtB2_11EncodedFormE4fromB4_
FNDA:0,_RNvXs_NtCslLO7Er4BOAK_5deboa4formNtB4_4FormINtNtCsgEmfK2I1SDS_4core7convert4FromNtB4_13MultiPartFormE4fromB6_
FNF:13
FNH:11
DA:160,0
DA:161,0
DA:162,0
DA:167,0
DA:168,0
DA:169,0
DA:207,2
DA:208,2
DA:209,2
DA:214,1
DA:215,1
DA:216,1
DA:219,4
DA:220,4
DA:221,4
DA:222,4
DA:223,4
DA:226,1
DA:227,1
DA:228,1
DA:229,2
DA:230,1
DA:231,1
DA:232,1
DA:233,1
DA:234,1
DA:274,3
DA:275,3
DA:276,3
DA:277,3
DA:291,1
DA:292,1
DA:293,1
DA:295,1
DA:296,1
DA:297,1
DA:298,1
DA:299,1
DA:300,1
DA:301,1
DA:303,1
DA:304,1
DA:313,3
DA:314,3
DA:315,3
DA:316,3
DA:321,1
DA:322,1
DA:323,1
DA:326,6
DA:327,6
DA:328,6
DA:329,6
DA:330,6
DA:332,2
DA:333,2
DA:334,2
DA:335,2
DA:336,2
DA:337,2
DA:338,5
DA:339,5
DA:340,1
DA:341,1
DA:342,1
DA:343,1
DA:344,1
DA:345,1
DA:346,1
DA:347,1
DA:348,1
DA:349,1
DA:350,1
DA:351,1
DA:352,1
DA:353,1
DA:354,1
DA:355,1
DA:356,1
DA:357,1
DA:358,1
DA:359,1
DA:360,1
DA:361,1
DA:362,1
DA:363,1
DA:364,0
DA:365,4
DA:366,4
DA:367,4
DA:368,4
DA:369,4
DA:370,4
DA:371,4
DA:372,4
DA:373,4
DA:375,5
DA:376,5
DA:378,5
DA:379,5
DA:380,5
DA:381,5
DA:382,5
DA:383,5
DA:384,3
DA:385,3
DA:386,3
DA:387,2
DA:388,2
DA:391,2
DA:392,2
BRF:0
BRH:0
LF:112
LH:105
end_of_record
SF:/home/rogerio/Projetos/rust/deboa/deboa/src/lib.rs
FN:318,_RINvMs4_CslLO7Er4BOAK_5deboaINtB6_6ClientpE5chainppEB6_
FN:365,_RINvMs4_CslLO7Er4BOAK_5deboaINtB6_6ClientpE8chain_fnppEB6_
FN:466,_RINvXINICslLO7Er4BOAK_5deboas9_0pEINtB6_6ClientpENtB6_10HttpClient7executepEB6_
FN:469,_RNCINvXINICslLO7Er4BOAK_5deboas9_0pEINtB8_6ClientpENtB8_10HttpClient7executepE0B8_
FN:678,_RNCNvXINICslLO7Er4BOAK_5deboasc_0ppppEINtB7_11InnerClientppppEINtCsegSs2SWvF7r_6tackle4HookNtNtB7_7request12DeboaRequestNtNtB7_8response13DeboaResponseE4call0B7_
FN:38,_RNvMCslLO7Er4BOAK_5deboaNtB2_4Alpn3new
FN:200,_RNvMs3_CslLO7Er4BOAK_5deboaINtB5_13ClientBuilderppppE11certificateB5_
FN:234,_RNvMs3_CslLO7Er4BOAK_5deboaINtB5_13ClientBuilderppppE12dns_resolverB5_
FN:241,_RNvMs3_CslLO7Er4BOAK_5deboaINtB5_13ClientBuilderppppE15connection_poolB5_
FN:274,_RNvMs3_CslLO7Er4BOAK_5deboaINtB5_13ClientBuilderppppE15prior_knowledgeB5_
FN:188,_RNvMs3_CslLO7Er4BOAK_5deboaINtB5_13ClientBuilderppppE15request_timeoutB5_
FN:176,_RNvMs3_CslLO7Er4BOAK_5deboaINtB5_13ClientBuilderppppE18connection_timeoutB5_
FN:164,_RNvMs3_CslLO7Er4BOAK_5deboaINtB5_13ClientBuilderppppE22skip_cert_verificationB5_
FN:280,_RNvMs3_CslLO7Er4BOAK_5deboaINtB5_13ClientBuilderppppE5buildB5_
FN:257,_RNvMs3_CslLO7Er4BOAK_5deboaINtB5_13ClientBuilderppppE6protosB5_
FN:212,_RNvMs3_CslLO7Er4BOAK_5deboaINtB5_13ClientBuilderppppE8identityB5_
FN:223,_RNvMs3_CslLO7Er4BOAK_5deboaINtB5_13ClientBuilderppppE9bind_addrB5_
FN:304,_RNvMs4_CslLO7Er4BOAK_5deboaINtB5_6ClientpE3newB5_
FN:384,_RNvMs5_CslLO7Er4BOAK_5deboaINtB5_6ClientINtCsegSs2SWvF7r_6tackle6HookFnppEE7from_fnB5_
FN:406,_RNvMs6_CslLO7Er4BOAK_5deboaINtB5_6ClientINtB5_11InnerClientppppEE10from_innerB5_
FN:416,_RNvMs6_CslLO7Er4BOAK_5deboaINtB5_6ClientINtB5_11InnerClientppppEE7builderB5_
FN:607,_RNvMsa_CslLO7Er4BOAK_5deboaINtB5_11InnerClientppppE11certificateB5_
FN:586,_RNvMsa_CslLO7Er4BOAK_5deboaINtB5_11InnerClientppppE12dns_resolverB5_
FN:575,_RNvMsa_CslLO7Er4BOAK_5deboaINtB5_11InnerClientppppE15connection_poolB5_
FN:640,_RNvMsa_CslLO7Er4BOAK_5deboaINtB5_11InnerClientppppE15prior_knowledgeB5_
FN:564,_RNvMsa_CslLO7Er4BOAK_5deboaINtB5_11InnerClientppppE15request_timeoutB5_
FN:553,_RNvMsa_CslLO7Er4BOAK_5deboaINtB5_11InnerClientppppE18connection_timeoutB5_
FN:542,_RNvMsa_CslLO7Er4BOAK_5deboaINtB5_11InnerClientppppE22skip_cert_verificationB5_
FN:629,_RNvMsa_CslLO7Er4BOAK_5deboaINtB5_11InnerClientppppE6protosB5_
FN:618,_RNvMsa_CslLO7Er4BOAK_5deboaINtB5_11InnerClientppppE8identityB5_
FN:597,_RNvMsa_CslLO7Er4BOAK_5deboaINtB5_11InnerClientppppE9bind_addrB5_
FN:448,_RNvXINICslLO7Er4BOAK_5deboas7_0pERINtB5_6ClientpEINtNtNtCsgEmfK2I1SDS_4core3ops3bit3ShlReE3shlB5_
FN:457,_RNvXINICslLO7Er4BOAK_5deboas8_0pEINtB5_6ClientpENtNtCsgEmfK2I1SDS_4core7default7Default7defaultB5_
FN:652,_RNvXINICslLO7Er4BOAK_5deboasb_0ppppEINtB5_11InnerClientppppENtNtCsgEmfK2I1SDS_4core7default7Default7defaultB5_
FN:678,_RNvXINICslLO7Er4BOAK_5deboasc_0ppppEINtB5_11InnerClientppppEINtCsegSs2SWvF7r_6tackle4HookNtNtB5_7request12DeboaRequestNtNtB5_8response13DeboaResponseE4callB5_
FN:52,_RNvXs0_CslLO7Er4BOAK_5deboaRShINtNtCsgEmfK2I1SDS_4core7convert4FromNtB5_4AlpnE4from
FN:58,_RNvXs1_CslLO7Er4BOAK_5deboaNtNtCs1kLSPFWlSy3_4http7version7VersionINtNtCsgEmfK2I1SDS_4core7convert4FromNtB5_4AlpnE4from
FN:70,_RNvXs2_CslLO7Er4BOAK_5deboaNtB5_4AlpnINtNtCsgEmfK2I1SDS_4core7convert4FromNtNtCs1kLSPFWlSy3_4http7version7VersionE4from
FN:46,_RNvXs_CslLO7Er4BOAK_5deboaNtB4_4AlpnNtNtNtCsgEmfK2I1SDS_4core3ops5deref5Deref5deref
FNDA:0,_RINvMs4_CslLO7Er4BOAK_5deboaINtB6_6ClientpE5chainppEB6_
FNDA:0,_RINvMs4_CslLO7Er4BOAK_5deboaINtB6_6ClientpE8chain_fnppEB6_
FNDA:0,_RINvXINICslLO7Er4BOAK_5deboas9_0pEINtB6_6ClientpENtB6_10HttpClient7executepEB6_
FNDA:0,_RNCINvXINICslLO7Er4BOAK_5deboas9_0pEINtB8_6ClientpENtB8_10HttpClient7executepE0B8_
FNDA:0,_RNCNvXINICslLO7Er4BOAK_5deboasc_0ppppEINtB7_11InnerClientppppEINtCsegSs2SWvF7r_6tackle4HookNtNtB7_7request12DeboaRequestNtNtB7_8response13DeboaResponseE4call0B7_
FNDA:0,_RNvMCslLO7Er4BOAK_5deboaNtB2_4Alpn3new
FNDA:0,_RNvMs3_CslLO7Er4BOAK_5deboaINtB5_13ClientBuilderppppE11certificateB5_
FNDA:0,_RNvMs3_CslLO7Er4BOAK_5deboaINtB5_13ClientBuilderppppE12dns_resolverB5_
FNDA:0,_RNvMs3_CslLO7Er4BOAK_5deboaINtB5_13ClientBuilderppppE15connection_poolB5_
FNDA:0,_RNvMs3_CslLO7Er4BOAK_5deboaINtB5_13ClientBuilderppppE15prior_knowledgeB5_
FNDA:0,_RNvMs3_CslLO7Er4BOAK_5deboaINtB5_13ClientBuilderppppE15request_timeoutB5_
FNDA:0,_RNvMs3_CslLO7Er4BOAK_5deboaINtB5_13ClientBuilderppppE18connection_timeoutB5_
FNDA:0,_RNvMs3_CslLO7Er4BOAK_5deboaINtB5_13ClientBuilderppppE22skip_cert_verificationB5_
FNDA:0,_RNvMs3_CslLO7Er4BOAK_5deboaINtB5_13ClientBuilderppppE5buildB5_
FNDA:0,_RNvMs3_CslLO7Er4BOAK_5deboaINtB5_13ClientBuilderppppE6protosB5_
FNDA:0,_RNvMs3_CslLO7Er4BOAK_5deboaINtB5_13ClientBuilderppppE8identityB5_
FNDA:0,_RNvMs3_CslLO7Er4BOAK_5deboaINtB5_13ClientBuilderppppE9bind_addrB5_
FNDA:0,_RNvMs4_CslLO7Er4BOAK_5deboaINtB5_6ClientpE3newB5_
FNDA:0,_RNvMs5_CslLO7Er4BOAK_5deboaINtB5_6ClientINtCsegSs2SWvF7r_6tackle6HookFnppEE7from_fnB5_
FNDA:0,_RNvMs6_CslLO7Er4BOAK_5deboaINtB5_6ClientINtB5_11InnerClientppppEE10from_innerB5_
FNDA:0,_RNvMs6_CslLO7Er4BOAK_5deboaINtB5_6ClientINtB5_11InnerClientppppEE7builderB5_
FNDA:0,_RNvMsa_CslLO7Er4BOAK_5deboaINtB5_11InnerClientppppE11certificateB5_
FNDA:0,_RNvMsa_CslLO7Er4BOAK_5deboaINtB5_11InnerClientppppE12dns_resolverB5_
FNDA:0,_RNvMsa_CslLO7Er4BOAK_5deboaINtB5_11InnerClientppppE15connection_poolB5_
FNDA:0,_RNvMsa_CslLO7Er4BOAK_5deboaINtB5_11InnerClientppppE15prior_knowledgeB5_
FNDA:0,_RNvMsa_CslLO7Er4BOAK_5deboaINtB5_11InnerClientppppE15request_timeoutB5_
FNDA:0,_RNvMsa_CslLO7Er4BOAK_5deboaINtB5_11InnerClientppppE18connection_timeoutB5_
FNDA:0,_RNvMsa_CslLO7Er4BOAK_5deboaINtB5_11InnerClientppppE22skip_cert_verificationB5_
FNDA:0,_RNvMsa_CslLO7Er4BOAK_5deboaINtB5_11InnerClientppppE6protosB5_
FNDA:0,_RNvMsa_CslLO7Er4BOAK_5deboaINtB5_11InnerClientppppE8identityB5_
FNDA:0,_RNvMsa_CslLO7Er4BOAK_5deboaINtB5_11InnerClientppppE9bind_addrB5_
FNDA:0,_RNvXINICslLO7Er4BOAK_5deboas7_0pERINtB5_6ClientpEINtNtNtCsgEmfK2I1SDS_4core3ops3bit3ShlReE3shlB5_
FNDA:0,_RNvXINICslLO7Er4BOAK_5deboas8_0pEINtB5_6ClientpENtNtCsgEmfK2I1SDS_4core7default7Default7defaultB5_
FNDA:0,_RNvXINICslLO7Er4BOAK_5deboasb_0ppppEINtB5_11InnerClientppppENtNtCsgEmfK2I1SDS_4core7default7Default7defaultB5_
FNDA:0,_RNvXINICslLO7Er4BOAK_5deboasc_0ppppEINtB5_11InnerClientppppEINtCsegSs2SWvF7r_6tackle4HookNtNtB5_7request12DeboaRequestNtNtB5_8response13DeboaResponseE4callB5_
FNDA:0,_RNvXs0_CslLO7Er4BOAK_5deboaRShINtNtCsgEmfK2I1SDS_4core7convert4FromNtB5_4AlpnE4from
FNDA:0,_RNvXs1_CslLO7Er4BOAK_5deboaNtNtCs1kLSPFWlSy3_4http7version7VersionINtNtCsgEmfK2I1SDS_4core7convert4FromNtB5_4AlpnE4from
FNDA:0,_RNvXs2_CslLO7Er4BOAK_5deboaNtB5_4AlpnINtNtCsgEmfK2I1SDS_4core7convert4FromNtNtCs1kLSPFWlSy3_4http7version7VersionE4from
FNDA:0,_RNvXs_CslLO7Er4BOAK_5deboaNtB4_4AlpnNtNtNtCsgEmfK2I1SDS_4core3ops5deref5Deref5deref
FNF:39
FNH:0
DA:38,0
DA:39,0
DA:40,0
DA:46,0
DA:47,0
DA:48,0
DA:52,0
DA:53,0
DA:54,0
DA:58,0
DA:59,0
DA:60,0
DA:61,0
DA:62,0
DA:63,0
DA:64,0
DA:66,0
DA:70,0
DA:71,0
DA:72,0
DA:73,0
DA:74,0
DA:75,0
DA:77,0
DA:164,0
DA:165,0
DA:166,0
DA:167,0
DA:168,0
DA:176,0
DA:177,0
DA:178,0
DA:179,0
DA:180,0
DA:188,0
DA:189,0
DA:190,0
DA:191,0
DA:192,0
DA:200,0
DA:201,0
DA:202,0
DA:203,0
DA:204,0
DA:212,0
DA:213,0
DA:214,0
DA:215,0
DA:223,0
DA:224,0
DA:225,0
DA:226,0
DA:234,0
DA:235,0
DA:236,0
DA:237,0
DA:238,0
DA:241,0
DA:242,0
DA:243,0
DA:244,0
DA:257,0
DA:258,0
DA:259,0
DA:260,0
DA:274,0
DA:275,0
DA:276,0
DA:277,0
DA:280,0
DA:281,0
DA:282,0
DA:304,0
DA:305,0
DA:306,0
DA:318,0
DA:319,0
DA:320,0
DA:321,0
DA:323,0
DA:324,0
DA:365,0
DA:366,0
DA:367,0
DA:368,0
DA:370,0
DA:371,0
DA:384,0
DA:385,0
DA:386,0
DA:406,0
DA:407,0
DA:408,0
DA:416,0
DA:417,0
DA:418,0
DA:448,0
DA:449,0
DA:450,0
DA:457,0
DA:458,0
DA:459,0
DA:466,0
DA:467,0
DA:468,0
DA:469,0
DA:470,0
DA:471,0
DA:472,0
DA:473,0
DA:542,0
DA:543,0
DA:544,0
DA:553,0
DA:554,0
DA:555,0
DA:564,0
DA:565,0
DA:566,0
DA:575,0
DA:576,0
DA:577,0
DA:586,0
DA:587,0
DA:588,0
DA:597,0
DA:598,0
DA:599,0
DA:607,0
DA:608,0
DA:609,0
DA:618,0
DA:619,0
DA:620,0
DA:629,0
DA:630,0
DA:631,0
DA:640,0
DA:641,0
DA:642,0
DA:652,0
DA:653,0
DA:654,0
DA:655,0
DA:656,0
DA:657,0
DA:658,0
DA:659,0
DA:660,0
DA:661,0
DA:662,0
DA:663,0
DA:664,0
DA:665,0
DA:678,0
DA:679,0
DA:681,0
DA:682,0
DA:683,0
DA:685,0
DA:686,0
DA:687,0
DA:688,0
DA:691,0
DA:692,0
DA:693,0
DA:694,0
DA:697,0
DA:698,0
DA:699,0
DA:700,0
DA:701,0
DA:702,0
DA:703,0
DA:707,0
DA:708,0
DA:709,0
DA:710,0
DA:711,0
DA:712,0
DA:713,0
DA:714,0
DA:716,0
DA:717,0
DA:718,0
DA:720,0
DA:721,0
DA:722,0
DA:724,0
DA:725,0
DA:726,0
DA:727,0
DA:729,0
DA:730,0
DA:731,0
DA:733,0
DA:735,0
DA:736,0
DA:737,0
DA:739,0
DA:740,0
BRF:0
BRH:0
LF:202
LH:0
end_of_record
SF:/home/rogerio/Projetos/rust/deboa/deboa/src/request.rs
FN:671,_RINvMsb_NtCslLO7Er4BOAK_5deboa7requestNtB6_19DeboaRequestBuilder7headersINtNtCslNYArtu3iFV_5alloc3vec3VecTNtNtNtCs1kLSPFWlSy3_4http6header4name10HeaderNameNtNtB1d_6string6StringEEEB8_
FN:1254,_RINvMsg_NtCslLO7Er4BOAK_5deboa7requestNtB6_12DeboaRequest2atNtCsaVSqjBgojhe_3url3UrlEB8_
FN:1254,_RINvMsg_NtCslLO7Er4BOAK_5deboa7requestNtB6_12DeboaRequest2atNtNtCslNYArtu3iFV_5alloc6string6StringEB8_
FN:1254,_RINvMsg_NtCslLO7Er4BOAK_5deboa7requestNtB6_12DeboaRequest2atReEB8_
FN:1307,_RINvMsg_NtCslLO7Er4BOAK_5deboa7requestNtB6_12DeboaRequest2toNtCsaVSqjBgojhe_3url3UrlEB8_
FN:1307,_RINvMsg_NtCslLO7Er4BOAK_5deboa7requestNtB6_12DeboaRequest2toReEB8_
FN:1326,_RINvMsg_NtCslLO7Er4BOAK_5deboa7requestNtB6_12DeboaRequest3getNtCsaVSqjBgojhe_3url3UrlEB8_
FN:1326,_RINvMsg_NtCslLO7Er4BOAK_5deboa7requestNtB6_12DeboaRequest3getNtNtCslNYArtu3iFV_5alloc6string6StringEB8_
FN:1326,_RINvMsg_NtCslLO7Er4BOAK_5deboa7requestNtB6_12DeboaRequest3getReEB8_
FN:1383,_RINvMsg_NtCslLO7Er4BOAK_5deboa7requestNtB6_12DeboaRequest3putNtCsaVSqjBgojhe_3url3UrlEB8_
FN:1383,_RINvMsg_NtCslLO7Er4BOAK_5deboa7requestNtB6_12DeboaRequest3putReEB8_
FN:1288,_RINvMsg_NtCslLO7Er4BOAK_5deboa7requestNtB6_12DeboaRequest4fromNtCsaVSqjBgojhe_3url3UrlEB8_
FN:1288,_RINvMsg_NtCslLO7Er4BOAK_5deboa7requestNtB6_12DeboaRequest4fromNtNtCslNYArtu3iFV_5alloc6string6StringEB8_
FN:1288,_RINvMsg_NtCslLO7Er4BOAK_5deboa7requestNtB6_12DeboaRequest4fromReEB8_
FN:1345,_RINvMsg_NtCslLO7Er4BOAK_5deboa7requestNtB6_12DeboaRequest4postReEB8_
FN:1402,_RINvMsg_NtCslLO7Er4BOAK_5deboa7requestNtB6_12DeboaRequest5patchNtCsaVSqjBgojhe_3url3UrlEB8_
FN:1402,_RINvMsg_NtCslLO7Er4BOAK_5deboa7requestNtB6_12DeboaRequest5patchReEB8_
FN:1364,_RINvMsg_NtCslLO7Er4BOAK_5deboa7requestNtB6_12DeboaRequest5queryNtCsaVSqjBgojhe_3url3UrlEB8_
FN:1364,_RINvMsg_NtCslLO7Er4BOAK_5deboa7requestNtB6_12DeboaRequest5queryReEB8_
FN:1421,_RINvMsg_NtCslLO7Er4BOAK_5deboa7requestNtB6_12DeboaRequest6deleteNtCsaVSqjBgojhe_3url3UrlEB8_
FN:1421,_RINvMsg_NtCslLO7Er4BOAK_5deboa7requestNtB6_12DeboaRequest6deleteReEB8_
FN:1260,_RNCINvMsg_NtCslLO7Er4BOAK_5deboa7requestNtB8_12DeboaRequest2atNtCsaVSqjBgojhe_3url3UrlE0Ba_
FN:1268,_RNCINvMsg_NtCslLO7Er4BOAK_5deboa7requestNtB8_12DeboaRequest2atNtCsaVSqjBgojhe_3url3UrlEs_0Ba_
FN:1260,_RNCINvMsg_NtCslLO7Er4BOAK_5deboa7requestNtB8_12DeboaRequest2atNtNtCslNYArtu3iFV_5alloc6string6StringE0Ba_
FN:1268,_RNCINvMsg_NtCslLO7Er4BOAK_5deboa7requestNtB8_12DeboaRequest2atNtNtCslNYArtu3iFV_5alloc6string6StringEs_0Ba_
FN:1260,_RNCINvMsg_NtCslLO7Er4BOAK_5deboa7requestNtB8_12DeboaRequest2atReE0Ba_
FN:1268,_RNCINvMsg_NtCslLO7Er4BOAK_5deboa7requestNtB8_12DeboaRequest2atReEs_0Ba_
FN:1132,_RNCNvXsd_NtCslLO7Er4BOAK_5deboa7requestNtB7_12DeboaRequestNtNtNtCsgEmfK2I1SDS_4core3str6traits7FromStr8from_str0B9_
FN:1169,_RNCNvXsd_NtCslLO7Er4BOAK_5deboa7requestNtB7_12DeboaRequestNtNtNtCsgEmfK2I1SDS_4core3str6traits7FromStr8from_strs0_0B9_
FN:1185,_RNCNvXsd_NtCslLO7Er4BOAK_5deboa7requestNtB7_12DeboaRequestNtNtNtCsgEmfK2I1SDS_4core3str6traits7FromStr8from_strs1_0B9_
FN:1201,_RNCNvXsd_NtCslLO7Er4BOAK_5deboa7requestNtB7_12DeboaRequestNtNtNtCsgEmfK2I1SDS_4core3str6traits7FromStr8from_strs2_0B9_
FN:1145,_RNCNvXsd_NtCslLO7Er4BOAK_5deboa7requestNtB7_12DeboaRequestNtNtNtCsgEmfK2I1SDS_4core3str6traits7FromStr8from_strs_0B9_
FN:944,_RNvMsb_NtCslLO7Er4BOAK_5deboa7requestNtB5_19DeboaRequestBuilder10basic_authB7_
FN:915,_RNvMsb_NtCslLO7Er4BOAK_5deboa7requestNtB5_19DeboaRequestBuilder11bearer_authB7_
FN:849,_RNvMsb_NtCslLO7Er4BOAK_5deboa7requestNtB5_19DeboaRequestBuilder4textB7_
FN:962,_RNvMsb_NtCslLO7Er4BOAK_5deboa7requestNtB5_19DeboaRequestBuilder5buildB7_
FN:709,_RNvMsb_NtCslLO7Er4BOAK_5deboa7requestNtB5_19DeboaRequestBuilder6headerB7_
FN:600,_RNvMsb_NtCslLO7Er4BOAK_5deboa7requestNtB5_19DeboaRequestBuilder6methodB7_
FN:617,_RNvMsb_NtCslLO7Er4BOAK_5deboa7requestNtB5_19DeboaRequestBuilder7version
FN:1487,_RNvMsg_NtCslLO7Er4BOAK_5deboa7requestNtB5_12DeboaRequest3uriB7_
FN:1546,_RNvMsg_NtCslLO7Er4BOAK_5deboa7requestNtB5_12DeboaRequest4body
FN:1476,_RNvMsg_NtCslLO7Er4BOAK_5deboa7requestNtB5_12DeboaRequest6methodB7_
FN:1498,_RNvMsg_NtCslLO7Er4BOAK_5deboa7requestNtB5_12DeboaRequest7headersB7_
FN:1465,_RNvMsg_NtCslLO7Er4BOAK_5deboa7requestNtB5_12DeboaRequest7versionB7_
FN:271,_RNvXs7_NtCslLO7Er4BOAK_5deboa7requestReNtB5_9MethodExt6to_urlB7_
FN:258,_RNvXs7_NtCslLO7Er4BOAK_5deboa7requestReNtB5_9MethodExt8from_urlB7_
FN:1075,_RNvXsd_NtCslLO7Er4BOAK_5deboa7requestNtB5_12DeboaRequestNtNtNtCsgEmfK2I1SDS_4core3str6traits7FromStr8from_str
FN:146,_RNvXs1_NtCslLO7Er4BOAK_5deboa7requestNtCsaVSqjBgojhe_3url3UrlNtB5_11IntoRequest12into_requestB7_
FN:251,_RNvXs6_NtCslLO7Er4BOAK_5deboa7requestNtNtCs1kLSPFWlSy3_4http6method6MethodNtB5_9MethodExt6to_url
FN:239,_RNvXs6_NtCslLO7Er4BOAK_5deboa7requestNtNtCs1kLSPFWlSy3_4http6method6MethodNtB5_9MethodExt8from_url
FN:990,_RINvMsb_NtCslLO7Er4BOAK_5deboa7requestNtB6_19DeboaRequestBuilder2gopEB8_
FN:884,_RINvMsb_NtCslLO7Er4BOAK_5deboa7requestNtB6_19DeboaRequestBuilder7body_asppEB8_
FN:1026,_RINvMsb_NtCslLO7Er4BOAK_5deboa7requestNtB6_19DeboaRequestBuilder9send_withpEB8_
FN:405,_RINvNtCslLO7Er4BOAK_5deboa7request3getpEB4_
FN:494,_RINvNtCslLO7Er4BOAK_5deboa7request3putpEB4_
FN:435,_RINvNtCslLO7Er4BOAK_5deboa7request4postpEB4_
FN:550,_RINvNtCslLO7Er4BOAK_5deboa7request5patchpEB4_
FN:465,_RINvNtCslLO7Er4BOAK_5deboa7request5querypEB4_
FN:521,_RINvNtCslLO7Er4BOAK_5deboa7request6deletepEB4_
FN:307,_RINvXs8_NtCslLO7Er4BOAK_5deboa7requestReNtB6_5Fetch5fetchpEB8_
FN:359,_RINvXs9_NtCslLO7Er4BOAK_5deboa7requestReNtB6_9FetchWith10fetch_withpEB8_
FN:371,_RINvXsa_NtCslLO7Er4BOAK_5deboa7requestNtNtCslNYArtu3iFV_5alloc6string6StringNtB6_9FetchWith10fetch_withpEB8_
FN:993,_RNCINvMsb_NtCslLO7Er4BOAK_5deboa7requestNtB8_19DeboaRequestBuilder2gopE0Ba_
FN:1029,_RNCINvMsb_NtCslLO7Er4BOAK_5deboa7requestNtB8_19DeboaRequestBuilder9send_withpE0Ba_
FN:310,_RNCINvXs8_NtCslLO7Er4BOAK_5deboa7requestReNtB8_5Fetch5fetchpE0Ba_
FN:362,_RNCINvXs9_NtCslLO7Er4BOAK_5deboa7requestReNtB8_9FetchWith10fetch_withpE0Ba_
FN:374,_RNCINvXsa_NtCslLO7Er4BOAK_5deboa7requestNtNtCslNYArtu3iFV_5alloc6string6StringNtB8_9FetchWith10fetch_withpE0Ba_
FN:735,_RNCNvMsb_NtCslLO7Er4BOAK_5deboa7requestNtB7_19DeboaRequestBuilder7cookies0B9_
FN:1525,_RNCNvMsg_NtCslLO7Er4BOAK_5deboa7requestNtB7_12DeboaRequest7cookies0B9_
FN:653,_RNvMsb_NtCslLO7Er4BOAK_5deboa7requestNtB5_19DeboaRequestBuilder4bodyB7_
FN:807,_RNvMsb_NtCslLO7Er4BOAK_5deboa7requestNtB5_19DeboaRequestBuilder4formB7_
FN:635,_RNvMsb_NtCslLO7Er4BOAK_5deboa7requestNtB5_19DeboaRequestBuilder5bytesB7_
FN:755,_RNvMsb_NtCslLO7Er4BOAK_5deboa7requestNtB5_19DeboaRequestBuilder6cookieB7_
FN:727,_RNvMsb_NtCslLO7Er4BOAK_5deboa7requestNtB5_19DeboaRequestBuilder7cookiesB7_
FN:1441,_RNvMsg_NtCslLO7Er4BOAK_5deboa7requestNtB5_12DeboaRequest10from_partsB7_
FN:1453,_RNvMsg_NtCslLO7Er4BOAK_5deboa7requestNtB5_12DeboaRequest10into_partsB7_
FN:1509,_RNvMsg_NtCslLO7Er4BOAK_5deboa7requestNtB5_12DeboaRequest11headers_mutB7_
FN:1521,_RNvMsg_NtCslLO7Er4BOAK_5deboa7requestNtB5_12DeboaRequest7cookiesB7_
FN:125,_RNvXNtCslLO7Er4BOAK_5deboa7requestNtB2_12DeboaRequestNtB2_11IntoRequest12into_requestB4_
FN:173,_RNvXs2_NtCslLO7Er4BOAK_5deboa7requestNtNtNtCs1kLSPFWlSy3_4http6header3map9HeaderMapNtB5_11IntoHeaders12into_headersB7_
FN:191,_RNvXs4_NtCslLO7Er4BOAK_5deboa7requestINtNtCslNYArtu3iFV_5alloc3vec3VecTNtNtBE_6string6StringB17_EENtB5_11IntoHeaders12into_headersB7_
FN:205,_RNvXs5_NtCslLO7Er4BOAK_5deboa7requestINtNtCslNYArtu3iFV_5alloc3vec3VecTReB17_EENtB5_11IntoHeaders12into_headersB7_
FN:132,_RNvXs_NtCslLO7Er4BOAK_5deboa7requestReNtB4_11IntoRequest12into_requestB6_
FN:1042,_RNvXsc_NtCslLO7Er4BOAK_5deboa7requestNtB5_12DeboaRequestNtNtCsgEmfK2I1SDS_4core3fmt5Debug3fmt
FN:1213,_RNvXse_NtCslLO7Er4BOAK_5deboa7requestNtB5_12DeboaRequestINtNtCsgEmfK2I1SDS_4core7convert5AsRefBz_E6as_ref
FN:1219,_RNvXsf_NtCslLO7Er4BOAK_5deboa7requestNtB5_12DeboaRequestINtNtCsgEmfK2I1SDS_4core7convert5AsMutBz_E6as_mut
FN:139,_RNvXs0_NtCslLO7Er4BOAK_5deboa7requestNtNtCslNYArtu3iFV_5alloc6string6StringNtB5_11IntoRequest12into_requestB7_
FN:180,_RNvXs3_NtCslLO7Er4BOAK_5deboa7requestINtNtCslNYArtu3iFV_5alloc3vec3VecTNtNtNtCs1kLSPFWlSy3_4http6header4name10HeaderNameNtNtBE_6string6StringEENtB5_11IntoHeaders12into_headersB7_
FNDA:1,_RINvMsb_NtCslLO7Er4BOAK_5deboa7requestNtB6_19DeboaRequestBuilder7headersINtNtCslNYArtu3iFV_5alloc3vec3VecTNtNtNtCs1kLSPFWlSy3_4http6header4name10HeaderNameNtNtB1d_6string6StringEEEB8_
FNDA:17,_RINvMsg_NtCslLO7Er4BOAK_5deboa7requestNtB6_12DeboaRequest2atNtCsaVSqjBgojhe_3url3UrlEB8_
FNDA:1,_RINvMsg_NtCslLO7Er4BOAK_5deboa7requestNtB6_12DeboaRequest2atNtNtCslNYArtu3iFV_5alloc6string6StringEB8_
FNDA:4,_RINvMsg_NtCslLO7Er4BOAK_5deboa7requestNtB6_12DeboaRequest2atReEB8_
FNDA:3,_RINvMsg_NtCslLO7Er4BOAK_5deboa7requestNtB6_12DeboaRequest2toNtCsaVSqjBgojhe_3url3UrlEB8_
FNDA:2,_RINvMsg_NtCslLO7Er4BOAK_5deboa7requestNtB6_12DeboaRequest2toReEB8_
FNDA:10,_RINvMsg_NtCslLO7Er4BOAK_5deboa7requestNtB6_12DeboaRequest3getNtCsaVSqjBgojhe_3url3UrlEB8_
FNDA:1,_RINvMsg_NtCslLO7Er4BOAK_5deboa7requestNtB6_12DeboaRequest3getNtNtCslNYArtu3iFV_5alloc6string6StringEB8_
FNDA:2,_RINvMsg_NtCslLO7Er4BOAK_5deboa7requestNtB6_12DeboaRequest3getReEB8_
FNDA:1,_RINvMsg_NtCslLO7Er4BOAK_5deboa7requestNtB6_12DeboaRequest3putNtCsaVSqjBgojhe_3url3UrlEB8_
FNDA:0,_RINvMsg_NtCslLO7Er4BOAK_5deboa7requestNtB6_12DeboaRequest3putReEB8_
FNDA:14,_RINvMsg_NtCslLO7Er4BOAK_5deboa7requestNtB6_12DeboaRequest4fromNtCsaVSqjBgojhe_3url3UrlEB8_
FNDA:1,_RINvMsg_NtCslLO7Er4BOAK_5deboa7requestNtB6_12DeboaRequest4fromNtNtCslNYArtu3iFV_5alloc6string6StringEB8_
FNDA:2,_RINvMsg_NtCslLO7Er4BOAK_5deboa7requestNtB6_12DeboaRequest4fromReEB8_
FNDA:2,_RINvMsg_NtCslLO7Er4BOAK_5deboa7requestNtB6_12DeboaRequest4postReEB8_
FNDA:1,_RINvMsg_NtCslLO7Er4BOAK_5deboa7requestNtB6_12DeboaRequest5patchNtCsaVSqjBgojhe_3url3UrlEB8_
FNDA:0,_RINvMsg_NtCslLO7Er4BOAK_5deboa7requestNtB6_12DeboaRequest5patchReEB8_
FNDA:1,_RINvMsg_NtCslLO7Er4BOAK_5deboa7requestNtB6_12DeboaRequest5queryNtCsaVSqjBgojhe_3url3UrlEB8_
FNDA:0,_RINvMsg_NtCslLO7Er4BOAK_5deboa7requestNtB6_12DeboaRequest5queryReEB8_
FNDA:4,_RINvMsg_NtCslLO7Er4BOAK_5deboa7requestNtB6_12DeboaRequest6deleteNtCsaVSqjBgojhe_3url3UrlEB8_
FNDA:0,_RINvMsg_NtCslLO7Er4BOAK_5deboa7requestNtB6_12DeboaRequest6deleteReEB8_
FNDA:0,_RNCINvMsg_NtCslLO7Er4BOAK_5deboa7requestNtB8_12DeboaRequest2atNtCsaVSqjBgojhe_3url3UrlE0Ba_
FNDA:0,_RNCINvMsg_NtCslLO7Er4BOAK_5deboa7requestNtB8_12DeboaRequest2atNtCsaVSqjBgojhe_3url3UrlEs_0Ba_
FNDA:0,_RNCINvMsg_NtCslLO7Er4BOAK_5deboa7requestNtB8_12DeboaRequest2atNtNtCslNYArtu3iFV_5alloc6string6StringE0Ba_
FNDA:0,_RNCINvMsg_NtCslLO7Er4BOAK_5deboa7requestNtB8_12DeboaRequest2atNtNtCslNYArtu3iFV_5alloc6string6StringEs_0Ba_
FNDA:0,_RNCINvMsg_NtCslLO7Er4BOAK_5deboa7requestNtB8_12DeboaRequest2atReE0Ba_
FNDA:0,_RNCINvMsg_NtCslLO7Er4BOAK_5deboa7requestNtB8_12DeboaRequest2atReEs_0Ba_
FNDA:0,_RNCNvXsd_NtCslLO7Er4BOAK_5deboa7requestNtB7_12DeboaRequestNtNtNtCsgEmfK2I1SDS_4core3str6traits7FromStr8from_str0B9_
FNDA:0,_RNCNvXsd_NtCslLO7Er4BOAK_5deboa7requestNtB7_12DeboaRequestNtNtNtCsgEmfK2I1SDS_4core3str6traits7FromStr8from_strs0_0B9_
FNDA:0,_RNCNvXsd_NtCslLO7Er4BOAK_5deboa7requestNtB7_12DeboaRequestNtNtNtCsgEmfK2I1SDS_4core3str6traits7FromStr8from_strs1_0B9_
FNDA:0,_RNCNvXsd_NtCslLO7Er4BOAK_5deboa7requestNtB7_12DeboaRequestNtNtNtCsgEmfK2I1SDS_4core3str6traits7FromStr8from_strs2_0B9_
FNDA:0,_RNCNvXsd_NtCslLO7Er4BOAK_5deboa7requestNtB7_12DeboaRequestNtNtNtCsgEmfK2I1SDS_4core3str6traits7FromStr8from_strs_0B9_
FNDA:1,_RNvMsb_NtCslLO7Er4BOAK_5deboa7requestNtB5_19DeboaRequestBuilder10basic_authB7_
FNDA:1,_RNvMsb_NtCslLO7Er4BOAK_5deboa7requestNtB5_19DeboaRequestBuilder11bearer_authB7_
FNDA:1,_RNvMsb_NtCslLO7Er4BOAK_5deboa7requestNtB5_19DeboaRequestBuilder4textB7_
FNDA:22,_RNvMsb_NtCslLO7Er4BOAK_5deboa7requestNtB5_19DeboaRequestBuilder5buildB7_
FNDA:4,_RNvMsb_NtCslLO7Er4BOAK_5deboa7requestNtB5_19DeboaRequestBuilder6headerB7_
FNDA:22,_RNvMsb_NtCslLO7Er4BOAK_5deboa7requestNtB5_19DeboaRequestBuilder6methodB7_
FNDA:1,_RNvMsb_NtCslLO7Er4BOAK_5deboa7requestNtB5_19DeboaRequestBuilder7version
FNDA:11,_RNvMsg_NtCslLO7Er4BOAK_5deboa7requestNtB5_12DeboaRequest3uriB7_
FNDA:1,_RNvMsg_NtCslLO7Er4BOAK_5deboa7requestNtB5_12DeboaRequest4body
FNDA:9,_RNvMsg_NtCslLO7Er4BOAK_5deboa7requestNtB5_12DeboaRequest6methodB7_
FNDA:6,_RNvMsg_NtCslLO7Er4BOAK_5deboa7requestNtB5_12DeboaRequest7headersB7_
FNDA:2,_RNvMsg_NtCslLO7Er4BOAK_5deboa7requestNtB5_12DeboaRequest7versionB7_
FNDA:1,_RNvXs7_NtCslLO7Er4BOAK_5deboa7requestReNtB5_9MethodExt6to_urlB7_
FNDA:2,_RNvXs7_NtCslLO7Er4BOAK_5deboa7requestReNtB5_9MethodExt8from_urlB7_
FNDA:2,_RNvXsd_NtCslLO7Er4BOAK_5deboa7requestNtB5_12DeboaRequestNtNtNtCsgEmfK2I1SDS_4core3str6traits7FromStr8from_str
FNDA:1,_RNvXs1_NtCslLO7Er4BOAK_5deboa7requestNtCsaVSqjBgojhe_3url3UrlNtB5_11IntoRequest12into_requestB7_
FNDA:1,_RNvXs6_NtCslLO7Er4BOAK_5deboa7requestNtNtCs1kLSPFWlSy3_4http6method6MethodNtB5_9MethodExt6to_url
FNDA:2,_RNvXs6_NtCslLO7Er4BOAK_5deboa7requestNtNtCs1kLSPFWlSy3_4http6method6MethodNtB5_9MethodExt8from_url
FNDA:0,_RINvMsb_NtCslLO7Er4BOAK_5deboa7requestNtB6_19DeboaRequestBuilder2gopEB8_
FNDA:0,_RINvMsb_NtCslLO7Er4BOAK_5deboa7requestNtB6_19DeboaRequestBuilder7body_asppEB8_
FNDA:0,_RINvMsb_NtCslLO7Er4BOAK_5deboa7requestNtB6_19DeboaRequestBuilder9send_withpEB8_
FNDA:0,_RINvNtCslLO7Er4BOAK_5deboa7request3getpEB4_
FNDA:0,_RINvNtCslLO7Er4BOAK_5deboa7request3putpEB4_
FNDA:0,_RINvNtCslLO7Er4BOAK_5deboa7request4postpEB4_
FNDA:0,_RINvNtCslLO7Er4BOAK_5deboa7request5patchpEB4_
FNDA:0,_RINvNtCslLO7Er4BOAK_5deboa7request5querypEB4_
FNDA:0,_RINvNtCslLO7Er4BOAK_5deboa7request6deletepEB4_
FNDA:0,_RINvXs8_NtCslLO7Er4BOAK_5deboa7requestReNtB6_5Fetch5fetchpEB8_
FNDA:0,_RINvXs9_NtCslLO7Er4BOAK_5deboa7requestReNtB6_9FetchWith10fetch_withpEB8_
FNDA:0,_RINvXsa_NtCslLO7Er4BOAK_5deboa7requestNtNtCslNYArtu3iFV_5alloc6string6StringNtB6_9FetchWith10fetch_withpEB8_
FNDA:0,_RNCINvMsb_NtCslLO7Er4BOAK_5deboa7requestNtB8_19DeboaRequestBuilder2gopE0Ba_
FNDA:0,_RNCINvMsb_NtCslLO7Er4BOAK_5deboa7requestNtB8_19DeboaRequestBuilder9send_withpE0Ba_
FNDA:0,_RNCINvXs8_NtCslLO7Er4BOAK_5deboa7requestReNtB8_5Fetch5fetchpE0Ba_
FNDA:0,_RNCINvXs9_NtCslLO7Er4BOAK_5deboa7requestReNtB8_9FetchWith10fetch_withpE0Ba_
FNDA:0,_RNCINvXsa_NtCslLO7Er4BOAK_5deboa7requestNtNtCslNYArtu3iFV_5alloc6string6StringNtB8_9FetchWith10fetch_withpE0Ba_
FNDA:0,_RNCNvMsb_NtCslLO7Er4BOAK_5deboa7requestNtB7_19DeboaRequestBuilder7cookies0B9_
FNDA:0,_RNCNvMsg_NtCslLO7Er4BOAK_5deboa7requestNtB7_12DeboaRequest7cookies0B9_
FNDA:0,_RNvMsb_NtCslLO7Er4BOAK_5deboa7requestNtB5_19DeboaRequestBuilder4bodyB7_
FNDA:0,_RNvMsb_NtCslLO7Er4BOAK_5deboa7requestNtB5_19DeboaRequestBuilder4formB7_
FNDA:0,_RNvMsb_NtCslLO7Er4BOAK_5deboa7requestNtB5_19DeboaRequestBuilder5bytesB7_
FNDA:0,_RNvMsb_NtCslLO7Er4BOAK_5deboa7requestNtB5_19DeboaRequestBuilder6cookieB7_
FNDA:0,_RNvMsb_NtCslLO7Er4BOAK_5deboa7requestNtB5_19DeboaRequestBuilder7cookiesB7_
FNDA:0,_RNvMsg_NtCslLO7Er4BOAK_5deboa7requestNtB5_12DeboaRequest10from_partsB7_
FNDA:0,_RNvMsg_NtCslLO7Er4BOAK_5deboa7requestNtB5_12DeboaRequest10into_partsB7_
FNDA:0,_RNvMsg_NtCslLO7Er4BOAK_5deboa7requestNtB5_12DeboaRequest11headers_mutB7_
FNDA:0,_RNvMsg_NtCslLO7Er4BOAK_5deboa7requestNtB5_12DeboaRequest7cookiesB7_
FNDA:0,_RNvXNtCslLO7Er4BOAK_5deboa7requestNtB2_12DeboaRequestNtB2_11IntoRequest12into_requestB4_
FNDA:0,_RNvXs2_NtCslLO7Er4BOAK_5deboa7requestNtNtNtCs1kLSPFWlSy3_4http6header3map9HeaderMapNtB5_11IntoHeaders12into_headersB7_
FNDA:0,_RNvXs4_NtCslLO7Er4BOAK_5deboa7requestINtNtCslNYArtu3iFV_5alloc3vec3VecTNtNtBE_6string6StringB17_EENtB5_11IntoHeaders12into_headersB7_
FNDA:0,_RNvXs5_NtCslLO7Er4BOAK_5deboa7requestINtNtCslNYArtu3iFV_5alloc3vec3VecTReB17_EENtB5_11IntoHeaders12into_headersB7_
FNDA:0,_RNvXs_NtCslLO7Er4BOAK_5deboa7requestReNtB4_11IntoRequest12into_requestB6_
FNDA:0,_RNvXsc_NtCslLO7Er4BOAK_5deboa7requestNtB5_12DeboaRequestNtNtCsgEmfK2I1SDS_4core3fmt5Debug3fmt
FNDA:0,_RNvXse_NtCslLO7Er4BOAK_5deboa7requestNtB5_12DeboaRequestINtNtCsgEmfK2I1SDS_4core7convert5AsRefBz_E6as_ref
FNDA:0,_RNvXsf_NtCslLO7Er4BOAK_5deboa7requestNtB5_12DeboaRequestINtNtCsgEmfK2I1SDS_4core7convert5AsMutBz_E6as_mut
FNDA:1,_RNvXs0_NtCslLO7Er4BOAK_5deboa7requestNtNtCslNYArtu3iFV_5alloc6string6StringNtB5_11IntoRequest12into_requestB7_
FNDA:1,_RNvXs3_NtCslLO7Er4BOAK_5deboa7requestINtNtCslNYArtu3iFV_5alloc3vec3VecTNtNtNtCs1kLSPFWlSy3_4http6header4name10HeaderNameNtNtBE_6string6StringEENtB5_11IntoHeaders12into_headersB7_
FNF:73
FNH:30
DA:125,0
DA:126,0
DA:127,0
DA:132,0
DA:133,0
DA:134,0
DA:139,1
DA:140,1
DA:141,1
DA:146,1
DA:147,1
DA:148,1
DA:173,0
DA:174,0
DA:175,0
DA:180,1
DA:181,1
DA:182,1
DA:183,1
DA:184,1
DA:185,1
DA:186,1
DA:191,0
DA:192,0
DA:193,0
DA:194,0
DA:195,0
DA:196,0
DA:197,0
DA:198,0
DA:199,0
DA:200,0
DA:205,0
DA:206,0
DA:207,0
DA:208,0
DA:209,0
DA:210,0
DA:211,0
DA:212,0
DA:213,0
DA:214,0
DA:239,2
DA:240,2
DA:241,1
DA:242,1
DA:243,0
DA:244,0
DA:245,0
DA:246,0
DA:247,0
DA:249,2
DA:251,1
DA:252,1
DA:253,1
DA:258,2
DA:259,2
DA:260,2
DA:261,1
DA:262,0
DA:263,0
DA:264,0
DA:265,0
DA:266,0
DA:268,2
DA:271,1
DA:272,1
DA:273,1
DA:307,0
DA:308,0
DA:309,0
DA:310,0
DA:311,0
DA:312,0
DA:313,0
DA:314,0
DA:359,0
DA:360,0
DA:361,0
DA:362,0
DA:363,0
DA:364,0
DA:365,0
DA:366,0
DA:371,0
DA:372,0
DA:373,0
DA:374,0
DA:375,0
DA:376,0
DA:377,0
DA:378,0
DA:405,0
DA:406,0
DA:407,0
DA:435,0
DA:436,0
DA:437,0
DA:465,0
DA:466,0
DA:467,0
DA:494,0
DA:495,0
DA:496,0
DA:521,0
DA:522,0
DA:523,0
DA:550,0
DA:551,0
DA:552,0
DA:600,22
DA:601,22
DA:602,22
DA:603,22
DA:604,22
DA:605,22
DA:617,1
DA:618,1
DA:619,1
DA:620,1
DA:621,1
DA:622,1
DA:635,0
DA:636,0
DA:637,0
DA:638,0
DA:639,0
DA:640,0
DA:653,0
DA:654,0
DA:655,0
DA:656,0
DA:657,0
DA:658,0
DA:671,1
DA:672,1
DA:673,1
DA:675,1
DA:676,1
DA:677,1
DA:678,1
DA:679,1
DA:680,1
DA:681,1
DA:709,4
DA:710,4
DA:711,4
DA:712,4
DA:713,4
DA:714,4
DA:727,0
DA:728,0
DA:729,0
DA:730,0
DA:731,0
DA:732,0
DA:733,0
DA:734,0
DA:735,0
DA:736,0
DA:737,0
DA:739,0
DA:741,0
DA:742,0
DA:755,0
DA:756,0
DA:757,0
DA:758,0
DA:759,0
DA:760,0
DA:761,0
DA:762,0
DA:763,0
DA:764,0
DA:765,0
DA:766,0
DA:767,0
DA:768,0
DA:769,0
DA:770,0
DA:771,0
DA:772,0
DA:773,0
DA:774,0
DA:775,0
DA:776,0
DA:807,0
DA:808,0
DA:809,0
DA:810,0
DA:812,0
DA:813,0
DA:814,0
DA:815,0
DA:816,0
DA:817,0
DA:818,0
DA:820,0
DA:821,0
DA:822,0
DA:823,0
DA:824,0
DA:849,1
DA:850,1
DA:851,1
DA:852,1
DA:853,1
DA:854,1
DA:884,0
DA:885,0
DA:886,0
DA:887,0
DA:888,0
DA:889,0
DA:915,1
DA:916,1
DA:917,1
DA:944,1
DA:945,1
DA:946,1
DA:947,1
DA:949,1
DA:962,22
DA:963,22
DA:964,22
DA:990,0
DA:991,0
DA:992,0
DA:993,0
DA:994,0
DA:995,0
DA:996,0
DA:997,0
DA:1026,0
DA:1027,0
DA:1028,0
DA:1029,0
DA:1030,0
DA:1031,0
DA:1032,0
DA:1033,0
DA:1042,0
DA:1043,0
DA:1044,0
DA:1045,0
DA:1046,0
DA:1047,0
DA:1048,0
DA:1049,0
DA:1050,0
DA:1075,2
DA:1076,2
DA:1078,2
DA:1079,2
DA:1080,2
DA:1081,2
DA:1082,2
DA:1084,2
DA:1085,2
DA:1086,2
DA:1087,0
DA:1088,0
DA:1089,2
DA:1091,7
DA:1092,7
DA:1093,7
DA:1094,7
DA:1095,7
DA:1096,7
DA:1097,7
DA:1098,7
DA:1099,2
DA:1100,2
DA:1101,0
DA:1102,0
DA:1103,0
DA:1104,0
DA:1105,2
DA:1106,2
DA:1107,2
DA:1108,0
DA:1109,0
DA:1110,0
DA:1111,0
DA:1112,2
DA:1113,2
DA:1114,2
DA:1115,2
DA:1116,2
DA:1117,2
DA:1118,2
DA:1119,2
DA:1120,2
DA:1121,2
DA:1122,5
DA:1124,5
DA:1125,5
DA:1126,1
DA:1127,1
DA:1128,1
DA:1129,1
DA:1130,1
DA:1132,1
DA:1133,0
DA:1134,0
DA:1135,0
DA:1136,0
DA:1137,0
DA:1139,1
DA:1140,1
DA:1141,1
DA:1142,1
DA:1143,1
DA:1145,1
DA:1146,0
DA:1147,0
DA:1148,0
DA:1149,0
DA:1150,0
DA:1152,1
DA:1153,1
DA:1154,4
DA:1155,0
DA:1157,4
DA:1158,1
DA:1159,1
DA:1160,3
DA:1162,3
DA:1163,0
DA:1164,3
DA:1167,2
DA:1168,2
DA:1169,2
DA:1170,0
DA:1171,0
DA:1172,0
DA:1174,2
DA:1175,2
DA:1176,2
DA:1178,2
DA:1179,2
DA:1180,2
DA:1181,0
DA:1183,2
DA:1184,2
DA:1185,2
DA:1186,0
DA:1187,0
DA:1188,0
DA:1190,2
DA:1191,2
DA:1192,2
DA:1193,2
DA:1195,2
DA:1196,2
DA:1197,2
DA:1199,2
DA:1200,2
DA:1201,2
DA:1202,0
DA:1203,0
DA:1204,0
DA:1205,0
DA:1206,0
DA:1208,2
DA:1209,2
DA:1213,0
DA:1214,0
DA:1215,0
DA:1219,0
DA:1220,0
DA:1221,0
DA:1254,22
DA:1255,22
DA:1257,22
DA:1258,22
DA:1259,22
DA:1260,22
DA:1262,22
DA:1263,22
DA:1264,22
DA:1265,22
DA:1266,22
DA:1267,22
DA:1268,22
DA:1270,22
DA:1271,22
DA:1288,17
DA:1289,17
DA:1290,17
DA:1307,5
DA:1308,5
DA:1309,5
DA:1326,13
DA:1327,13
DA:1328,13
DA:1345,2
DA:1346,2
DA:1347,2
DA:1364,1
DA:1365,1
DA:1366,1
DA:1383,1
DA:1384,1
DA:1385,1
DA:1402,1
DA:1403,1
DA:1404,1
DA:1421,4
DA:1422,4
DA:1423,4
DA:1441,0
DA:1442,0
DA:1443,0
DA:1444,0
DA:1453,0
DA:1454,0
DA:1455,0
DA:1456,0
DA:1465,2
DA:1466,2
DA:1467,2
DA:1476,9
DA:1477,9
DA:1478,9
DA:1487,11
DA:1488,11
DA:1489,11
DA:1498,6
DA:1499,6
DA:1500,6
DA:1509,0
DA:1510,0
DA:1511,0
DA:1512,0
DA:1521,0
DA:1522,0
DA:1523,0
DA:1524,0
DA:1525,0
DA:1527,0
DA:1528,0
DA:1529,0
DA:1530,0
DA:1531,0
DA:1532,0
DA:1533,0
DA:1535,0
DA:1536,0
DA:1537,0
DA:1538,0
DA:1546,1
DA:1547,1
DA:1548,1
BRF:0
BRH:0
LF:468
LH:210
end_of_record
SF:/home/rogerio/Projetos/rust/deboa/deboa/src/response.rs
FN:223,_RINvMs0_NtCslLO7Er4BOAK_5deboa8responseNtB6_20DeboaResponseBuilder4bodyRShEB8_
FN:528,_RNCNvMs4_NtCslLO7Er4BOAK_5deboa8responseNtB7_13DeboaResponse7cookies0B9_
FN:249,_RNvMs0_NtCslLO7Er4BOAK_5deboa8responseNtB5_20DeboaResponseBuilder5buildB7_
FN:238,_RNvMs0_NtCslLO7Er4BOAK_5deboa8responseNtB5_20DeboaResponseBuilder5emptyB7_
FN:202,_RNvMs0_NtCslLO7Er4BOAK_5deboa8responseNtB5_20DeboaResponseBuilder6headerB7_
FN:165,_RNvMs0_NtCslLO7Er4BOAK_5deboa8responseNtB5_20DeboaResponseBuilder6statusB7_
FN:183,_RNvMs0_NtCslLO7Er4BOAK_5deboa8responseNtB5_20DeboaResponseBuilder7headersB7_
FN:147,_RNvMs0_NtCslLO7Er4BOAK_5deboa8responseNtB5_20DeboaResponseBuilder7version
FN:565,_RNvMs4_NtCslLO7Er4BOAK_5deboa8responseNtB5_13DeboaResponse10inner_bodyB7_
FN:595,_RNvMs4_NtCslLO7Er4BOAK_5deboa8responseNtB5_13DeboaResponse10into_partsB7_
FN:399,_RNvMs4_NtCslLO7Er4BOAK_5deboa8responseNtB5_13DeboaResponse10status_mutB7_
FN:422,_RNvMs4_NtCslLO7Er4BOAK_5deboa8responseNtB5_13DeboaResponse11headers_mutB7_
FN:376,_RNvMs4_NtCslLO7Er4BOAK_5deboa8responseNtB5_13DeboaResponse11version_mut
FN:505,_RNvMs4_NtCslLO7Er4BOAK_5deboa8responseNtB5_13DeboaResponse12content_typeB7_
FN:444,_RNvMs4_NtCslLO7Er4BOAK_5deboa8responseNtB5_13DeboaResponse12header_valueB7_
FN:479,_RNvMs4_NtCslLO7Er4BOAK_5deboa8responseNtB5_13DeboaResponse14content_lengthB7_
FN:349,_RNvMs4_NtCslLO7Er4BOAK_5deboa8responseNtB5_13DeboaResponse3new
FN:388,_RNvMs4_NtCslLO7Er4BOAK_5deboa8responseNtB5_13DeboaResponse6statusB7_
FN:355,_RNvMs4_NtCslLO7Er4BOAK_5deboa8responseNtB5_13DeboaResponse7builderB7_
FN:522,_RNvMs4_NtCslLO7Er4BOAK_5deboa8responseNtB5_13DeboaResponse7cookiesB7_
FN:411,_RNvMs4_NtCslLO7Er4BOAK_5deboa8responseNtB5_13DeboaResponse7headersB7_
FN:366,_RNvMs4_NtCslLO7Er4BOAK_5deboa8responseNtB5_13DeboaResponse7versionB7_
FN:119,_RNvXNtCslLO7Er4BOAK_5deboa8responseRShNtB2_8IntoBody9into_bodyB4_
FN:320,_RNvXs1_NtCslLO7Er4BOAK_5deboa8responseNtB5_13DeboaResponseNtNtCsgEmfK2I1SDS_4core3fmt5Debug3fmt
FN:628,_RINvMs4_NtCslLO7Er4BOAK_5deboa8responseNtB6_13DeboaResponse7body_asppEB8_
FN:631,_RNCINvMs4_NtCslLO7Er4BOAK_5deboa8responseNtB8_13DeboaResponse7body_asppE0Ba_
FN:658,_RNCNvMs4_NtCslLO7Er4BOAK_5deboa8responseNtB7_13DeboaResponse4text0B9_
FN:706,_RNCNvMs4_NtCslLO7Er4BOAK_5deboa8responseNtB7_13DeboaResponse5bytes0B9_
FN:689,_RNCNvMs4_NtCslLO7Er4BOAK_5deboa8responseNtB7_13DeboaResponse7to_file0B9_
FN:554,_RNvMs4_NtCslLO7Er4BOAK_5deboa8responseNtB5_13DeboaResponse10into_innerB7_
FN:658,_RNvMs4_NtCslLO7Er4BOAK_5deboa8responseNtB5_13DeboaResponse4textB7_
FN:706,_RNvMs4_NtCslLO7Er4BOAK_5deboa8responseNtB5_13DeboaResponse5bytesB7_
FN:577,_RNvMs4_NtCslLO7Er4BOAK_5deboa8responseNtB5_13DeboaResponse6streamB7_
FN:689,_RNvMs4_NtCslLO7Er4BOAK_5deboa8responseNtB5_13DeboaResponse7to_fileB7_
FN:330,_RNvXs2_NtCslLO7Er4BOAK_5deboa8responseNtB5_13DeboaResponseINtNtCsgEmfK2I1SDS_4core7convert5AsRefBA_E6as_ref
FN:336,_RNvXs3_NtCslLO7Er4BOAK_5deboa8responseNtB5_13DeboaResponseINtNtCsgEmfK2I1SDS_4core7convert5AsMutBA_E6as_mut
FN:126,_RNvXs_NtCslLO7Er4BOAK_5deboa8responseINtNtCslNYArtu3iFV_5alloc3vec3VechENtB4_8IntoBody9into_bodyB6_
FNDA:3,_RINvMs0_NtCslLO7Er4BOAK_5deboa8responseNtB6_20DeboaResponseBuilder4bodyRShEB8_
FNDA:1,_RNCNvMs4_NtCslLO7Er4BOAK_5deboa8responseNtB7_13DeboaResponse7cookies0B9_
FNDA:10,_RNvMs0_NtCslLO7Er4BOAK_5deboa8responseNtB5_20DeboaResponseBuilder5buildB7_
FNDA:1,_RNvMs0_NtCslLO7Er4BOAK_5deboa8responseNtB5_20DeboaResponseBuilder5emptyB7_
FNDA:5,_RNvMs0_NtCslLO7Er4BOAK_5deboa8responseNtB5_20DeboaResponseBuilder6headerB7_
FNDA:9,_RNvMs0_NtCslLO7Er4BOAK_5deboa8responseNtB5_20DeboaResponseBuilder6statusB7_
FNDA:2,_RNvMs0_NtCslLO7Er4BOAK_5deboa8responseNtB5_20DeboaResponseBuilder7headersB7_
FNDA:2,_RNvMs0_NtCslLO7Er4BOAK_5deboa8responseNtB5_20DeboaResponseBuilder7version
FNDA:2,_RNvMs4_NtCslLO7Er4BOAK_5deboa8responseNtB5_13DeboaResponse10inner_bodyB7_
FNDA:1,_RNvMs4_NtCslLO7Er4BOAK_5deboa8responseNtB5_13DeboaResponse10into_partsB7_
FNDA:1,_RNvMs4_NtCslLO7Er4BOAK_5deboa8responseNtB5_13DeboaResponse10status_mutB7_
FNDA:1,_RNvMs4_NtCslLO7Er4BOAK_5deboa8responseNtB5_13DeboaResponse11headers_mutB7_
FNDA:1,_RNvMs4_NtCslLO7Er4BOAK_5deboa8responseNtB5_13DeboaResponse11version_mut
FNDA:1,_RNvMs4_NtCslLO7Er4BOAK_5deboa8responseNtB5_13DeboaResponse12content_typeB7_
FNDA:2,_RNvMs4_NtCslLO7Er4BOAK_5deboa8responseNtB5_13DeboaResponse12header_valueB7_
FNDA:1,_RNvMs4_NtCslLO7Er4BOAK_5deboa8responseNtB5_13DeboaResponse14content_lengthB7_
FNDA:2,_RNvMs4_NtCslLO7Er4BOAK_5deboa8responseNtB5_13DeboaResponse3new
FNDA:2,_RNvMs4_NtCslLO7Er4BOAK_5deboa8responseNtB5_13DeboaResponse6statusB7_
FNDA:11,_RNvMs4_NtCslLO7Er4BOAK_5deboa8responseNtB5_13DeboaResponse7builderB7_
FNDA:1,_RNvMs4_NtCslLO7Er4BOAK_5deboa8responseNtB5_13DeboaResponse7cookiesB7_
FNDA:6,_RNvMs4_NtCslLO7Er4BOAK_5deboa8responseNtB5_13DeboaResponse7headersB7_
FNDA:1,_RNvMs4_NtCslLO7Er4BOAK_5deboa8responseNtB5_13DeboaResponse7versionB7_
FNDA:5,_RNvXNtCslLO7Er4BOAK_5deboa8responseRShNtB2_8IntoBody9into_bodyB4_
FNDA:1,_RNvXs1_NtCslLO7Er4BOAK_5deboa8responseNtB5_13DeboaResponseNtNtCsgEmfK2I1SDS_4core3fmt5Debug3fmt
FNDA:0,_RINvMs4_NtCslLO7Er4BOAK_5deboa8responseNtB6_13DeboaResponse7body_asppEB8_
FNDA:0,_RNCINvMs4_NtCslLO7Er4BOAK_5deboa8responseNtB8_13DeboaResponse7body_asppE0Ba_
FNDA:0,_RNCNvMs4_NtCslLO7Er4BOAK_5deboa8responseNtB7_13DeboaResponse4text0B9_
FNDA:0,_RNCNvMs4_NtCslLO7Er4BOAK_5deboa8responseNtB7_13DeboaResponse5bytes0B9_
FNDA:0,_RNCNvMs4_NtCslLO7Er4BOAK_5deboa8responseNtB7_13DeboaResponse7to_file0B9_
FNDA:0,_RNvMs4_NtCslLO7Er4BOAK_5deboa8responseNtB5_13DeboaResponse10into_innerB7_
FNDA:0,_RNvMs4_NtCslLO7Er4BOAK_5deboa8responseNtB5_13DeboaResponse4textB7_
FNDA:0,_RNvMs4_NtCslLO7Er4BOAK_5deboa8responseNtB5_13DeboaResponse5bytesB7_
FNDA:0,_RNvMs4_NtCslLO7Er4BOAK_5deboa8responseNtB5_13DeboaResponse6streamB7_
FNDA:0,_RNvMs4_NtCslLO7Er4BOAK_5deboa8responseNtB5_13DeboaResponse7to_fileB7_
FNDA:0,_RNvXs2_NtCslLO7Er4BOAK_5deboa8responseNtB5_13DeboaResponseINtNtCsgEmfK2I1SDS_4core7convert5AsRefBA_E6as_ref
FNDA:0,_RNvXs3_NtCslLO7Er4BOAK_5deboa8responseNtB5_13DeboaResponseINtNtCsgEmfK2I1SDS_4core7convert5AsMutBA_E6as_mut
FNDA:0,_RNvXs_NtCslLO7Er4BOAK_5deboa8responseINtNtCslNYArtu3iFV_5alloc3vec3VechENtB4_8IntoBody9into_bodyB6_
FNF:37
FNH:24
DA:119,5
DA:120,5
DA:121,5
DA:126,0
DA:127,0
DA:128,0
DA:147,2
DA:148,2
DA:149,2
DA:150,2
DA:151,2
DA:152,2
DA:165,9
DA:166,9
DA:167,9
DA:168,9
DA:169,9
DA:170,9
DA:183,2
DA:184,2
DA:185,2
DA:186,2
DA:187,2
DA:188,2
DA:202,5
DA:203,5
DA:204,5
DA:205,5
DA:206,5
DA:207,5
DA:208,5
DA:209,5
DA:210,5
DA:223,3
DA:224,3
DA:225,3
DA:226,3
DA:227,3
DA:228,3
DA:229,3
DA:238,1
DA:239,1
DA:240,1
DA:249,10
DA:250,10
DA:251,10
DA:320,1
DA:321,1
DA:322,1
DA:323,1
DA:324,1
DA:325,1
DA:326,1
DA:330,0
DA:331,0
DA:332,0
DA:336,0
DA:337,0
DA:338,0
DA:349,2
DA:350,2
DA:351,2
DA:355,11
DA:356,11
DA:357,11
DA:366,1
DA:367,1
DA:368,1
DA:376,1
DA:377,1
DA:378,1
DA:379,1
DA:388,2
DA:389,2
DA:390,2
DA:399,1
DA:400,1
DA:401,1
DA:402,1
DA:411,6
DA:412,6
DA:413,6
DA:422,1
DA:423,1
DA:424,1
DA:425,1
DA:444,2
DA:445,2
DA:446,2
DA:447,2
DA:448,2
DA:449,2
DA:450,0
DA:451,0
DA:452,2
DA:453,2
DA:454,2
DA:455,2
DA:456,0
DA:457,0
DA:458,0
DA:459,0
DA:460,2
DA:461,2
DA:462,2
DA:463,2
DA:464,2
DA:479,1
DA:480,1
DA:481,1
DA:482,1
DA:483,0
DA:484,0
DA:485,0
DA:486,0
DA:487,1
DA:489,1
DA:490,1
DA:505,1
DA:506,1
DA:507,1
DA:508,1
DA:522,1
DA:523,1
DA:524,1
DA:525,1
DA:526,1
DA:527,1
DA:528,1
DA:529,1
DA:530,1
DA:531,1
DA:533,0
DA:534,0
DA:536,1
DA:537,1
DA:538,1
DA:540,1
DA:541,0
DA:543,1
DA:545,1
DA:554,0
DA:555,0
DA:556,0
DA:565,2
DA:566,2
DA:567,2
DA:568,2
DA:577,0
DA:578,0
DA:579,0
DA:580,0
DA:595,1
DA:596,1
DA:597,1
DA:598,1
DA:599,1
DA:600,1
DA:628,0
DA:629,0
DA:630,0
DA:631,0
DA:632,0
DA:633,0
DA:634,0
DA:635,0
DA:658,0
DA:659,0
DA:660,0
DA:661,0
DA:689,0
DA:690,0
DA:691,0
DA:692,0
DA:693,0
DA:694,0
DA:695,0
DA:696,0
DA:697,0
DA:706,0
DA:707,0
DA:708,0
DA:709,0
DA:710,0
DA:711,0
DA:712,0
DA:713,0
DA:714,0
DA:715,0
DA:716,0
DA:719,0
DA:720,0
BRF:0
BRH:0
LF:197
LH:130
end_of_record
SF:/home/rogerio/Projetos/rust/deboa/deboa/src/url.rs
FN:48,_RNvXNtCslLO7Er4BOAK_5deboa3urlNtCsaVSqjBgojhe_3url3UrlNtB2_7IntoUrl8into_urlB4_
FN:62,_RNvXs0_NtCslLO7Er4BOAK_5deboa3urlQNtNtCslNYArtu3iFV_5alloc6string6StringNtB5_7IntoUrl8into_urlB7_
FN:69,_RNvXs1_NtCslLO7Er4BOAK_5deboa3urlRNtNtCslNYArtu3iFV_5alloc6string6StringNtB5_7IntoUrl8into_urlB7_
FN:76,_RNvXs2_NtCslLO7Er4BOAK_5deboa3urlNtNtCslNYArtu3iFV_5alloc6string6StringNtB5_7IntoUrl8into_urlB7_
FN:55,_RNvXs_NtCslLO7Er4BOAK_5deboa3urlReNtB4_7IntoUrl8into_urlB6_
FN:23,_RNvYNtNtCslNYArtu3iFV_5alloc6string6StringNtNtCslLO7Er4BOAK_5deboa3url7IntoUrl9parse_urlBI_
FN:23,_RNvYReNtNtCslLO7Er4BOAK_5deboa3url7IntoUrl9parse_urlB8_
FNDA:17,_RNvXNtCslLO7Er4BOAK_5deboa3urlNtCsaVSqjBgojhe_3url3UrlNtB2_7IntoUrl8into_urlB4_
FNDA:0,_RNvXs0_NtCslLO7Er4BOAK_5deboa3urlQNtNtCslNYArtu3iFV_5alloc6string6StringNtB5_7IntoUrl8into_urlB7_
FNDA:0,_RNvXs1_NtCslLO7Er4BOAK_5deboa3urlRNtNtCslNYArtu3iFV_5alloc6string6StringNtB5_7IntoUrl8into_urlB7_
FNDA:1,_RNvXs2_NtCslLO7Er4BOAK_5deboa3urlNtNtCslNYArtu3iFV_5alloc6string6StringNtB5_7IntoUrl8into_urlB7_
FNDA:4,_RNvXs_NtCslLO7Er4BOAK_5deboa3urlReNtB4_7IntoUrl8into_urlB6_
FNDA:1,_RNvYNtNtCslNYArtu3iFV_5alloc6string6StringNtNtCslLO7Er4BOAK_5deboa3url7IntoUrl9parse_urlBI_
FNDA:6,_RNvYReNtNtCslLO7Er4BOAK_5deboa3url7IntoUrl9parse_urlB8_
FNF:6
FNH:4
DA:23,7
DA:24,7
DA:25,7
DA:27,7
DA:28,7
DA:29,1
DA:30,1
DA:31,1
DA:32,6
DA:34,6
DA:36,6
DA:37,0
DA:38,0
DA:39,0
DA:40,6
DA:42,6
DA:43,7
DA:48,17
DA:49,17
DA:50,17
DA:55,4
DA:56,4
DA:57,4
DA:62,0
DA:63,0
DA:64,0
DA:69,0
DA:70,0
DA:71,0
DA:76,1
DA:77,1
DA:78,1
BRF:0
BRH:0
LF:32
LH:23
end_of_record
