SF:/home/rogerio/Projetos/rust/deboa/deboa/src/conn.rs
FN:90,_RNvMNtCs1O0LmnDMzj5_5deboa4connINtB2_23ConnectionConfigBuilderppE11certificateB4_
FN:108,_RNvMNtCs1O0LmnDMzj5_5deboa4connINtB2_23ConnectionConfigBuilderppE15prior_knowledgeB4_
FN:102,_RNvMNtCs1O0LmnDMzj5_5deboa4connINtB2_23ConnectionConfigBuilderppE16client_bind_addrB4_
FN:72,_RNvMNtCs1O0LmnDMzj5_5deboa4connINtB2_23ConnectionConfigBuilderppE16protocol_versionB4_
FN:78,_RNvMNtCs1O0LmnDMzj5_5deboa4connINtB2_23ConnectionConfigBuilderppE18connection_timeoutB4_
FN:96,_RNvMNtCs1O0LmnDMzj5_5deboa4connINtB2_23ConnectionConfigBuilderppE22skip_cert_verificationB4_
FN:36,_RNvMNtCs1O0LmnDMzj5_5deboa4connINtB2_23ConnectionConfigBuilderppE3newB4_
FN:60,_RNvMNtCs1O0LmnDMzj5_5deboa4connINtB2_23ConnectionConfigBuilderppE4hostB4_
FN:66,_RNvMNtCs1O0LmnDMzj5_5deboa4connINtB2_23ConnectionConfigBuilderppE4portB4_
FN:114,_RNvMNtCs1O0LmnDMzj5_5deboa4connINtB2_23ConnectionConfigBuilderppE5buildB4_
FN:54,_RNvMNtCs1O0LmnDMzj5_5deboa4connINtB2_23ConnectionConfigBuilderppE6schemeB4_
FN:84,_RNvMNtCs1O0LmnDMzj5_5deboa4connINtB2_23ConnectionConfigBuilderppE8identityB4_
FN:185,_RNvMs_NtCs1O0LmnDMzj5_5deboa4connINtB4_16ConnectionConfigppE11certificateB6_
FN:200,_RNvMs_NtCs1O0LmnDMzj5_5deboa4connINtB4_16ConnectionConfigppE15prior_knowledgeB6_
FN:195,_RNvMs_NtCs1O0LmnDMzj5_5deboa4connINtB4_16ConnectionConfigppE16client_bind_addrB6_
FN:170,_RNvMs_NtCs1O0LmnDMzj5_5deboa4connINtB4_16ConnectionConfigppE16protocol_versionB6_
FN:175,_RNvMs_NtCs1O0LmnDMzj5_5deboa4connINtB4_16ConnectionConfigppE18connection_timeoutB6_
FN:190,_RNvMs_NtCs1O0LmnDMzj5_5deboa4connINtB4_16ConnectionConfigppE22skip_cert_verificationB6_
FN:160,_RNvMs_NtCs1O0LmnDMzj5_5deboa4connINtB4_16ConnectionConfigppE4hostB6_
FN:165,_RNvMs_NtCs1O0LmnDMzj5_5deboa4connINtB4_16ConnectionConfigppE4portB6_
FN:155,_RNvMs_NtCs1O0LmnDMzj5_5deboa4connINtB4_16ConnectionConfigppE6schemeB6_
FN:150,_RNvMs_NtCs1O0LmnDMzj5_5deboa4connINtB4_16ConnectionConfigppE7builderB6_
FN:180,_RNvMs_NtCs1O0LmnDMzj5_5deboa4connINtB4_16ConnectionConfigppE8identityB6_
FNDA:0,_RNvMNtCs1O0LmnDMzj5_5deboa4connINtB2_23ConnectionConfigBuilderppE11certificateB4_
FNDA:0,_RNvMNtCs1O0LmnDMzj5_5deboa4connINtB2_23ConnectionConfigBuilderppE15prior_knowledgeB4_
FNDA:0,_RNvMNtCs1O0LmnDMzj5_5deboa4connINtB2_23ConnectionConfigBuilderppE16client_bind_addrB4_
FNDA:0,_RNvMNtCs1O0LmnDMzj5_5deboa4connINtB2_23ConnectionConfigBuilderppE16protocol_versionB4_
FNDA:0,_RNvMNtCs1O0LmnDMzj5_5deboa4connINtB2_23ConnectionConfigBuilderppE18connection_timeoutB4_
FNDA:0,_RNvMNtCs1O0LmnDMzj5_5deboa4connINtB2_23ConnectionConfigBuilderppE22skip_cert_verificationB4_
FNDA:0,_RNvMNtCs1O0LmnDMzj5_5deboa4connINtB2_23ConnectionConfigBuilderppE3newB4_
FNDA:0,_RNvMNtCs1O0LmnDMzj5_5deboa4connINtB2_23ConnectionConfigBuilderppE4hostB4_
FNDA:0,_RNvMNtCs1O0LmnDMzj5_5deboa4connINtB2_23ConnectionConfigBuilderppE4portB4_
FNDA:0,_RNvMNtCs1O0LmnDMzj5_5deboa4connINtB2_23ConnectionConfigBuilderppE5buildB4_
FNDA:0,_RNvMNtCs1O0LmnDMzj5_5deboa4connINtB2_23ConnectionConfigBuilderppE6schemeB4_
FNDA:0,_RNvMNtCs1O0LmnDMzj5_5deboa4connINtB2_23ConnectionConfigBuilderppE8identityB4_
FNDA:0,_RNvMs_NtCs1O0LmnDMzj5_5deboa4connINtB4_16ConnectionConfigppE11certificateB6_
FNDA:0,_RNvMs_NtCs1O0LmnDMzj5_5deboa4connINtB4_16ConnectionConfigppE15prior_knowledgeB6_
FNDA:0,_RNvMs_NtCs1O0LmnDMzj5_5deboa4connINtB4_16ConnectionConfigppE16client_bind_addrB6_
FNDA:0,_RNvMs_NtCs1O0LmnDMzj5_5deboa4connINtB4_16ConnectionConfigppE16protocol_versionB6_
FNDA:0,_RNvMs_NtCs1O0LmnDMzj5_5deboa4connINtB4_16ConnectionConfigppE18connection_timeoutB6_
FNDA:0,_RNvMs_NtCs1O0LmnDMzj5_5deboa4connINtB4_16ConnectionConfigppE22skip_cert_verificationB6_
FNDA:0,_RNvMs_NtCs1O0LmnDMzj5_5deboa4connINtB4_16ConnectionConfigppE4hostB6_
FNDA:0,_RNvMs_NtCs1O0LmnDMzj5_5deboa4connINtB4_16ConnectionConfigppE4portB6_
FNDA:0,_RNvMs_NtCs1O0LmnDMzj5_5deboa4connINtB4_16ConnectionConfigppE6schemeB6_
FNDA:0,_RNvMs_NtCs1O0LmnDMzj5_5deboa4connINtB4_16ConnectionConfigppE7builderB6_
FNDA:0,_RNvMs_NtCs1O0LmnDMzj5_5deboa4connINtB4_16ConnectionConfigppE8identityB6_
FNF:23
FNH:0
DA:36,0
DA:37,0
DA:38,0
DA:39,0
DA:40,0
DA:41,0
DA:42,0
DA:43,0
DA:44,0
DA:45,0
DA:46,0
DA:47,0
DA:48,0
DA:49,0
DA:50,0
DA:51,0
DA:54,0
DA:55,0
DA:56,0
DA:57,0
DA:60,0
DA:61,0
DA:62,0
DA:63,0
DA:66,0
DA:67,0
DA:68,0
DA:69,0
DA:72,0
DA:73,0
DA:74,0
DA:75,0
DA:78,0
DA:79,0
DA:80,0
DA:81,0
DA:84,0
DA:85,0
DA:86,0
DA:87,0
DA:90,0
DA:91,0
DA:92,0
DA:93,0
DA:96,0
DA:97,0
DA:98,0
DA:99,0
DA:102,0
DA:103,0
DA:104,0
DA:105,0
DA:108,0
DA:109,0
DA:110,0
DA:111,0
DA:114,0
DA:115,0
DA:116,0
DA:117,0
DA:118,0
DA:119,0
DA:120,0
DA:121,0
DA:122,0
DA:123,0
DA:124,0
DA:125,0
DA:126,0
DA:127,0
DA:150,0
DA:151,0
DA:152,0
DA:155,0
DA:156,0
DA:157,0
DA:160,0
DA:161,0
DA:162,0
DA:165,0
DA:166,0
DA:167,0
DA:170,0
DA:171,0
DA:172,0
DA:175,0
DA:176,0
DA:177,0
DA:180,0
DA:181,0
DA:182,0
DA:185,0
DA:186,0
DA:187,0
DA:190,0
DA:191,0
DA:192,0
DA:195,0
DA:196,0
DA:197,0
DA:200,0
DA:201,0
DA:202,0
BRF:0
BRH:0
LF:103
LH:0
end_of_record
SF:/home/rogerio/Projetos/rust/deboa/deboa/src/cookie.rs
FN:201,_RNvMNtCs1O0LmnDMzj5_5deboa6cookieNtB2_11DeboaCookie10set_domainB4_
FN:228,_RNvMNtCs1O0LmnDMzj5_5deboa6cookieNtB2_11DeboaCookie10set_secureB4_
FN:147,_RNvMNtCs1O0LmnDMzj5_5deboa6cookieNtB2_11DeboaCookie11set_expiresB4_
FN:255,_RNvMNtCs1O0LmnDMzj5_5deboa6cookieNtB2_11DeboaCookie13set_http_onlyB4_
FN:271,_RNvMNtCs1O0LmnDMzj5_5deboa6cookieNtB2_11DeboaCookie17parse_from_headerB4_
FN:91,_RNvMNtCs1O0LmnDMzj5_5deboa6cookieNtB2_11DeboaCookie3new
FN:110,_RNvMNtCs1O0LmnDMzj5_5deboa6cookieNtB2_11DeboaCookie4nameB4_
FN:159,_RNvMNtCs1O0LmnDMzj5_5deboa6cookieNtB2_11DeboaCookie4pathB4_
FN:121,_RNvMNtCs1O0LmnDMzj5_5deboa6cookieNtB2_11DeboaCookie5valueB4_
FN:186,_RNvMNtCs1O0LmnDMzj5_5deboa6cookieNtB2_11DeboaCookie6domainB4_
FN:213,_RNvMNtCs1O0LmnDMzj5_5deboa6cookieNtB2_11DeboaCookie6secureB4_
FN:132,_RNvMNtCs1O0LmnDMzj5_5deboa6cookieNtB2_11DeboaCookie7expiresB4_
FN:174,_RNvMNtCs1O0LmnDMzj5_5deboa6cookieNtB2_11DeboaCookie8set_pathB4_
FN:240,_RNvMNtCs1O0LmnDMzj5_5deboa6cookieNtB2_11DeboaCookie9http_onlyB4_
FN:288,_RNvXs0_NtCs1O0LmnDMzj5_5deboa6cookieNtB5_11DeboaCookieNtNtCsgEmfK2I1SDS_4core3fmt5Debug3fmt
FN:302,_RNvXs1_NtCs1O0LmnDMzj5_5deboa6cookieNtB5_11DeboaCookieINtNtCsgEmfK2I1SDS_4core7convert4FromNtCsiS743dOP7ri_6cookie6CookieE4from
FN:330,_RNvXs2_NtCs1O0LmnDMzj5_5deboa6cookieNtCsiS743dOP7ri_6cookie6CookieINtNtCsgEmfK2I1SDS_4core7convert4FromNtB5_11DeboaCookieE4from
FN:282,_RNvXs_NtCs1O0LmnDMzj5_5deboa6cookieNtB4_11DeboaCookieNtNtCsgEmfK2I1SDS_4core3fmt7Display3fmt
FNDA:2,_RNvMNtCs1O0LmnDMzj5_5deboa6cookieNtB2_11DeboaCookie10set_domainB4_
FNDA:2,_RNvMNtCs1O0LmnDMzj5_5deboa6cookieNtB2_11DeboaCookie10set_secureB4_
FNDA:2,_RNvMNtCs1O0LmnDMzj5_5deboa6cookieNtB2_11DeboaCookie11set_expiresB4_
FNDA:2,_RNvMNtCs1O0LmnDMzj5_5deboa6cookieNtB2_11DeboaCookie13set_http_onlyB4_
FNDA:5,_RNvMNtCs1O0LmnDMzj5_5deboa6cookieNtB2_11DeboaCookie17parse_from_headerB4_
FNDA:7,_RNvMNtCs1O0LmnDMzj5_5deboa6cookieNtB2_11DeboaCookie3new
FNDA:2,_RNvMNtCs1O0LmnDMzj5_5deboa6cookieNtB2_11DeboaCookie4nameB4_
FNDA:1,_RNvMNtCs1O0LmnDMzj5_5deboa6cookieNtB2_11DeboaCookie4pathB4_
FNDA:2,_RNvMNtCs1O0LmnDMzj5_5deboa6cookieNtB2_11DeboaCookie5valueB4_
FNDA:1,_RNvMNtCs1O0LmnDMzj5_5deboa6cookieNtB2_11DeboaCookie6domainB4_
FNDA:1,_RNvMNtCs1O0LmnDMzj5_5deboa6cookieNtB2_11DeboaCookie6secureB4_
FNDA:1,_RNvMNtCs1O0LmnDMzj5_5deboa6cookieNtB2_11DeboaCookie7expiresB4_
FNDA:2,_RNvMNtCs1O0LmnDMzj5_5deboa6cookieNtB2_11DeboaCookie8set_pathB4_
FNDA:1,_RNvMNtCs1O0LmnDMzj5_5deboa6cookieNtB2_11DeboaCookie9http_onlyB4_
FNDA:1,_RNvXs0_NtCs1O0LmnDMzj5_5deboa6cookieNtB5_11DeboaCookieNtNtCsgEmfK2I1SDS_4core3fmt5Debug3fmt
FNDA:5,_RNvXs1_NtCs1O0LmnDMzj5_5deboa6cookieNtB5_11DeboaCookieINtNtCsgEmfK2I1SDS_4core7convert4FromNtCsiS743dOP7ri_6cookie6CookieE4from
FNDA:1,_RNvXs2_NtCs1O0LmnDMzj5_5deboa6cookieNtCsiS743dOP7ri_6cookie6CookieINtNtCsgEmfK2I1SDS_4core7convert4FromNtB5_11DeboaCookieE4from
FNDA:1,_RNvXs_NtCs1O0LmnDMzj5_5deboa6cookieNtB4_11DeboaCookieNtNtCsgEmfK2I1SDS_4core3fmt7Display3fmt
FNF:18
FNH:18
DA:91,7
DA:92,7
DA:93,7
DA:94,7
DA:95,7
DA:96,7
DA:97,7
DA:98,7
DA:99,7
DA:100,7
DA:101,7
DA:110,2
DA:111,2
DA:112,2
DA:121,2
DA:122,2
DA:123,2
DA:132,1
DA:133,1
DA:134,1
DA:147,2
DA:148,2
DA:149,2
DA:150,2
DA:159,1
DA:160,1
DA:161,1
DA:174,2
DA:175,2
DA:176,2
DA:177,2
DA:186,1
DA:187,1
DA:188,1
DA:201,2
DA:202,2
DA:203,2
DA:204,2
DA:213,1
DA:214,1
DA:215,1
DA:228,2
DA:229,2
DA:230,2
DA:231,2
DA:240,1
DA:241,1
DA:242,1
DA:255,2
DA:256,2
DA:257,2
DA:258,2
DA:271,5
DA:272,5
DA:273,5
DA:274,5
DA:276,0
DA:278,5
DA:282,1
DA:283,1
DA:284,1
DA:288,1
DA:289,1
DA:290,1
DA:291,1
DA:292,1
DA:293,1
DA:294,1
DA:295,1
DA:296,1
DA:297,1
DA:298,1
DA:302,5
DA:303,5
DA:304,5
DA:305,0
DA:306,5
DA:308,5
DA:309,5
DA:310,0
DA:311,5
DA:313,5
DA:314,5
DA:315,5
DA:316,5
DA:317,5
DA:318,5
DA:319,5
DA:320,5
DA:321,5
DA:322,5
DA:323,5
DA:324,5
DA:325,5
DA:326,5
DA:330,1
DA:331,1
DA:332,1
DA:333,1
DA:334,1
DA:335,1
DA:336,1
DA:337,1
DA:338,1
DA:339,1
DA:340,1
DA:341,1
DA:342,1
DA:343,1
DA:344,1
DA:345,1
DA:346,1
DA:347,1
DA:348,1
BRF:0
BRH:0
LF:114
LH:111
end_of_record
SF:/home/rogerio/Projetos/rust/deboa/deboa/src/form.rs
FN:291,_RINvMs2_NtCs1O0LmnDMzj5_5deboa4formNtB6_13MultiPartForm4fileRRNtNtCsjrHSEGnQ3l9_3std4path4PathEB8_
FN:229,_RNCNvXs1_NtCs1O0LmnDMzj5_5deboa4formNtB7_11EncodedFormNtB7_9DeboaForm5build0B9_
FN:207,_RNvMs0_NtCs1O0LmnDMzj5_5deboa4formNtB5_11EncodedForm7builder
FN:274,_RNvMs2_NtCs1O0LmnDMzj5_5deboa4formNtB5_13MultiPartForm7builderB7_
FN:313,_RNvMs2_NtCs1O0LmnDMzj5_5deboa4formNtB5_13MultiPartForm8boundaryB7_
FN:160,_RNvXNtCs1O0LmnDMzj5_5deboa4formNtB2_4FormINtNtCsgEmfK2I1SDS_4core7convert4FromNtB2_11EncodedFormE4fromB4_
FN:214,_RNvXs1_NtCs1O0LmnDMzj5_5deboa4formNtB5_11EncodedFormNtB5_9DeboaForm12content_typeB7_
FN:226,_RNvXs1_NtCs1O0LmnDMzj5_5deboa4formNtB5_11EncodedFormNtB5_9DeboaForm5buildB7_
FN:219,_RNvXs1_NtCs1O0LmnDMzj5_5deboa4formNtB5_11EncodedFormNtB5_9DeboaForm5fieldB7_
FN:321,_RNvXs3_NtCs1O0LmnDMzj5_5deboa4formNtB5_13MultiPartFormNtB5_9DeboaForm12content_typeB7_
FN:332,_RNvXs3_NtCs1O0LmnDMzj5_5deboa4formNtB5_13MultiPartFormNtB5_9DeboaForm5build
FN:326,_RNvXs3_NtCs1O0LmnDMzj5_5deboa4formNtB5_13MultiPartFormNtB5_9DeboaForm5fieldB7_
FN:167,_RNvXs_NtCs1O0LmnDMzj5_5deboa4formNtB4_4FormINtNtCsgEmfK2I1SDS_4core7convert4FromNtB4_13MultiPartFormE4fromB6_
FNDA:1,_RINvMs2_NtCs1O0LmnDMzj5_5deboa4formNtB6_13MultiPartForm4fileRRNtNtCsjrHSEGnQ3l9_3std4path4PathEB8_
FNDA:4,_RNCNvXs1_NtCs1O0LmnDMzj5_5deboa4formNtB7_11EncodedFormNtB7_9DeboaForm5build0B9_
FNDA:3,_RNvMs0_NtCs1O0LmnDMzj5_5deboa4formNtB5_11EncodedForm7builder
FNDA:3,_RNvMs2_NtCs1O0LmnDMzj5_5deboa4formNtB5_13MultiPartForm7builderB7_
FNDA:3,_RNvMs2_NtCs1O0LmnDMzj5_5deboa4formNtB5_13MultiPartForm8boundaryB7_
FNDA:1,_RNvXNtCs1O0LmnDMzj5_5deboa4formNtB2_4FormINtNtCsgEmfK2I1SDS_4core7convert4FromNtB2_11EncodedFormE4fromB4_
FNDA:2,_RNvXs1_NtCs1O0LmnDMzj5_5deboa4formNtB5_11EncodedFormNtB5_9DeboaForm12content_typeB7_
FNDA:2,_RNvXs1_NtCs1O0LmnDMzj5_5deboa4formNtB5_11EncodedFormNtB5_9DeboaForm5buildB7_
FNDA:6,_RNvXs1_NtCs1O0LmnDMzj5_5deboa4formNtB5_11EncodedFormNtB5_9DeboaForm5fieldB7_
FNDA:1,_RNvXs3_NtCs1O0LmnDMzj5_5deboa4formNtB5_13MultiPartFormNtB5_9DeboaForm12content_typeB7_
FNDA:2,_RNvXs3_NtCs1O0LmnDMzj5_5deboa4formNtB5_13MultiPartFormNtB5_9DeboaForm5build
FNDA:6,_RNvXs3_NtCs1O0LmnDMzj5_5deboa4formNtB5_13MultiPartFormNtB5_9DeboaForm5fieldB7_
FNDA:0,_RNvXs_NtCs1O0LmnDMzj5_5deboa4formNtB4_4FormINtNtCsgEmfK2I1SDS_4core7convert4FromNtB4_13MultiPartFormE4fromB6_
FNF:13
FNH:12
DA:160,1
DA:161,1
DA:162,1
DA:167,0
DA:168,0
DA:169,0
DA:207,3
DA:208,3
DA:209,3
DA:214,2
DA:215,2
DA:216,2
DA:219,6
DA:220,6
DA:221,6
DA:222,6
DA:223,6
DA:226,2
DA:227,2
DA:228,2
DA:229,4
DA:230,2
DA:231,2
DA:232,2
DA:233,2
DA:234,2
DA:274,3
DA:275,3
DA:276,3
DA:277,3
DA:291,1
DA:292,1
DA:293,1
DA:295,1
DA:296,1
DA:297,1
DA:298,1
DA:299,1
DA:300,1
DA:301,1
DA:303,1
DA:304,1
DA:313,3
DA:314,3
DA:315,3
DA:316,3
DA:321,1
DA:322,1
DA:323,1
DA:326,6
DA:327,6
DA:328,6
DA:329,6
DA:330,6
DA:332,2
DA:333,2
DA:334,2
DA:335,2
DA:336,2
DA:337,2
DA:338,5
DA:339,5
DA:340,1
DA:341,1
DA:342,1
DA:343,1
DA:344,1
DA:345,1
DA:346,1
DA:347,1
DA:348,1
DA:349,1
DA:350,1
DA:351,1
DA:352,1
DA:353,1
DA:354,1
DA:355,1
DA:356,1
DA:357,1
DA:358,1
DA:359,1
DA:360,1
DA:361,1
DA:362,1
DA:363,1
DA:364,0
DA:365,4
DA:366,4
DA:367,4
DA:368,4
DA:369,4
DA:370,4
DA:371,4
DA:372,4
DA:373,4
DA:375,5
DA:376,5
DA:378,5
DA:379,5
DA:380,5
DA:381,5
DA:382,5
DA:383,5
DA:384,3
DA:385,3
DA:386,3
DA:387,2
DA:388,2
DA:391,2
DA:392,2
BRF:0
BRH:0
LF:112
LH:108
end_of_record
SF:/home/rogerio/Projetos/rust/deboa/deboa/src/lib.rs
FN:318,_RINvMs4_Cs1O0LmnDMzj5_5deboaINtB6_6ClientpE5chainppEB6_
FN:365,_RINvMs4_Cs1O0LmnDMzj5_5deboaINtB6_6ClientpE8chain_fnppEB6_
FN:466,_RINvXINICs1O0LmnDMzj5_5deboas9_0pEINtB6_6ClientpENtB6_10HttpClient7executepEB6_
FN:469,_RNCINvXINICs1O0LmnDMzj5_5deboas9_0pEINtB8_6ClientpENtB8_10HttpClient7executepE0B8_
FN:678,_RNCNvXINICs1O0LmnDMzj5_5deboasc_0ppppEINtB7_11InnerClientppppEINtCsegSs2SWvF7r_6tackle4HookNtNtB7_7request12DeboaRequestNtNtB7_8response13DeboaResponseE4call0B7_
FN:38,_RNvMCs1O0LmnDMzj5_5deboaNtB2_4Alpn3new
FN:200,_RNvMs3_Cs1O0LmnDMzj5_5deboaINtB5_13ClientBuilderppppE11certificateB5_
FN:234,_RNvMs3_Cs1O0LmnDMzj5_5deboaINtB5_13ClientBuilderppppE12dns_resolverB5_
FN:241,_RNvMs3_Cs1O0LmnDMzj5_5deboaINtB5_13ClientBuilderppppE15connection_poolB5_
FN:274,_RNvMs3_Cs1O0LmnDMzj5_5deboaINtB5_13ClientBuilderppppE15prior_knowledgeB5_
FN:188,_RNvMs3_Cs1O0LmnDMzj5_5deboaINtB5_13ClientBuilderppppE15request_timeoutB5_
FN:176,_RNvMs3_Cs1O0LmnDMzj5_5deboaINtB5_13ClientBuilderppppE18connection_timeoutB5_
FN:164,_RNvMs3_Cs1O0LmnDMzj5_5deboaINtB5_13ClientBuilderppppE22skip_cert_verificationB5_
FN:280,_RNvMs3_Cs1O0LmnDMzj5_5deboaINtB5_13ClientBuilderppppE5buildB5_
FN:257,_RNvMs3_Cs1O0LmnDMzj5_5deboaINtB5_13ClientBuilderppppE6protosB5_
FN:212,_RNvMs3_Cs1O0LmnDMzj5_5deboaINtB5_13ClientBuilderppppE8identityB5_
FN:223,_RNvMs3_Cs1O0LmnDMzj5_5deboaINtB5_13ClientBuilderppppE9bind_addrB5_
FN:304,_RNvMs4_Cs1O0LmnDMzj5_5deboaINtB5_6ClientpE3newB5_
FN:384,_RNvMs5_Cs1O0LmnDMzj5_5deboaINtB5_6ClientINtCsegSs2SWvF7r_6tackle6HookFnppEE7from_fnB5_
FN:406,_RNvMs6_Cs1O0LmnDMzj5_5deboaINtB5_6ClientINtB5_11InnerClientppppEE10from_innerB5_
FN:416,_RNvMs6_Cs1O0LmnDMzj5_5deboaINtB5_6ClientINtB5_11InnerClientppppEE7builderB5_
FN:607,_RNvMsa_Cs1O0LmnDMzj5_5deboaINtB5_11InnerClientppppE11certificateB5_
FN:586,_RNvMsa_Cs1O0LmnDMzj5_5deboaINtB5_11InnerClientppppE12dns_resolverB5_
FN:575,_RNvMsa_Cs1O0LmnDMzj5_5deboaINtB5_11InnerClientppppE15connection_poolB5_
FN:640,_RNvMsa_Cs1O0LmnDMzj5_5deboaINtB5_11InnerClientppppE15prior_knowledgeB5_
FN:564,_RNvMsa_Cs1O0LmnDMzj5_5deboaINtB5_11InnerClientppppE15request_timeoutB5_
FN:553,_RNvMsa_Cs1O0LmnDMzj5_5deboaINtB5_11InnerClientppppE18connection_timeoutB5_
FN:542,_RNvMsa_Cs1O0LmnDMzj5_5deboaINtB5_11InnerClientppppE22skip_cert_verificationB5_
FN:629,_RNvMsa_Cs1O0LmnDMzj5_5deboaINtB5_11InnerClientppppE6protosB5_
FN:618,_RNvMsa_Cs1O0LmnDMzj5_5deboaINtB5_11InnerClientppppE8identityB5_
FN:597,_RNvMsa_Cs1O0LmnDMzj5_5deboaINtB5_11InnerClientppppE9bind_addrB5_
FN:448,_RNvXINICs1O0LmnDMzj5_5deboas7_0pERINtB5_6ClientpEINtNtNtCsgEmfK2I1SDS_4core3ops3bit3ShlReE3shlB5_
FN:457,_RNvXINICs1O0LmnDMzj5_5deboas8_0pEINtB5_6ClientpENtNtCsgEmfK2I1SDS_4core7default7Default7defaultB5_
FN:652,_RNvXINICs1O0LmnDMzj5_5deboasb_0ppppEINtB5_11InnerClientppppENtNtCsgEmfK2I1SDS_4core7default7Default7defaultB5_
FN:678,_RNvXINICs1O0LmnDMzj5_5deboasc_0ppppEINtB5_11InnerClientppppEINtCsegSs2SWvF7r_6tackle4HookNtNtB5_7request12DeboaRequestNtNtB5_8response13DeboaResponseE4callB5_
FN:52,_RNvXs0_Cs1O0LmnDMzj5_5deboaRShINtNtCsgEmfK2I1SDS_4core7convert4FromNtB5_4AlpnE4from
FN:58,_RNvXs1_Cs1O0LmnDMzj5_5deboaNtNtCs1kLSPFWlSy3_4http7version7VersionINtNtCsgEmfK2I1SDS_4core7convert4FromNtB5_4AlpnE4from
FN:70,_RNvXs2_Cs1O0LmnDMzj5_5deboaNtB5_4AlpnINtNtCsgEmfK2I1SDS_4core7convert4FromNtNtCs1kLSPFWlSy3_4http7version7VersionE4from
FN:46,_RNvXs_Cs1O0LmnDMzj5_5deboaNtB4_4AlpnNtNtNtCsgEmfK2I1SDS_4core3ops5deref5Deref5deref
FNDA:0,_RINvMs4_Cs1O0LmnDMzj5_5deboaINtB6_6ClientpE5chainppEB6_
FNDA:0,_RINvMs4_Cs1O0LmnDMzj5_5deboaINtB6_6ClientpE8chain_fnppEB6_
FNDA:0,_RINvXINICs1O0LmnDMzj5_5deboas9_0pEINtB6_6ClientpENtB6_10HttpClient7executepEB6_
FNDA:0,_RNCINvXINICs1O0LmnDMzj5_5deboas9_0pEINtB8_6ClientpENtB8_10HttpClient7executepE0B8_
FNDA:0,_RNCNvXINICs1O0LmnDMzj5_5deboasc_0ppppEINtB7_11InnerClientppppEINtCsegSs2SWvF7r_6tackle4HookNtNtB7_7request12DeboaRequestNtNtB7_8response13DeboaResponseE4call0B7_
FNDA:0,_RNvMCs1O0LmnDMzj5_5deboaNtB2_4Alpn3new
FNDA:0,_RNvMs3_Cs1O0LmnDMzj5_5deboaINtB5_13ClientBuilderppppE11certificateB5_
FNDA:0,_RNvMs3_Cs1O0LmnDMzj5_5deboaINtB5_13ClientBuilderppppE12dns_resolverB5_
FNDA:0,_RNvMs3_Cs1O0LmnDMzj5_5deboaINtB5_13ClientBuilderppppE15connection_poolB5_
FNDA:0,_RNvMs3_Cs1O0LmnDMzj5_5deboaINtB5_13ClientBuilderppppE15prior_knowledgeB5_
FNDA:0,_RNvMs3_Cs1O0LmnDMzj5_5deboaINtB5_13ClientBuilderppppE15request_timeoutB5_
FNDA:0,_RNvMs3_Cs1O0LmnDMzj5_5deboaINtB5_13ClientBuilderppppE18connection_timeoutB5_
FNDA:0,_RNvMs3_Cs1O0LmnDMzj5_5deboaINtB5_13ClientBuilderppppE22skip_cert_verificationB5_
FNDA:0,_RNvMs3_Cs1O0LmnDMzj5_5deboaINtB5_13ClientBuilderppppE5buildB5_
FNDA:0,_RNvMs3_Cs1O0LmnDMzj5_5deboaINtB5_13ClientBuilderppppE6protosB5_
FNDA:0,_RNvMs3_Cs1O0LmnDMzj5_5deboaINtB5_13ClientBuilderppppE8identityB5_
FNDA:0,_RNvMs3_Cs1O0LmnDMzj5_5deboaINtB5_13ClientBuilderppppE9bind_addrB5_
FNDA:0,_RNvMs4_Cs1O0LmnDMzj5_5deboaINtB5_6ClientpE3newB5_
FNDA:0,_RNvMs5_Cs1O0LmnDMzj5_5deboaINtB5_6ClientINtCsegSs2SWvF7r_6tackle6HookFnppEE7from_fnB5_
FNDA:0,_RNvMs6_Cs1O0LmnDMzj5_5deboaINtB5_6ClientINtB5_11InnerClientppppEE10from_innerB5_
FNDA:0,_RNvMs6_Cs1O0LmnDMzj5_5deboaINtB5_6ClientINtB5_11InnerClientppppEE7builderB5_
FNDA:0,_RNvMsa_Cs1O0LmnDMzj5_5deboaINtB5_11InnerClientppppE11certificateB5_
FNDA:0,_RNvMsa_Cs1O0LmnDMzj5_5deboaINtB5_11InnerClientppppE12dns_resolverB5_
FNDA:0,_RNvMsa_Cs1O0LmnDMzj5_5deboaINtB5_11InnerClientppppE15connection_poolB5_
FNDA:0,_RNvMsa_Cs1O0LmnDMzj5_5deboaINtB5_11InnerClientppppE15prior_knowledgeB5_
FNDA:0,_RNvMsa_Cs1O0LmnDMzj5_5deboaINtB5_11InnerClientppppE15request_timeoutB5_
FNDA:0,_RNvMsa_Cs1O0LmnDMzj5_5deboaINtB5_11InnerClientppppE18connection_timeoutB5_
FNDA:0,_RNvMsa_Cs1O0LmnDMzj5_5deboaINtB5_11InnerClientppppE22skip_cert_verificationB5_
FNDA:0,_RNvMsa_Cs1O0LmnDMzj5_5deboaINtB5_11InnerClientppppE6protosB5_
FNDA:0,_RNvMsa_Cs1O0LmnDMzj5_5deboaINtB5_11InnerClientppppE8identityB5_
FNDA:0,_RNvMsa_Cs1O0LmnDMzj5_5deboaINtB5_11InnerClientppppE9bind_addrB5_
FNDA:0,_RNvXINICs1O0LmnDMzj5_5deboas7_0pERINtB5_6ClientpEINtNtNtCsgEmfK2I1SDS_4core3ops3bit3ShlReE3shlB5_
FNDA:0,_RNvXINICs1O0LmnDMzj5_5deboas8_0pEINtB5_6ClientpENtNtCsgEmfK2I1SDS_4core7default7Default7defaultB5_
FNDA:0,_RNvXINICs1O0LmnDMzj5_5deboasb_0ppppEINtB5_11InnerClientppppENtNtCsgEmfK2I1SDS_4core7default7Default7defaultB5_
FNDA:0,_RNvXINICs1O0LmnDMzj5_5deboasc_0ppppEINtB5_11InnerClientppppEINtCsegSs2SWvF7r_6tackle4HookNtNtB5_7request12DeboaRequestNtNtB5_8response13DeboaResponseE4callB5_
FNDA:0,_RNvXs0_Cs1O0LmnDMzj5_5deboaRShINtNtCsgEmfK2I1SDS_4core7convert4FromNtB5_4AlpnE4from
FNDA:0,_RNvXs1_Cs1O0LmnDMzj5_5deboaNtNtCs1kLSPFWlSy3_4http7version7VersionINtNtCsgEmfK2I1SDS_4core7convert4FromNtB5_4AlpnE4from
FNDA:0,_RNvXs2_Cs1O0LmnDMzj5_5deboaNtB5_4AlpnINtNtCsgEmfK2I1SDS_4core7convert4FromNtNtCs1kLSPFWlSy3_4http7version7VersionE4from
FNDA:0,_RNvXs_Cs1O0LmnDMzj5_5deboaNtB4_4AlpnNtNtNtCsgEmfK2I1SDS_4core3ops5deref5Deref5deref
FNF:39
FNH:0
DA:38,0
DA:39,0
DA:40,0
DA:46,0
DA:47,0
DA:48,0
DA:52,0
DA:53,0
DA:54,0
DA:58,0
DA:59,0
DA:60,0
DA:61,0
DA:62,0
DA:63,0
DA:64,0
DA:66,0
DA:70,0
DA:71,0
DA:72,0
DA:73,0
DA:74,0
DA:75,0
DA:77,0
DA:164,0
DA:165,0
DA:166,0
DA:167,0
DA:168,0
DA:176,0
DA:177,0
DA:178,0
DA:179,0
DA:180,0
DA:188,0
DA:189,0
DA:190,0
DA:191,0
DA:192,0
DA:200,0
DA:201,0
DA:202,0
DA:203,0
DA:204,0
DA:212,0
DA:213,0
DA:214,0
DA:215,0
DA:223,0
DA:224,0
DA:225,0
DA:226,0
DA:234,0
DA:235,0
DA:236,0
DA:237,0
DA:238,0
DA:241,0
DA:242,0
DA:243,0
DA:244,0
DA:257,0
DA:258,0
DA:259,0
DA:260,0
DA:274,0
DA:275,0
DA:276,0
DA:277,0
DA:280,0
DA:281,0
DA:282,0
DA:304,0
DA:305,0
DA:306,0
DA:318,0
DA:319,0
DA:320,0
DA:321,0
DA:323,0
DA:324,0
DA:365,0
DA:366,0
DA:367,0
DA:368,0
DA:370,0
DA:371,0
DA:384,0
DA:385,0
DA:386,0
DA:406,0
DA:407,0
DA:408,0
DA:416,0
DA:417,0
DA:418,0
DA:448,0
DA:449,0
DA:450,0
DA:457,0
DA:458,0
DA:459,0
DA:466,0
DA:467,0
DA:468,0
DA:469,0
DA:470,0
DA:471,0
DA:472,0
DA:473,0
DA:542,0
DA:543,0
DA:544,0
DA:553,0
DA:554,0
DA:555,0
DA:564,0
DA:565,0
DA:566,0
DA:575,0
DA:576,0
DA:577,0
DA:586,0
DA:587,0
DA:588,0
DA:597,0
DA:598,0
DA:599,0
DA:607,0
DA:608,0
DA:609,0
DA:618,0
DA:619,0
DA:620,0
DA:629,0
DA:630,0
DA:631,0
DA:640,0
DA:641,0
DA:642,0
DA:652,0
DA:653,0
DA:654,0
DA:655,0
DA:656,0
DA:657,0
DA:658,0
DA:659,0
DA:660,0
DA:661,0
DA:662,0
DA:663,0
DA:664,0
DA:665,0
DA:678,0
DA:679,0
DA:681,0
DA:682,0
DA:683,0
DA:685,0
DA:686,0
DA:687,0
DA:688,0
DA:691,0
DA:692,0
DA:693,0
DA:694,0
DA:697,0
DA:698,0
DA:699,0
DA:700,0
DA:701,0
DA:702,0
DA:703,0
DA:707,0
DA:708,0
DA:709,0
DA:710,0
DA:711,0
DA:712,0
DA:713,0
DA:714,0
DA:716,0
DA:717,0
DA:718,0
DA:720,0
DA:721,0
DA:722,0
DA:724,0
DA:725,0
DA:726,0
DA:727,0
DA:729,0
DA:730,0
DA:731,0
DA:733,0
DA:735,0
DA:736,0
DA:737,0
DA:739,0
DA:740,0
BRF:0
BRH:0
LF:202
LH:0
end_of_record
SF:/home/rogerio/Projetos/rust/deboa/deboa/src/request.rs
FN:651,_RINvMsa_NtCs1O0LmnDMzj5_5deboa7requestNtB6_19DeboaRequestBuilder7headersINtNtCslNYArtu3iFV_5alloc3vec3VecTNtNtB1d_6string6StringB1G_EEEB8_
FN:651,_RINvMsa_NtCs1O0LmnDMzj5_5deboa7requestNtB6_19DeboaRequestBuilder7headersINtNtCslNYArtu3iFV_5alloc3vec3VecTNtNtNtCs1kLSPFWlSy3_4http6header4name10HeaderNameNtNtB1d_6string6StringEEEB8_
FN:651,_RINvMsa_NtCs1O0LmnDMzj5_5deboa7requestNtB6_19DeboaRequestBuilder7headersINtNtCslNYArtu3iFV_5alloc3vec3VecTReB1G_EEEB8_
FN:1238,_RINvMsf_NtCs1O0LmnDMzj5_5deboa7requestNtB6_12DeboaRequest2atNtCsaVSqjBgojhe_3url3UrlEB8_
FN:1238,_RINvMsf_NtCs1O0LmnDMzj5_5deboa7requestNtB6_12DeboaRequest2atNtNtCslNYArtu3iFV_5alloc6string6StringEB8_
FN:1238,_RINvMsf_NtCs1O0LmnDMzj5_5deboa7requestNtB6_12DeboaRequest2atReEB8_
FN:1291,_RINvMsf_NtCs1O0LmnDMzj5_5deboa7requestNtB6_12DeboaRequest2toNtCsaVSqjBgojhe_3url3UrlEB8_
FN:1291,_RINvMsf_NtCs1O0LmnDMzj5_5deboa7requestNtB6_12DeboaRequest2toReEB8_
FN:1310,_RINvMsf_NtCs1O0LmnDMzj5_5deboa7requestNtB6_12DeboaRequest3getNtCsaVSqjBgojhe_3url3UrlEB8_
FN:1310,_RINvMsf_NtCs1O0LmnDMzj5_5deboa7requestNtB6_12DeboaRequest3getNtNtCslNYArtu3iFV_5alloc6string6StringEB8_
FN:1310,_RINvMsf_NtCs1O0LmnDMzj5_5deboa7requestNtB6_12DeboaRequest3getReEB8_
FN:1367,_RINvMsf_NtCs1O0LmnDMzj5_5deboa7requestNtB6_12DeboaRequest3putNtCsaVSqjBgojhe_3url3UrlEB8_
FN:1367,_RINvMsf_NtCs1O0LmnDMzj5_5deboa7requestNtB6_12DeboaRequest3putReEB8_
FN:1272,_RINvMsf_NtCs1O0LmnDMzj5_5deboa7requestNtB6_12DeboaRequest4fromNtCsaVSqjBgojhe_3url3UrlEB8_
FN:1272,_RINvMsf_NtCs1O0LmnDMzj5_5deboa7requestNtB6_12DeboaRequest4fromNtNtCslNYArtu3iFV_5alloc6string6StringEB8_
FN:1272,_RINvMsf_NtCs1O0LmnDMzj5_5deboa7requestNtB6_12DeboaRequest4fromReEB8_
FN:1329,_RINvMsf_NtCs1O0LmnDMzj5_5deboa7requestNtB6_12DeboaRequest4postNtCsaVSqjBgojhe_3url3UrlEB8_
FN:1329,_RINvMsf_NtCs1O0LmnDMzj5_5deboa7requestNtB6_12DeboaRequest4postReEB8_
FN:1386,_RINvMsf_NtCs1O0LmnDMzj5_5deboa7requestNtB6_12DeboaRequest5patchNtCsaVSqjBgojhe_3url3UrlEB8_
FN:1386,_RINvMsf_NtCs1O0LmnDMzj5_5deboa7requestNtB6_12DeboaRequest5patchReEB8_
FN:1348,_RINvMsf_NtCs1O0LmnDMzj5_5deboa7requestNtB6_12DeboaRequest5queryNtCsaVSqjBgojhe_3url3UrlEB8_
FN:1348,_RINvMsf_NtCs1O0LmnDMzj5_5deboa7requestNtB6_12DeboaRequest5queryReEB8_
FN:1405,_RINvMsf_NtCs1O0LmnDMzj5_5deboa7requestNtB6_12DeboaRequest6deleteNtCsaVSqjBgojhe_3url3UrlEB8_
FN:1405,_RINvMsf_NtCs1O0LmnDMzj5_5deboa7requestNtB6_12DeboaRequest6deleteReEB8_
FN:385,_RINvNtCs1O0LmnDMzj5_5deboa7request3getNtCsaVSqjBgojhe_3url3UrlEB4_
FN:474,_RINvNtCs1O0LmnDMzj5_5deboa7request3putNtCsaVSqjBgojhe_3url3UrlEB4_
FN:415,_RINvNtCs1O0LmnDMzj5_5deboa7request4postNtCsaVSqjBgojhe_3url3UrlEB4_
FN:530,_RINvNtCs1O0LmnDMzj5_5deboa7request5patchNtCsaVSqjBgojhe_3url3UrlEB4_
FN:445,_RINvNtCs1O0LmnDMzj5_5deboa7request5queryNtCsaVSqjBgojhe_3url3UrlEB4_
FN:501,_RINvNtCs1O0LmnDMzj5_5deboa7request6deleteNtCsaVSqjBgojhe_3url3UrlEB4_
FN:1244,_RNCINvMsf_NtCs1O0LmnDMzj5_5deboa7requestNtB8_12DeboaRequest2atNtCsaVSqjBgojhe_3url3UrlE0Ba_
FN:1252,_RNCINvMsf_NtCs1O0LmnDMzj5_5deboa7requestNtB8_12DeboaRequest2atNtCsaVSqjBgojhe_3url3UrlEs_0Ba_
FN:1244,_RNCINvMsf_NtCs1O0LmnDMzj5_5deboa7requestNtB8_12DeboaRequest2atNtNtCslNYArtu3iFV_5alloc6string6StringE0Ba_
FN:1252,_RNCINvMsf_NtCs1O0LmnDMzj5_5deboa7requestNtB8_12DeboaRequest2atNtNtCslNYArtu3iFV_5alloc6string6StringEs_0Ba_
FN:1244,_RNCINvMsf_NtCs1O0LmnDMzj5_5deboa7requestNtB8_12DeboaRequest2atReE0Ba_
FN:1252,_RNCINvMsf_NtCs1O0LmnDMzj5_5deboa7requestNtB8_12DeboaRequest2atReEs_0Ba_
FN:799,_RNCNvMsa_NtCs1O0LmnDMzj5_5deboa7requestNtB7_19DeboaRequestBuilder4form0B9_
FN:695,_RNCNvMsa_NtCs1O0LmnDMzj5_5deboa7requestNtB7_19DeboaRequestBuilder6header0B9_
FN:1116,_RNCNvXsc_NtCs1O0LmnDMzj5_5deboa7requestNtB7_12DeboaRequestNtNtNtCsgEmfK2I1SDS_4core3str6traits7FromStr8from_str0B9_
FN:1153,_RNCNvXsc_NtCs1O0LmnDMzj5_5deboa7requestNtB7_12DeboaRequestNtNtNtCsgEmfK2I1SDS_4core3str6traits7FromStr8from_strs0_0B9_
FN:1169,_RNCNvXsc_NtCs1O0LmnDMzj5_5deboa7requestNtB7_12DeboaRequestNtNtNtCsgEmfK2I1SDS_4core3str6traits7FromStr8from_strs1_0B9_
FN:1185,_RNCNvXsc_NtCs1O0LmnDMzj5_5deboa7requestNtB7_12DeboaRequestNtNtNtCsgEmfK2I1SDS_4core3str6traits7FromStr8from_strs2_0B9_
FN:1129,_RNCNvXsc_NtCs1O0LmnDMzj5_5deboa7requestNtB7_12DeboaRequestNtNtNtCsgEmfK2I1SDS_4core3str6traits7FromStr8from_strs_0B9_
FN:928,_RNvMsa_NtCs1O0LmnDMzj5_5deboa7requestNtB5_19DeboaRequestBuilder10basic_authB7_
FN:899,_RNvMsa_NtCs1O0LmnDMzj5_5deboa7requestNtB5_19DeboaRequestBuilder11bearer_authB7_
FN:633,_RNvMsa_NtCs1O0LmnDMzj5_5deboa7requestNtB5_19DeboaRequestBuilder4bodyB7_
FN:793,_RNvMsa_NtCs1O0LmnDMzj5_5deboa7requestNtB5_19DeboaRequestBuilder4formB7_
FN:833,_RNvMsa_NtCs1O0LmnDMzj5_5deboa7requestNtB5_19DeboaRequestBuilder4textB7_
FN:946,_RNvMsa_NtCs1O0LmnDMzj5_5deboa7requestNtB5_19DeboaRequestBuilder5buildB7_
FN:615,_RNvMsa_NtCs1O0LmnDMzj5_5deboa7requestNtB5_19DeboaRequestBuilder5bytesB7_
FN:689,_RNvMsa_NtCs1O0LmnDMzj5_5deboa7requestNtB5_19DeboaRequestBuilder6headerB7_
FN:580,_RNvMsa_NtCs1O0LmnDMzj5_5deboa7requestNtB5_19DeboaRequestBuilder6methodB7_
FN:597,_RNvMsa_NtCs1O0LmnDMzj5_5deboa7requestNtB5_19DeboaRequestBuilder7version
FN:1425,_RNvMsf_NtCs1O0LmnDMzj5_5deboa7requestNtB5_12DeboaRequest10from_partsB7_
FN:1437,_RNvMsf_NtCs1O0LmnDMzj5_5deboa7requestNtB5_12DeboaRequest10into_partsB7_
FN:1471,_RNvMsf_NtCs1O0LmnDMzj5_5deboa7requestNtB5_12DeboaRequest3uriB7_
FN:1530,_RNvMsf_NtCs1O0LmnDMzj5_5deboa7requestNtB5_12DeboaRequest4body
FN:1460,_RNvMsf_NtCs1O0LmnDMzj5_5deboa7requestNtB5_12DeboaRequest6methodB7_
FN:1482,_RNvMsf_NtCs1O0LmnDMzj5_5deboa7requestNtB5_12DeboaRequest7headersB7_
FN:1449,_RNvMsf_NtCs1O0LmnDMzj5_5deboa7requestNtB5_12DeboaRequest7versionB7_
FN:274,_RNvXs7_NtCs1O0LmnDMzj5_5deboa7requestReNtB5_9MethodExt6to_urlB7_
FN:261,_RNvXs7_NtCs1O0LmnDMzj5_5deboa7requestReNtB5_9MethodExt8from_urlB7_
FN:135,_RNvXs_NtCs1O0LmnDMzj5_5deboa7requestReNtB4_11IntoRequest12into_requestB6_
FN:1059,_RNvXsc_NtCs1O0LmnDMzj5_5deboa7requestNtB5_12DeboaRequestNtNtNtCsgEmfK2I1SDS_4core3str6traits7FromStr8from_str
FN:142,_RNvXs0_NtCs1O0LmnDMzj5_5deboa7requestNtNtCslNYArtu3iFV_5alloc6string6StringNtB5_11IntoRequest12into_requestB7_
FN:183,_RNvXs3_NtCs1O0LmnDMzj5_5deboa7requestINtNtCslNYArtu3iFV_5alloc3vec3VecTNtNtNtCs1kLSPFWlSy3_4http6header4name10HeaderNameNtNtBE_6string6StringEENtB5_11IntoHeaders12into_headersB7_
FN:194,_RNvXs4_NtCs1O0LmnDMzj5_5deboa7requestINtNtCslNYArtu3iFV_5alloc3vec3VecTNtNtBE_6string6StringB17_EENtB5_11IntoHeaders12into_headersB7_
FN:208,_RNvXs5_NtCs1O0LmnDMzj5_5deboa7requestINtNtCslNYArtu3iFV_5alloc3vec3VecTReB17_EENtB5_11IntoHeaders12into_headersB7_
FN:254,_RNvXs6_NtCs1O0LmnDMzj5_5deboa7requestNtNtCs1kLSPFWlSy3_4http6method6MethodNtB5_9MethodExt6to_url
FN:242,_RNvXs6_NtCs1O0LmnDMzj5_5deboa7requestNtNtCs1kLSPFWlSy3_4http6method6MethodNtB5_9MethodExt8from_url
FN:149,_RNvXs1_NtCs1O0LmnDMzj5_5deboa7requestNtCsaVSqjBgojhe_3url3UrlNtB5_11IntoRequest12into_requestB7_
FN:974,_RINvMsa_NtCs1O0LmnDMzj5_5deboa7requestNtB6_19DeboaRequestBuilder2gopEB8_
FN:868,_RINvMsa_NtCs1O0LmnDMzj5_5deboa7requestNtB6_19DeboaRequestBuilder7body_asppEB8_
FN:1010,_RINvMsa_NtCs1O0LmnDMzj5_5deboa7requestNtB6_19DeboaRequestBuilder9send_withpEB8_
FN:327,_RINvXs8_NtCs1O0LmnDMzj5_5deboa7requestReNtB6_9FetchWith10fetch_withppppEB8_
FN:345,_RINvXs9_NtCs1O0LmnDMzj5_5deboa7requestNtNtCslNYArtu3iFV_5alloc6string6StringNtB6_9FetchWith10fetch_withppppEB8_
FN:977,_RNCINvMsa_NtCs1O0LmnDMzj5_5deboa7requestNtB8_19DeboaRequestBuilder2gopE0Ba_
FN:1013,_RNCINvMsa_NtCs1O0LmnDMzj5_5deboa7requestNtB8_19DeboaRequestBuilder9send_withpE0Ba_
FN:336,_RNCINvXs8_NtCs1O0LmnDMzj5_5deboa7requestReNtB8_9FetchWith10fetch_withppppE0Ba_
FN:354,_RNCINvXs9_NtCs1O0LmnDMzj5_5deboa7requestNtNtCslNYArtu3iFV_5alloc6string6StringNtB8_9FetchWith10fetch_withppppE0Ba_
FN:747,_RNCNvMsa_NtCs1O0LmnDMzj5_5deboa7requestNtB7_19DeboaRequestBuilder6cookie0B9_
FN:758,_RNCNvMsa_NtCs1O0LmnDMzj5_5deboa7requestNtB7_19DeboaRequestBuilder6cookies0_0B9_
FN:751,_RNCNvMsa_NtCs1O0LmnDMzj5_5deboa7requestNtB7_19DeboaRequestBuilder6cookies_0B9_
FN:719,_RNCNvMsa_NtCs1O0LmnDMzj5_5deboa7requestNtB7_19DeboaRequestBuilder7cookies0B9_
FN:723,_RNCNvMsa_NtCs1O0LmnDMzj5_5deboa7requestNtB7_19DeboaRequestBuilder7cookiess_0B9_
FN:1509,_RNCNvMsf_NtCs1O0LmnDMzj5_5deboa7requestNtB7_12DeboaRequest7cookies0B9_
FN:739,_RNvMsa_NtCs1O0LmnDMzj5_5deboa7requestNtB5_19DeboaRequestBuilder6cookieB7_
FN:711,_RNvMsa_NtCs1O0LmnDMzj5_5deboa7requestNtB5_19DeboaRequestBuilder7cookiesB7_
FN:1493,_RNvMsf_NtCs1O0LmnDMzj5_5deboa7requestNtB5_12DeboaRequest11headers_mutB7_
FN:1505,_RNvMsf_NtCs1O0LmnDMzj5_5deboa7requestNtB5_12DeboaRequest7cookiesB7_
FN:128,_RNvXNtCs1O0LmnDMzj5_5deboa7requestNtB2_12DeboaRequestNtB2_11IntoRequest12into_requestB4_
FN:176,_RNvXs2_NtCs1O0LmnDMzj5_5deboa7requestNtNtNtCs1kLSPFWlSy3_4http6header3map9HeaderMapNtB5_11IntoHeaders12into_headersB7_
FN:1026,_RNvXsb_NtCs1O0LmnDMzj5_5deboa7requestNtB5_12DeboaRequestNtNtCsgEmfK2I1SDS_4core3fmt5Debug3fmt
FN:1197,_RNvXsd_NtCs1O0LmnDMzj5_5deboa7requestNtB5_12DeboaRequestINtNtCsgEmfK2I1SDS_4core7convert5AsRefBz_E6as_ref
FN:1203,_RNvXse_NtCs1O0LmnDMzj5_5deboa7requestNtB5_12DeboaRequestINtNtCsgEmfK2I1SDS_4core7convert5AsMutBz_E6as_mut
FNDA:1,_RINvMsa_NtCs1O0LmnDMzj5_5deboa7requestNtB6_19DeboaRequestBuilder7headersINtNtCslNYArtu3iFV_5alloc3vec3VecTNtNtB1d_6string6StringB1G_EEEB8_
FNDA:1,_RINvMsa_NtCs1O0LmnDMzj5_5deboa7requestNtB6_19DeboaRequestBuilder7headersINtNtCslNYArtu3iFV_5alloc3vec3VecTNtNtNtCs1kLSPFWlSy3_4http6header4name10HeaderNameNtNtB1d_6string6StringEEEB8_
FNDA:1,_RINvMsa_NtCs1O0LmnDMzj5_5deboa7requestNtB6_19DeboaRequestBuilder7headersINtNtCslNYArtu3iFV_5alloc3vec3VecTReB1G_EEEB8_
FNDA:27,_RINvMsf_NtCs1O0LmnDMzj5_5deboa7requestNtB6_12DeboaRequest2atNtCsaVSqjBgojhe_3url3UrlEB8_
FNDA:1,_RINvMsf_NtCs1O0LmnDMzj5_5deboa7requestNtB6_12DeboaRequest2atNtNtCslNYArtu3iFV_5alloc6string6StringEB8_
FNDA:15,_RINvMsf_NtCs1O0LmnDMzj5_5deboa7requestNtB6_12DeboaRequest2atReEB8_
FNDA:7,_RINvMsf_NtCs1O0LmnDMzj5_5deboa7requestNtB6_12DeboaRequest2toNtCsaVSqjBgojhe_3url3UrlEB8_
FNDA:10,_RINvMsf_NtCs1O0LmnDMzj5_5deboa7requestNtB6_12DeboaRequest2toReEB8_
FNDA:13,_RINvMsf_NtCs1O0LmnDMzj5_5deboa7requestNtB6_12DeboaRequest3getNtCsaVSqjBgojhe_3url3UrlEB8_
FNDA:1,_RINvMsf_NtCs1O0LmnDMzj5_5deboa7requestNtB6_12DeboaRequest3getNtNtCslNYArtu3iFV_5alloc6string6StringEB8_
FNDA:3,_RINvMsf_NtCs1O0LmnDMzj5_5deboa7requestNtB6_12DeboaRequest3getReEB8_
FNDA:2,_RINvMsf_NtCs1O0LmnDMzj5_5deboa7requestNtB6_12DeboaRequest3putNtCsaVSqjBgojhe_3url3UrlEB8_
FNDA:2,_RINvMsf_NtCs1O0LmnDMzj5_5deboa7requestNtB6_12DeboaRequest3putReEB8_
FNDA:20,_RINvMsf_NtCs1O0LmnDMzj5_5deboa7requestNtB6_12DeboaRequest4fromNtCsaVSqjBgojhe_3url3UrlEB8_
FNDA:1,_RINvMsf_NtCs1O0LmnDMzj5_5deboa7requestNtB6_12DeboaRequest4fromNtNtCslNYArtu3iFV_5alloc6string6StringEB8_
FNDA:5,_RINvMsf_NtCs1O0LmnDMzj5_5deboa7requestNtB6_12DeboaRequest4fromReEB8_
FNDA:1,_RINvMsf_NtCs1O0LmnDMzj5_5deboa7requestNtB6_12DeboaRequest4postNtCsaVSqjBgojhe_3url3UrlEB8_
FNDA:4,_RINvMsf_NtCs1O0LmnDMzj5_5deboa7requestNtB6_12DeboaRequest4postReEB8_
FNDA:2,_RINvMsf_NtCs1O0LmnDMzj5_5deboa7requestNtB6_12DeboaRequest5patchNtCsaVSqjBgojhe_3url3UrlEB8_
FNDA:2,_RINvMsf_NtCs1O0LmnDMzj5_5deboa7requestNtB6_12DeboaRequest5patchReEB8_
FNDA:2,_RINvMsf_NtCs1O0LmnDMzj5_5deboa7requestNtB6_12DeboaRequest5queryNtCsaVSqjBgojhe_3url3UrlEB8_
FNDA:2,_RINvMsf_NtCs1O0LmnDMzj5_5deboa7requestNtB6_12DeboaRequest5queryReEB8_
FNDA:7,_RINvMsf_NtCs1O0LmnDMzj5_5deboa7requestNtB6_12DeboaRequest6deleteNtCsaVSqjBgojhe_3url3UrlEB8_
FNDA:2,_RINvMsf_NtCs1O0LmnDMzj5_5deboa7requestNtB6_12DeboaRequest6deleteReEB8_
FNDA:1,_RINvNtCs1O0LmnDMzj5_5deboa7request3getNtCsaVSqjBgojhe_3url3UrlEB4_
FNDA:1,_RINvNtCs1O0LmnDMzj5_5deboa7request3putNtCsaVSqjBgojhe_3url3UrlEB4_
FNDA:1,_RINvNtCs1O0LmnDMzj5_5deboa7request4postNtCsaVSqjBgojhe_3url3UrlEB4_
FNDA:1,_RINvNtCs1O0LmnDMzj5_5deboa7request5patchNtCsaVSqjBgojhe_3url3UrlEB4_
FNDA:1,_RINvNtCs1O0LmnDMzj5_5deboa7request5queryNtCsaVSqjBgojhe_3url3UrlEB4_
FNDA:3,_RINvNtCs1O0LmnDMzj5_5deboa7request6deleteNtCsaVSqjBgojhe_3url3UrlEB4_
FNDA:0,_RNCINvMsf_NtCs1O0LmnDMzj5_5deboa7requestNtB8_12DeboaRequest2atNtCsaVSqjBgojhe_3url3UrlE0Ba_
FNDA:0,_RNCINvMsf_NtCs1O0LmnDMzj5_5deboa7requestNtB8_12DeboaRequest2atNtCsaVSqjBgojhe_3url3UrlEs_0Ba_
FNDA:0,_RNCINvMsf_NtCs1O0LmnDMzj5_5deboa7requestNtB8_12DeboaRequest2atNtNtCslNYArtu3iFV_5alloc6string6StringE0Ba_
FNDA:0,_RNCINvMsf_NtCs1O0LmnDMzj5_5deboa7requestNtB8_12DeboaRequest2atNtNtCslNYArtu3iFV_5alloc6string6StringEs_0Ba_
FNDA:0,_RNCINvMsf_NtCs1O0LmnDMzj5_5deboa7requestNtB8_12DeboaRequest2atReE0Ba_
FNDA:0,_RNCINvMsf_NtCs1O0LmnDMzj5_5deboa7requestNtB8_12DeboaRequest2atReEs_0Ba_
FNDA:0,_RNCNvMsa_NtCs1O0LmnDMzj5_5deboa7requestNtB7_19DeboaRequestBuilder4form0B9_
FNDA:0,_RNCNvMsa_NtCs1O0LmnDMzj5_5deboa7requestNtB7_19DeboaRequestBuilder6header0B9_
FNDA:0,_RNCNvXsc_NtCs1O0LmnDMzj5_5deboa7requestNtB7_12DeboaRequestNtNtNtCsgEmfK2I1SDS_4core3str6traits7FromStr8from_str0B9_
FNDA:0,_RNCNvXsc_NtCs1O0LmnDMzj5_5deboa7requestNtB7_12DeboaRequestNtNtNtCsgEmfK2I1SDS_4core3str6traits7FromStr8from_strs0_0B9_
FNDA:0,_RNCNvXsc_NtCs1O0LmnDMzj5_5deboa7requestNtB7_12DeboaRequestNtNtNtCsgEmfK2I1SDS_4core3str6traits7FromStr8from_strs1_0B9_
FNDA:0,_RNCNvXsc_NtCs1O0LmnDMzj5_5deboa7requestNtB7_12DeboaRequestNtNtNtCsgEmfK2I1SDS_4core3str6traits7FromStr8from_strs2_0B9_
FNDA:0,_RNCNvXsc_NtCs1O0LmnDMzj5_5deboa7requestNtB7_12DeboaRequestNtNtNtCsgEmfK2I1SDS_4core3str6traits7FromStr8from_strs_0B9_
FNDA:1,_RNvMsa_NtCs1O0LmnDMzj5_5deboa7requestNtB5_19DeboaRequestBuilder10basic_authB7_
FNDA:1,_RNvMsa_NtCs1O0LmnDMzj5_5deboa7requestNtB5_19DeboaRequestBuilder11bearer_authB7_
FNDA:1,_RNvMsa_NtCs1O0LmnDMzj5_5deboa7requestNtB5_19DeboaRequestBuilder4bodyB7_
FNDA:1,_RNvMsa_NtCs1O0LmnDMzj5_5deboa7requestNtB5_19DeboaRequestBuilder4formB7_
FNDA:1,_RNvMsa_NtCs1O0LmnDMzj5_5deboa7requestNtB5_19DeboaRequestBuilder4textB7_
FNDA:43,_RNvMsa_NtCs1O0LmnDMzj5_5deboa7requestNtB5_19DeboaRequestBuilder5buildB7_
FNDA:1,_RNvMsa_NtCs1O0LmnDMzj5_5deboa7requestNtB5_19DeboaRequestBuilder5bytesB7_
FNDA:4,_RNvMsa_NtCs1O0LmnDMzj5_5deboa7requestNtB5_19DeboaRequestBuilder6headerB7_
FNDA:43,_RNvMsa_NtCs1O0LmnDMzj5_5deboa7requestNtB5_19DeboaRequestBuilder6methodB7_
FNDA:1,_RNvMsa_NtCs1O0LmnDMzj5_5deboa7requestNtB5_19DeboaRequestBuilder7version
FNDA:1,_RNvMsf_NtCs1O0LmnDMzj5_5deboa7requestNtB5_12DeboaRequest10from_partsB7_
FNDA:1,_RNvMsf_NtCs1O0LmnDMzj5_5deboa7requestNtB5_12DeboaRequest10into_partsB7_
FNDA:22,_RNvMsf_NtCs1O0LmnDMzj5_5deboa7requestNtB5_12DeboaRequest3uriB7_
FNDA:4,_RNvMsf_NtCs1O0LmnDMzj5_5deboa7requestNtB5_12DeboaRequest4body
FNDA:25,_RNvMsf_NtCs1O0LmnDMzj5_5deboa7requestNtB5_12DeboaRequest6methodB7_
FNDA:8,_RNvMsf_NtCs1O0LmnDMzj5_5deboa7requestNtB5_12DeboaRequest7headersB7_
FNDA:2,_RNvMsf_NtCs1O0LmnDMzj5_5deboa7requestNtB5_12DeboaRequest7versionB7_
FNDA:1,_RNvXs7_NtCs1O0LmnDMzj5_5deboa7requestReNtB5_9MethodExt6to_urlB7_
FNDA:8,_RNvXs7_NtCs1O0LmnDMzj5_5deboa7requestReNtB5_9MethodExt8from_urlB7_
FNDA:1,_RNvXs_NtCs1O0LmnDMzj5_5deboa7requestReNtB4_11IntoRequest12into_requestB6_
FNDA:2,_RNvXsc_NtCs1O0LmnDMzj5_5deboa7requestNtB5_12DeboaRequestNtNtNtCsgEmfK2I1SDS_4core3str6traits7FromStr8from_str
FNDA:1,_RNvXs0_NtCs1O0LmnDMzj5_5deboa7requestNtNtCslNYArtu3iFV_5alloc6string6StringNtB5_11IntoRequest12into_requestB7_
FNDA:1,_RNvXs3_NtCs1O0LmnDMzj5_5deboa7requestINtNtCslNYArtu3iFV_5alloc3vec3VecTNtNtNtCs1kLSPFWlSy3_4http6header4name10HeaderNameNtNtBE_6string6StringEENtB5_11IntoHeaders12into_headersB7_
FNDA:1,_RNvXs4_NtCs1O0LmnDMzj5_5deboa7requestINtNtCslNYArtu3iFV_5alloc3vec3VecTNtNtBE_6string6StringB17_EENtB5_11IntoHeaders12into_headersB7_
FNDA:1,_RNvXs5_NtCs1O0LmnDMzj5_5deboa7requestINtNtCslNYArtu3iFV_5alloc3vec3VecTReB17_EENtB5_11IntoHeaders12into_headersB7_
FNDA:1,_RNvXs6_NtCs1O0LmnDMzj5_5deboa7requestNtNtCs1kLSPFWlSy3_4http6method6MethodNtB5_9MethodExt6to_url
FNDA:8,_RNvXs6_NtCs1O0LmnDMzj5_5deboa7requestNtNtCs1kLSPFWlSy3_4http6method6MethodNtB5_9MethodExt8from_url
FNDA:1,_RNvXs1_NtCs1O0LmnDMzj5_5deboa7requestNtCsaVSqjBgojhe_3url3UrlNtB5_11IntoRequest12into_requestB7_
FNDA:0,_RINvMsa_NtCs1O0LmnDMzj5_5deboa7requestNtB6_19DeboaRequestBuilder2gopEB8_
FNDA:0,_RINvMsa_NtCs1O0LmnDMzj5_5deboa7requestNtB6_19DeboaRequestBuilder7body_asppEB8_
FNDA:0,_RINvMsa_NtCs1O0LmnDMzj5_5deboa7requestNtB6_19DeboaRequestBuilder9send_withpEB8_
FNDA:0,_RINvXs8_NtCs1O0LmnDMzj5_5deboa7requestReNtB6_9FetchWith10fetch_withppppEB8_
FNDA:0,_RINvXs9_NtCs1O0LmnDMzj5_5deboa7requestNtNtCslNYArtu3iFV_5alloc6string6StringNtB6_9FetchWith10fetch_withppppEB8_
FNDA:0,_RNCINvMsa_NtCs1O0LmnDMzj5_5deboa7requestNtB8_19DeboaRequestBuilder2gopE0Ba_
FNDA:0,_RNCINvMsa_NtCs1O0LmnDMzj5_5deboa7requestNtB8_19DeboaRequestBuilder9send_withpE0Ba_
FNDA:0,_RNCINvXs8_NtCs1O0LmnDMzj5_5deboa7requestReNtB8_9FetchWith10fetch_withppppE0Ba_
FNDA:0,_RNCINvXs9_NtCs1O0LmnDMzj5_5deboa7requestNtNtCslNYArtu3iFV_5alloc6string6StringNtB8_9FetchWith10fetch_withppppE0Ba_
FNDA:0,_RNCNvMsa_NtCs1O0LmnDMzj5_5deboa7requestNtB7_19DeboaRequestBuilder6cookie0B9_
FNDA:0,_RNCNvMsa_NtCs1O0LmnDMzj5_5deboa7requestNtB7_19DeboaRequestBuilder6cookies0_0B9_
FNDA:0,_RNCNvMsa_NtCs1O0LmnDMzj5_5deboa7requestNtB7_19DeboaRequestBuilder6cookies_0B9_
FNDA:0,_RNCNvMsa_NtCs1O0LmnDMzj5_5deboa7requestNtB7_19DeboaRequestBuilder7cookies0B9_
FNDA:0,_RNCNvMsa_NtCs1O0LmnDMzj5_5deboa7requestNtB7_19DeboaRequestBuilder7cookiess_0B9_
FNDA:0,_RNCNvMsf_NtCs1O0LmnDMzj5_5deboa7requestNtB7_12DeboaRequest7cookies0B9_
FNDA:0,_RNvMsa_NtCs1O0LmnDMzj5_5deboa7requestNtB5_19DeboaRequestBuilder6cookieB7_
FNDA:0,_RNvMsa_NtCs1O0LmnDMzj5_5deboa7requestNtB5_19DeboaRequestBuilder7cookiesB7_
FNDA:0,_RNvMsf_NtCs1O0LmnDMzj5_5deboa7requestNtB5_12DeboaRequest11headers_mutB7_
FNDA:0,_RNvMsf_NtCs1O0LmnDMzj5_5deboa7requestNtB5_12DeboaRequest7cookiesB7_
FNDA:0,_RNvXNtCs1O0LmnDMzj5_5deboa7requestNtB2_12DeboaRequestNtB2_11IntoRequest12into_requestB4_
FNDA:0,_RNvXs2_NtCs1O0LmnDMzj5_5deboa7requestNtNtNtCs1kLSPFWlSy3_4http6header3map9HeaderMapNtB5_11IntoHeaders12into_headersB7_
FNDA:0,_RNvXsb_NtCs1O0LmnDMzj5_5deboa7requestNtB5_12DeboaRequestNtNtCsgEmfK2I1SDS_4core3fmt5Debug3fmt
FNDA:0,_RNvXsd_NtCs1O0LmnDMzj5_5deboa7requestNtB5_12DeboaRequestINtNtCsgEmfK2I1SDS_4core7convert5AsRefBz_E6as_ref
FNDA:0,_RNvXse_NtCs1O0LmnDMzj5_5deboa7requestNtB5_12DeboaRequestINtNtCsgEmfK2I1SDS_4core7convert5AsMutBz_E6as_mut
FNF:77
FNH:44
DA:128,0
DA:129,0
DA:130,0
DA:135,1
DA:136,1
DA:137,1
DA:142,1
DA:143,1
DA:144,1
DA:149,1
DA:150,1
DA:151,1
DA:176,0
DA:177,0
DA:178,0
DA:183,1
DA:184,1
DA:185,1
DA:186,1
DA:187,1
DA:188,1
DA:189,1
DA:194,1
DA:195,1
DA:196,1
DA:197,1
DA:198,1
DA:199,1
DA:200,1
DA:201,1
DA:202,1
DA:203,1
DA:208,1
DA:209,1
DA:210,1
DA:211,1
DA:212,1
DA:213,1
DA:214,1
DA:215,1
DA:216,1
DA:217,1
DA:242,8
DA:243,8
DA:244,1
DA:245,2
DA:246,1
DA:247,1
DA:248,1
DA:249,1
DA:250,1
DA:252,7
DA:254,1
DA:255,1
DA:256,1
DA:261,8
DA:262,8
DA:263,8
DA:264,7
DA:265,5
DA:266,4
DA:267,3
DA:268,2
DA:269,1
DA:271,7
DA:274,1
DA:275,1
DA:276,1
DA:327,0
DA:328,0
DA:329,0
DA:330,0
DA:331,0
DA:332,0
DA:333,0
DA:334,0
DA:335,0
DA:336,0
DA:337,0
DA:338,0
DA:339,0
DA:340,0
DA:345,0
DA:346,0
DA:347,0
DA:348,0
DA:349,0
DA:350,0
DA:351,0
DA:352,0
DA:353,0
DA:354,0
DA:355,0
DA:356,0
DA:357,0
DA:358,0
DA:385,1
DA:386,1
DA:387,1
DA:415,1
DA:416,1
DA:417,1
DA:445,1
DA:446,1
DA:447,1
DA:474,1
DA:475,1
DA:476,1
DA:501,3
DA:502,3
DA:503,3
DA:530,1
DA:531,1
DA:532,1
DA:580,43
DA:581,43
DA:582,43
DA:583,43
DA:584,43
DA:585,43
DA:597,1
DA:598,1
DA:599,1
DA:600,1
DA:601,1
DA:602,1
DA:615,1
DA:616,1
DA:617,1
DA:618,1
DA:619,1
DA:620,1
DA:633,1
DA:634,1
DA:635,1
DA:636,1
DA:637,1
DA:638,1
DA:651,3
DA:652,3
DA:653,3
DA:655,3
DA:656,3
DA:657,3
DA:658,3
DA:659,3
DA:660,3
DA:661,3
DA:689,4
DA:690,4
DA:691,4
DA:692,4
DA:693,4
DA:694,4
DA:695,4
DA:697,4
DA:698,4
DA:711,0
DA:712,0
DA:713,0
DA:714,0
DA:715,0
DA:716,0
DA:717,0
DA:718,0
DA:719,0
DA:720,0
DA:721,0
DA:723,0
DA:725,0
DA:726,0
DA:739,0
DA:740,0
DA:741,0
DA:742,0
DA:743,0
DA:745,0
DA:746,0
DA:747,0
DA:749,0
DA:750,0
DA:751,0
DA:753,0
DA:754,0
DA:755,0
DA:756,0
DA:757,0
DA:758,0
DA:761,0
DA:762,0
DA:793,1
DA:794,1
DA:795,1
DA:796,0
DA:798,1
DA:799,1
DA:800,1
DA:801,1
DA:802,1
DA:804,1
DA:805,1
DA:806,1
DA:807,1
DA:808,1
DA:833,1
DA:834,1
DA:835,1
DA:836,1
DA:837,1
DA:838,1
DA:868,0
DA:869,0
DA:870,0
DA:871,0
DA:872,0
DA:873,0
DA:899,1
DA:900,1
DA:901,1
DA:928,1
DA:929,1
DA:930,1
DA:931,1
DA:933,1
DA:946,43
DA:947,43
DA:948,43
DA:974,0
DA:975,0
DA:976,0
DA:977,0
DA:978,0
DA:979,0
DA:980,0
DA:981,0
DA:1010,0
DA:1011,0
DA:1012,0
DA:1013,0
DA:1014,0
DA:1015,0
DA:1016,0
DA:1017,0
DA:1026,0
DA:1027,0
DA:1028,0
DA:1029,0
DA:1030,0
DA:1031,0
DA:1032,0
DA:1033,0
DA:1034,0
DA:1059,2
DA:1060,2
DA:1062,2
DA:1063,2
DA:1064,2
DA:1065,2
DA:1066,2
DA:1068,2
DA:1069,2
DA:1070,2
DA:1071,0
DA:1072,0
DA:1073,2
DA:1075,7
DA:1076,7
DA:1077,7
DA:1078,7
DA:1079,7
DA:1080,7
DA:1081,7
DA:1082,7
DA:1083,2
DA:1084,2
DA:1085,0
DA:1086,0
DA:1087,0
DA:1088,0
DA:1089,2
DA:1090,2
DA:1091,2
DA:1092,0
DA:1093,0
DA:1094,0
DA:1095,0
DA:1096,2
DA:1097,2
DA:1098,2
DA:1099,2
DA:1100,2
DA:1101,2
DA:1102,2
DA:1103,2
DA:1104,2
DA:1105,2
DA:1106,5
DA:1108,5
DA:1109,5
DA:1110,1
DA:1111,1
DA:1112,1
DA:1113,1
DA:1114,1
DA:1116,1
DA:1117,0
DA:1118,0
DA:1119,0
DA:1120,0
DA:1121,0
DA:1123,1
DA:1124,1
DA:1125,1
DA:1126,1
DA:1127,1
DA:1129,1
DA:1130,0
DA:1131,0
DA:1132,0
DA:1133,0
DA:1134,0
DA:1136,1
DA:1137,1
DA:1138,4
DA:1139,0
DA:1141,4
DA:1142,1
DA:1143,1
DA:1144,3
DA:1146,3
DA:1147,0
DA:1148,3
DA:1151,2
DA:1152,2
DA:1153,2
DA:1154,0
DA:1155,0
DA:1156,0
DA:1158,2
DA:1159,2
DA:1160,2
DA:1162,2
DA:1163,2
DA:1164,2
DA:1165,0
DA:1167,2
DA:1168,2
DA:1169,2
DA:1170,0
DA:1171,0
DA:1172,0
DA:1174,2
DA:1175,2
DA:1176,2
DA:1177,2
DA:1179,2
DA:1180,2
DA:1181,2
DA:1183,2
DA:1184,2
DA:1185,2
DA:1186,0
DA:1187,0
DA:1188,0
DA:1189,0
DA:1190,0
DA:1192,2
DA:1193,2
DA:1197,0
DA:1198,0
DA:1199,0
DA:1203,0
DA:1204,0
DA:1205,0
DA:1238,43
DA:1239,43
DA:1241,43
DA:1242,43
DA:1243,43
DA:1244,43
DA:1246,43
DA:1247,43
DA:1248,43
DA:1249,43
DA:1250,43
DA:1251,43
DA:1252,43
DA:1254,43
DA:1255,43
DA:1272,26
DA:1273,26
DA:1274,26
DA:1291,17
DA:1292,17
DA:1293,17
DA:1310,17
DA:1311,17
DA:1312,17
DA:1329,5
DA:1330,5
DA:1331,5
DA:1348,4
DA:1349,4
DA:1350,4
DA:1367,4
DA:1368,4
DA:1369,4
DA:1386,4
DA:1387,4
DA:1388,4
DA:1405,9
DA:1406,9
DA:1407,9
DA:1425,1
DA:1426,1
DA:1427,1
DA:1428,1
DA:1437,1
DA:1438,1
DA:1439,1
DA:1440,1
DA:1449,2
DA:1450,2
DA:1451,2
DA:1460,25
DA:1461,25
DA:1462,25
DA:1471,22
DA:1472,22
DA:1473,22
DA:1482,8
DA:1483,8
DA:1484,8
DA:1493,0
DA:1494,0
DA:1495,0
DA:1496,0
DA:1505,0
DA:1506,0
DA:1507,0
DA:1508,0
DA:1509,0
DA:1511,0
DA:1512,0
DA:1513,0
DA:1514,0
DA:1515,0
DA:1516,0
DA:1517,0
DA:1519,0
DA:1520,0
DA:1521,0
DA:1522,0
DA:1530,4
DA:1531,4
DA:1532,4
BRF:0
BRH:0
LF:476
LH:297
end_of_record
SF:/home/rogerio/Projetos/rust/deboa/deboa/src/response.rs
FN:223,_RINvMs0_NtCs1O0LmnDMzj5_5deboa8responseNtB6_20DeboaResponseBuilder4bodyRShEB8_
FN:528,_RNCNvMs4_NtCs1O0LmnDMzj5_5deboa8responseNtB7_13DeboaResponse7cookies0B9_
FN:249,_RNvMs0_NtCs1O0LmnDMzj5_5deboa8responseNtB5_20DeboaResponseBuilder5buildB7_
FN:238,_RNvMs0_NtCs1O0LmnDMzj5_5deboa8responseNtB5_20DeboaResponseBuilder5emptyB7_
FN:202,_RNvMs0_NtCs1O0LmnDMzj5_5deboa8responseNtB5_20DeboaResponseBuilder6headerB7_
FN:165,_RNvMs0_NtCs1O0LmnDMzj5_5deboa8responseNtB5_20DeboaResponseBuilder6statusB7_
FN:183,_RNvMs0_NtCs1O0LmnDMzj5_5deboa8responseNtB5_20DeboaResponseBuilder7headersB7_
FN:147,_RNvMs0_NtCs1O0LmnDMzj5_5deboa8responseNtB5_20DeboaResponseBuilder7version
FN:565,_RNvMs4_NtCs1O0LmnDMzj5_5deboa8responseNtB5_13DeboaResponse10inner_bodyB7_
FN:595,_RNvMs4_NtCs1O0LmnDMzj5_5deboa8responseNtB5_13DeboaResponse10into_partsB7_
FN:399,_RNvMs4_NtCs1O0LmnDMzj5_5deboa8responseNtB5_13DeboaResponse10status_mutB7_
FN:422,_RNvMs4_NtCs1O0LmnDMzj5_5deboa8responseNtB5_13DeboaResponse11headers_mutB7_
FN:376,_RNvMs4_NtCs1O0LmnDMzj5_5deboa8responseNtB5_13DeboaResponse11version_mut
FN:505,_RNvMs4_NtCs1O0LmnDMzj5_5deboa8responseNtB5_13DeboaResponse12content_typeB7_
FN:444,_RNvMs4_NtCs1O0LmnDMzj5_5deboa8responseNtB5_13DeboaResponse12header_valueB7_
FN:479,_RNvMs4_NtCs1O0LmnDMzj5_5deboa8responseNtB5_13DeboaResponse14content_lengthB7_
FN:349,_RNvMs4_NtCs1O0LmnDMzj5_5deboa8responseNtB5_13DeboaResponse3new
FN:388,_RNvMs4_NtCs1O0LmnDMzj5_5deboa8responseNtB5_13DeboaResponse6statusB7_
FN:355,_RNvMs4_NtCs1O0LmnDMzj5_5deboa8responseNtB5_13DeboaResponse7builderB7_
FN:522,_RNvMs4_NtCs1O0LmnDMzj5_5deboa8responseNtB5_13DeboaResponse7cookiesB7_
FN:411,_RNvMs4_NtCs1O0LmnDMzj5_5deboa8responseNtB5_13DeboaResponse7headersB7_
FN:366,_RNvMs4_NtCs1O0LmnDMzj5_5deboa8responseNtB5_13DeboaResponse7versionB7_
FN:119,_RNvXNtCs1O0LmnDMzj5_5deboa8responseRShNtB2_8IntoBody9into_bodyB4_
FN:320,_RNvXs1_NtCs1O0LmnDMzj5_5deboa8responseNtB5_13DeboaResponseNtNtCsgEmfK2I1SDS_4core3fmt5Debug3fmt
FN:628,_RINvMs4_NtCs1O0LmnDMzj5_5deboa8responseNtB6_13DeboaResponse7body_asppEB8_
FN:631,_RNCINvMs4_NtCs1O0LmnDMzj5_5deboa8responseNtB8_13DeboaResponse7body_asppE0Ba_
FN:658,_RNCNvMs4_NtCs1O0LmnDMzj5_5deboa8responseNtB7_13DeboaResponse4text0B9_
FN:706,_RNCNvMs4_NtCs1O0LmnDMzj5_5deboa8responseNtB7_13DeboaResponse5bytes0B9_
FN:689,_RNCNvMs4_NtCs1O0LmnDMzj5_5deboa8responseNtB7_13DeboaResponse7to_file0B9_
FN:554,_RNvMs4_NtCs1O0LmnDMzj5_5deboa8responseNtB5_13DeboaResponse10into_innerB7_
FN:658,_RNvMs4_NtCs1O0LmnDMzj5_5deboa8responseNtB5_13DeboaResponse4textB7_
FN:706,_RNvMs4_NtCs1O0LmnDMzj5_5deboa8responseNtB5_13DeboaResponse5bytesB7_
FN:577,_RNvMs4_NtCs1O0LmnDMzj5_5deboa8responseNtB5_13DeboaResponse6streamB7_
FN:689,_RNvMs4_NtCs1O0LmnDMzj5_5deboa8responseNtB5_13DeboaResponse7to_fileB7_
FN:330,_RNvXs2_NtCs1O0LmnDMzj5_5deboa8responseNtB5_13DeboaResponseINtNtCsgEmfK2I1SDS_4core7convert5AsRefBA_E6as_ref
FN:336,_RNvXs3_NtCs1O0LmnDMzj5_5deboa8responseNtB5_13DeboaResponseINtNtCsgEmfK2I1SDS_4core7convert5AsMutBA_E6as_mut
FN:126,_RNvXs_NtCs1O0LmnDMzj5_5deboa8responseINtNtCslNYArtu3iFV_5alloc3vec3VechENtB4_8IntoBody9into_bodyB6_
FNDA:3,_RINvMs0_NtCs1O0LmnDMzj5_5deboa8responseNtB6_20DeboaResponseBuilder4bodyRShEB8_
FNDA:1,_RNCNvMs4_NtCs1O0LmnDMzj5_5deboa8responseNtB7_13DeboaResponse7cookies0B9_
FNDA:10,_RNvMs0_NtCs1O0LmnDMzj5_5deboa8responseNtB5_20DeboaResponseBuilder5buildB7_
FNDA:1,_RNvMs0_NtCs1O0LmnDMzj5_5deboa8responseNtB5_20DeboaResponseBuilder5emptyB7_
FNDA:5,_RNvMs0_NtCs1O0LmnDMzj5_5deboa8responseNtB5_20DeboaResponseBuilder6headerB7_
FNDA:9,_RNvMs0_NtCs1O0LmnDMzj5_5deboa8responseNtB5_20DeboaResponseBuilder6statusB7_
FNDA:2,_RNvMs0_NtCs1O0LmnDMzj5_5deboa8responseNtB5_20DeboaResponseBuilder7headersB7_
FNDA:2,_RNvMs0_NtCs1O0LmnDMzj5_5deboa8responseNtB5_20DeboaResponseBuilder7version
FNDA:2,_RNvMs4_NtCs1O0LmnDMzj5_5deboa8responseNtB5_13DeboaResponse10inner_bodyB7_
FNDA:1,_RNvMs4_NtCs1O0LmnDMzj5_5deboa8responseNtB5_13DeboaResponse10into_partsB7_
FNDA:1,_RNvMs4_NtCs1O0LmnDMzj5_5deboa8responseNtB5_13DeboaResponse10status_mutB7_
FNDA:1,_RNvMs4_NtCs1O0LmnDMzj5_5deboa8responseNtB5_13DeboaResponse11headers_mutB7_
FNDA:1,_RNvMs4_NtCs1O0LmnDMzj5_5deboa8responseNtB5_13DeboaResponse11version_mut
FNDA:1,_RNvMs4_NtCs1O0LmnDMzj5_5deboa8responseNtB5_13DeboaResponse12content_typeB7_
FNDA:2,_RNvMs4_NtCs1O0LmnDMzj5_5deboa8responseNtB5_13DeboaResponse12header_valueB7_
FNDA:1,_RNvMs4_NtCs1O0LmnDMzj5_5deboa8responseNtB5_13DeboaResponse14content_lengthB7_
FNDA:2,_RNvMs4_NtCs1O0LmnDMzj5_5deboa8responseNtB5_13DeboaResponse3new
FNDA:2,_RNvMs4_NtCs1O0LmnDMzj5_5deboa8responseNtB5_13DeboaResponse6statusB7_
FNDA:11,_RNvMs4_NtCs1O0LmnDMzj5_5deboa8responseNtB5_13DeboaResponse7builderB7_
FNDA:1,_RNvMs4_NtCs1O0LmnDMzj5_5deboa8responseNtB5_13DeboaResponse7cookiesB7_
FNDA:6,_RNvMs4_NtCs1O0LmnDMzj5_5deboa8responseNtB5_13DeboaResponse7headersB7_
FNDA:1,_RNvMs4_NtCs1O0LmnDMzj5_5deboa8responseNtB5_13DeboaResponse7versionB7_
FNDA:5,_RNvXNtCs1O0LmnDMzj5_5deboa8responseRShNtB2_8IntoBody9into_bodyB4_
FNDA:1,_RNvXs1_NtCs1O0LmnDMzj5_5deboa8responseNtB5_13DeboaResponseNtNtCsgEmfK2I1SDS_4core3fmt5Debug3fmt
FNDA:0,_RINvMs4_NtCs1O0LmnDMzj5_5deboa8responseNtB6_13DeboaResponse7body_asppEB8_
FNDA:0,_RNCINvMs4_NtCs1O0LmnDMzj5_5deboa8responseNtB8_13DeboaResponse7body_asppE0Ba_
FNDA:0,_RNCNvMs4_NtCs1O0LmnDMzj5_5deboa8responseNtB7_13DeboaResponse4text0B9_
FNDA:0,_RNCNvMs4_NtCs1O0LmnDMzj5_5deboa8responseNtB7_13DeboaResponse5bytes0B9_
FNDA:0,_RNCNvMs4_NtCs1O0LmnDMzj5_5deboa8responseNtB7_13DeboaResponse7to_file0B9_
FNDA:0,_RNvMs4_NtCs1O0LmnDMzj5_5deboa8responseNtB5_13DeboaResponse10into_innerB7_
FNDA:0,_RNvMs4_NtCs1O0LmnDMzj5_5deboa8responseNtB5_13DeboaResponse4textB7_
FNDA:0,_RNvMs4_NtCs1O0LmnDMzj5_5deboa8responseNtB5_13DeboaResponse5bytesB7_
FNDA:0,_RNvMs4_NtCs1O0LmnDMzj5_5deboa8responseNtB5_13DeboaResponse6streamB7_
FNDA:0,_RNvMs4_NtCs1O0LmnDMzj5_5deboa8responseNtB5_13DeboaResponse7to_fileB7_
FNDA:0,_RNvXs2_NtCs1O0LmnDMzj5_5deboa8responseNtB5_13DeboaResponseINtNtCsgEmfK2I1SDS_4core7convert5AsRefBA_E6as_ref
FNDA:0,_RNvXs3_NtCs1O0LmnDMzj5_5deboa8responseNtB5_13DeboaResponseINtNtCsgEmfK2I1SDS_4core7convert5AsMutBA_E6as_mut
FNDA:0,_RNvXs_NtCs1O0LmnDMzj5_5deboa8responseINtNtCslNYArtu3iFV_5alloc3vec3VechENtB4_8IntoBody9into_bodyB6_
FNF:37
FNH:24
DA:119,5
DA:120,5
DA:121,5
DA:126,0
DA:127,0
DA:128,0
DA:147,2
DA:148,2
DA:149,2
DA:150,2
DA:151,2
DA:152,2
DA:165,9
DA:166,9
DA:167,9
DA:168,9
DA:169,9
DA:170,9
DA:183,2
DA:184,2
DA:185,2
DA:186,2
DA:187,2
DA:188,2
DA:202,5
DA:203,5
DA:204,5
DA:205,5
DA:206,5
DA:207,5
DA:208,5
DA:209,5
DA:210,5
DA:223,3
DA:224,3
DA:225,3
DA:226,3
DA:227,3
DA:228,3
DA:229,3
DA:238,1
DA:239,1
DA:240,1
DA:249,10
DA:250,10
DA:251,10
DA:320,1
DA:321,1
DA:322,1
DA:323,1
DA:324,1
DA:325,1
DA:326,1
DA:330,0
DA:331,0
DA:332,0
DA:336,0
DA:337,0
DA:338,0
DA:349,2
DA:350,2
DA:351,2
DA:355,11
DA:356,11
DA:357,11
DA:366,1
DA:367,1
DA:368,1
DA:376,1
DA:377,1
DA:378,1
DA:379,1
DA:388,2
DA:389,2
DA:390,2
DA:399,1
DA:400,1
DA:401,1
DA:402,1
DA:411,6
DA:412,6
DA:413,6
DA:422,1
DA:423,1
DA:424,1
DA:425,1
DA:444,2
DA:445,2
DA:446,2
DA:447,2
DA:448,2
DA:449,2
DA:450,0
DA:451,0
DA:452,2
DA:453,2
DA:454,2
DA:455,2
DA:456,0
DA:457,0
DA:458,0
DA:459,0
DA:460,2
DA:461,2
DA:462,2
DA:463,2
DA:464,2
DA:479,1
DA:480,1
DA:481,1
DA:482,1
DA:483,0
DA:484,0
DA:485,0
DA:486,0
DA:487,1
DA:489,1
DA:490,1
DA:505,1
DA:506,1
DA:507,1
DA:508,1
DA:522,1
DA:523,1
DA:524,1
DA:525,1
DA:526,1
DA:527,1
DA:528,1
DA:529,1
DA:530,1
DA:531,1
DA:533,0
DA:534,0
DA:536,1
DA:537,1
DA:538,1
DA:540,1
DA:541,0
DA:543,1
DA:545,1
DA:554,0
DA:555,0
DA:556,0
DA:565,2
DA:566,2
DA:567,2
DA:568,2
DA:577,0
DA:578,0
DA:579,0
DA:580,0
DA:595,1
DA:596,1
DA:597,1
DA:598,1
DA:599,1
DA:600,1
DA:628,0
DA:629,0
DA:630,0
DA:631,0
DA:632,0
DA:633,0
DA:634,0
DA:635,0
DA:658,0
DA:659,0
DA:660,0
DA:661,0
DA:689,0
DA:690,0
DA:691,0
DA:692,0
DA:693,0
DA:694,0
DA:695,0
DA:696,0
DA:697,0
DA:706,0
DA:707,0
DA:708,0
DA:709,0
DA:710,0
DA:711,0
DA:712,0
DA:713,0
DA:714,0
DA:715,0
DA:716,0
DA:719,0
DA:720,0
BRF:0
BRH:0
LF:197
LH:130
end_of_record
SF:/home/rogerio/Projetos/rust/deboa/deboa/src/url.rs
FN:62,_RNvXs0_NtCs1O0LmnDMzj5_5deboa3urlQNtNtCslNYArtu3iFV_5alloc6string6StringNtB5_7IntoUrl8into_urlB7_
FN:69,_RNvXs1_NtCs1O0LmnDMzj5_5deboa3urlRNtNtCslNYArtu3iFV_5alloc6string6StringNtB5_7IntoUrl8into_urlB7_
FN:76,_RNvXs2_NtCs1O0LmnDMzj5_5deboa3urlNtNtCslNYArtu3iFV_5alloc6string6StringNtB5_7IntoUrl8into_urlB7_
FN:55,_RNvXs_NtCs1O0LmnDMzj5_5deboa3urlReNtB4_7IntoUrl8into_urlB6_
FN:23,_RNvYNtNtCslNYArtu3iFV_5alloc6string6StringNtNtCs1O0LmnDMzj5_5deboa3url7IntoUrl9parse_urlBI_
FN:23,_RNvYQNtNtCslNYArtu3iFV_5alloc6string6StringNtNtCs1O0LmnDMzj5_5deboa3url7IntoUrl9parse_urlBJ_
FN:23,_RNvYReNtNtCs1O0LmnDMzj5_5deboa3url7IntoUrl9parse_urlB8_
FN:48,_RNvXNtCs1O0LmnDMzj5_5deboa3urlNtCsaVSqjBgojhe_3url3UrlNtB2_7IntoUrl8into_urlB4_
FNDA:1,_RNvXs0_NtCs1O0LmnDMzj5_5deboa3urlQNtNtCslNYArtu3iFV_5alloc6string6StringNtB5_7IntoUrl8into_urlB7_
FNDA:1,_RNvXs1_NtCs1O0LmnDMzj5_5deboa3urlRNtNtCslNYArtu3iFV_5alloc6string6StringNtB5_7IntoUrl8into_urlB7_
FNDA:1,_RNvXs2_NtCs1O0LmnDMzj5_5deboa3urlNtNtCslNYArtu3iFV_5alloc6string6StringNtB5_7IntoUrl8into_urlB7_
FNDA:15,_RNvXs_NtCs1O0LmnDMzj5_5deboa3urlReNtB4_7IntoUrl8into_urlB6_
FNDA:2,_RNvYNtNtCslNYArtu3iFV_5alloc6string6StringNtNtCs1O0LmnDMzj5_5deboa3url7IntoUrl9parse_urlBI_
FNDA:1,_RNvYQNtNtCslNYArtu3iFV_5alloc6string6StringNtNtCs1O0LmnDMzj5_5deboa3url7IntoUrl9parse_urlBJ_
FNDA:17,_RNvYReNtNtCs1O0LmnDMzj5_5deboa3url7IntoUrl9parse_urlB8_
FNDA:27,_RNvXNtCs1O0LmnDMzj5_5deboa3urlNtCsaVSqjBgojhe_3url3UrlNtB2_7IntoUrl8into_urlB4_
FNF:6
FNH:6
DA:23,20
DA:24,20
DA:25,20
DA:27,20
DA:28,20
DA:29,1
DA:30,1
DA:31,1
DA:32,19
DA:34,19
DA:36,19
DA:37,0
DA:38,0
DA:39,0
DA:40,19
DA:42,19
DA:43,20
DA:48,27
DA:49,27
DA:50,27
DA:55,15
DA:56,15
DA:57,15
DA:62,1
DA:63,1
DA:64,1
DA:69,1
DA:70,1
DA:71,1
DA:76,1
DA:77,1
DA:78,1
BRF:0
BRH:0
LF:32
LH:29
end_of_record
